-- Found ament_cmake: 1.3.11 (/opt/ros/humble/share/ament_cmake/cmake)
-- Override CMake install command with custom implementation using symlinks instead of copying resources
-- Found ament_lint_auto: 0.12.12 (/opt/ros/humble/share/ament_lint_auto/cmake)
-- Added test 'copyright' to check source files copyright and LICENSE
-- Added test 'flake8' to check Python code syntax and style conventions
-- Added test 'lint_cmake' to check CMake code style
-- Added test 'pep257' to check Python code against some of the docstring style conventions in PEP 257
-- Added test 'xmllint' to check XML markup files
-- Configuring done
-- Generating done
-- Build files have been written to: /home/rover/osr_ws/build/osr_bringup
-- Install configuration: ""
-- Execute custom install script
-- Symlinking: /home/rover/osr_ws/install/osr_bringup/share/osr_bringup/launch/.gitignore
-- Symlinking: /home/rover/osr_ws/install/osr_bringup/share/osr_bringup/launch/osr_launch.py
-- Symlinking: /home/rover/osr_ws/install/osr_bringup/share/osr_bringup/config/osr_params.yaml
-- Symlinking: /home/rover/osr_ws/install/osr_bringup/share/osr_bringup/config/roboclaw_params.yaml
-- Symlinking: /home/rover/osr_ws/install/osr_bringup/share/ament_index/resource_index/package_run_dependencies/osr_bringup
-- Symlinking: /home/rover/osr_ws/install/osr_bringup/share/ament_index/resource_index/parent_prefix_path/osr_bringup
-- Symlinking: /home/rover/osr_ws/install/osr_bringup/share/osr_bringup/environment/ament_prefix_path.sh
-- Symlinking: /home/rover/osr_ws/install/osr_bringup/share/osr_bringup/environment/ament_prefix_path.dsv
-- Symlinking: /home/rover/osr_ws/install/osr_bringup/share/osr_bringup/environment/path.sh
-- Symlinking: /home/rover/osr_ws/install/osr_bringup/share/osr_bringup/environment/path.dsv
-- Symlinking: /home/rover/osr_ws/install/osr_bringup/share/osr_bringup/local_setup.bash
-- Symlinking: /home/rover/osr_ws/install/osr_bringup/share/osr_bringup/local_setup.sh
-- Symlinking: /home/rover/osr_ws/install/osr_bringup/share/osr_bringup/local_setup.zsh
-- Symlinking: /home/rover/osr_ws/install/osr_bringup/share/osr_bringup/local_setup.dsv
-- Symlinking: /home/rover/osr_ws/install/osr_bringup/share/osr_bringup/package.dsv
-- Symlinking: /home/rover/osr_ws/install/osr_bringup/share/ament_index/resource_index/packages/osr_bringup
-- Symlinking: /home/rover/osr_ws/install/osr_bringup/share/osr_bringup/cmake/osr_bringupConfig.cmake
-- Symlinking: /home/rover/osr_ws/install/osr_bringup/share/osr_bringup/cmake/osr_bringupConfig-version.cmake
-- Symlinking: /home/rover/osr_ws/install/osr_bringup/share/osr_bringup/package.xml
