[0.049s] Invoking command in '/home/rover/osr_ws/build/osr_bringup': CMAKE_PREFIX_PATH=/opt/ros/humble PS1=(venv) \[\e]0;\u@\h: \w\a\]${debian_chroot:+($debian_chroot)}\[\033[01;32m\]\u@\h\[\033[00m\]:\[\033[01;34m\]\w\[\033[00m\]\$ /usr/bin/cmake /home/rover/osr_ws/src/osr-rover-code/ROS/osr_bringup -DAMENT_CMAKE_SYMLINK_INSTALL=1 -DCMAKE_INSTALL_PREFIX=/home/rover/osr_ws/install/osr_bringup
[0.090s] -- Found ament_cmake: 1.3.11 (/opt/ros/humble/share/ament_cmake/cmake)
[0.718s] -- Override CMake install command with custom implementation using symlinks instead of copying resources
[0.750s] -- Found ament_lint_auto: 0.12.12 (/opt/ros/humble/share/ament_lint_auto/cmake)
[1.342s] -- Added test 'copyright' to check source files copyright and LICENSE
[1.359s] -- Added test 'flake8' to check Python code syntax and style conventions
[1.363s] -- Added test 'lint_cmake' to check CMake code style
[1.367s] -- Added test 'pep257' to check Python code against some of the docstring style conventions in PEP 257
[1.376s] -- Added test 'xmllint' to check XML markup files
[1.387s] -- Configuring done
[1.408s] -- Generating done
[1.416s] -- Build files have been written to: /home/rover/osr_ws/build/osr_bringup
[1.426s] Invoked command in '/home/rover/osr_ws/build/osr_bringup' returned '0': CMAKE_PREFIX_PATH=/opt/ros/humble PS1=(venv) \[\e]0;\u@\h: \w\a\]${debian_chroot:+($debian_chroot)}\[\033[01;32m\]\u@\h\[\033[00m\]:\[\033[01;34m\]\w\[\033[00m\]\$ /usr/bin/cmake /home/rover/osr_ws/src/osr-rover-code/ROS/osr_bringup -DAMENT_CMAKE_SYMLINK_INSTALL=1 -DCMAKE_INSTALL_PREFIX=/home/rover/osr_ws/install/osr_bringup
[1.435s] Invoking command in '/home/rover/osr_ws/build/osr_bringup': CMAKE_PREFIX_PATH=/opt/ros/humble PS1=(venv) \[\e]0;\u@\h: \w\a\]${debian_chroot:+($debian_chroot)}\[\033[01;32m\]\u@\h\[\033[00m\]:\[\033[01;34m\]\w\[\033[00m\]\$ /usr/bin/cmake --build /home/rover/osr_ws/build/osr_bringup -- -j4 -l4
[1.582s] Invoked command in '/home/rover/osr_ws/build/osr_bringup' returned '0': CMAKE_PREFIX_PATH=/opt/ros/humble PS1=(venv) \[\e]0;\u@\h: \w\a\]${debian_chroot:+($debian_chroot)}\[\033[01;32m\]\u@\h\[\033[00m\]:\[\033[01;34m\]\w\[\033[00m\]\$ /usr/bin/cmake --build /home/rover/osr_ws/build/osr_bringup -- -j4 -l4
[1.629s] Invoking command in '/home/rover/osr_ws/build/osr_bringup': CMAKE_PREFIX_PATH=/opt/ros/humble PS1=(venv) \[\e]0;\u@\h: \w\a\]${debian_chroot:+($debian_chroot)}\[\033[01;32m\]\u@\h\[\033[00m\]:\[\033[01;34m\]\w\[\033[00m\]\$ /usr/bin/cmake --install /home/rover/osr_ws/build/osr_bringup
[1.656s] -- Install configuration: ""
[1.657s] -- Execute custom install script
[1.660s] -- Symlinking: /home/rover/osr_ws/install/osr_bringup/share/osr_bringup/launch/.gitignore
[1.690s] -- Symlinking: /home/rover/osr_ws/install/osr_bringup/share/osr_bringup/launch/osr_launch.py
[1.721s] -- Symlinking: /home/rover/osr_ws/install/osr_bringup/share/osr_bringup/config/osr_params.yaml
[1.752s] -- Symlinking: /home/rover/osr_ws/install/osr_bringup/share/osr_bringup/config/roboclaw_params.yaml
[1.781s] -- Symlinking: /home/rover/osr_ws/install/osr_bringup/share/ament_index/resource_index/package_run_dependencies/osr_bringup
[1.813s] -- Symlinking: /home/rover/osr_ws/install/osr_bringup/share/ament_index/resource_index/parent_prefix_path/osr_bringup
[1.843s] -- Symlinking: /home/rover/osr_ws/install/osr_bringup/share/osr_bringup/environment/ament_prefix_path.sh
[1.873s] -- Symlinking: /home/rover/osr_ws/install/osr_bringup/share/osr_bringup/environment/ament_prefix_path.dsv
[1.902s] -- Symlinking: /home/rover/osr_ws/install/osr_bringup/share/osr_bringup/environment/path.sh
[1.932s] -- Symlinking: /home/rover/osr_ws/install/osr_bringup/share/osr_bringup/environment/path.dsv
[1.961s] -- Symlinking: /home/rover/osr_ws/install/osr_bringup/share/osr_bringup/local_setup.bash
[1.991s] -- Symlinking: /home/rover/osr_ws/install/osr_bringup/share/osr_bringup/local_setup.sh
[2.020s] -- Symlinking: /home/rover/osr_ws/install/osr_bringup/share/osr_bringup/local_setup.zsh
[2.051s] -- Symlinking: /home/rover/osr_ws/install/osr_bringup/share/osr_bringup/local_setup.dsv
[2.081s] -- Symlinking: /home/rover/osr_ws/install/osr_bringup/share/osr_bringup/package.dsv
[2.111s] -- Symlinking: /home/rover/osr_ws/install/osr_bringup/share/ament_index/resource_index/packages/osr_bringup
[2.141s] -- Symlinking: /home/rover/osr_ws/install/osr_bringup/share/osr_bringup/cmake/osr_bringupConfig.cmake
[2.172s] -- Symlinking: /home/rover/osr_ws/install/osr_bringup/share/osr_bringup/cmake/osr_bringupConfig-version.cmake
[2.201s] -- Symlinking: /home/rover/osr_ws/install/osr_bringup/share/osr_bringup/package.xml
