[0.052s] Invoking command in '/home/rover/osr_ws/build/osr_bringup': CMAKE_PREFIX_PATH=/opt/ros/humble PS1=(venv) \[\e]0;\u@\h: \w\a\]${debian_chroot:+($debian_chroot)}\[\033[01;32m\]\u@\h\[\033[00m\]:\[\033[01;34m\]\w\[\033[00m\]\$ /usr/bin/cmake /home/rover/osr_ws/src/osr-rover-code/ROS/osr_bringup -DAMENT_CMAKE_SYMLINK_INSTALL=1 -DCMAKE_INSTALL_PREFIX=/home/rover/osr_ws/install/osr_bringup
[1.140s] -- The C compiler identification is GNU 11.4.0
[1.894s] -- The CXX compiler identification is GNU 11.4.0
[1.939s] -- Detecting C compiler ABI info
[2.314s] -- Detecting C compiler ABI info - done
[2.340s] -- Check for working C compiler: /usr/bin/cc - skipped
[2.341s] -- Detecting C compile features
[2.345s] -- Detecting C compile features - done
[2.359s] -- Detecting CXX compiler ABI info
[2.734s] -- Detecting CXX compiler ABI info - done
[2.761s] -- Check for working CXX compiler: /usr/bin/c++ - skipped
[2.762s] -- Detecting CXX compile features
[2.764s] -- Detecting CXX compile features - done
[2.799s] -- Found ament_cmake: 1.3.11 (/opt/ros/humble/share/ament_cmake/cmake)
[3.698s] -- Found Python3: /home/rover/osr_ws/venv/bin/python3 (found version "3.10.12") found components: Interpreter 
[4.026s] -- Override CMake install command with custom implementation using symlinks instead of copying resources
[4.282s] -- Found ament_lint_auto: 0.12.12 (/opt/ros/humble/share/ament_lint_auto/cmake)
[4.388s] Traceback (most recent call last):
[4.389s]   File "/opt/ros/humble/share/ament_cmake_core/cmake/core/package_xml_2_cmake.py", line 22, in <module>
[4.390s]     from catkin_pkg.package import parse_package_string
[4.391s] ModuleNotFoundError: No module named 'catkin_pkg'
[4.411s] [31mCMake Error at /opt/ros/humble/share/ament_cmake_core/cmake/core/ament_package_xml.cmake:95 (message):
[4.411s]   execute_process(/home/rover/osr_ws/venv/bin/python3
[4.412s]   /opt/ros/humble/share/ament_cmake_core/cmake/core/package_xml_2_cmake.py
[4.412s]   /home/rover/osr_ws/src/osr-rover-code/ROS/osr_bringup/package.xml
[4.412s]   /home/rover/osr_ws/build/osr_bringup/ament_cmake_core/package.cmake)
[4.413s]   returned error code 1
[4.413s] Call Stack (most recent call first):
[4.413s]   /opt/ros/humble/share/ament_cmake_core/cmake/core/ament_package_xml.cmake:49 (_ament_package_xml)
[4.414s]   /opt/ros/humble/share/ament_lint_auto/cmake/ament_lint_auto_find_test_dependencies.cmake:31 (ament_package_xml)
[4.414s]   CMakeLists.txt:28 (ament_lint_auto_find_test_dependencies)
[4.414s] 
[4.414s] [0m
[4.415s] -- Configuring incomplete, errors occurred!
[4.415s] See also "/home/rover/osr_ws/build/osr_bringup/CMakeFiles/CMakeOutput.log".
[4.427s] Invoked command in '/home/rover/osr_ws/build/osr_bringup' returned '1': CMAKE_PREFIX_PATH=/opt/ros/humble PS1=(venv) \[\e]0;\u@\h: \w\a\]${debian_chroot:+($debian_chroot)}\[\033[01;32m\]\u@\h\[\033[00m\]:\[\033[01;34m\]\w\[\033[00m\]\$ /usr/bin/cmake /home/rover/osr_ws/src/osr-rover-code/ROS/osr_bringup -DAMENT_CMAKE_SYMLINK_INSTALL=1 -DCMAKE_INSTALL_PREFIX=/home/rover/osr_ws/install/osr_bringup
