[0.076s] Invoking command in '/home/rover/osr_ws/build/osr_interfaces': CMAKE_PREFIX_PATH=${CMAKE_PREFIX_PATH}:/home/rover/osr_ws/install/osr_control:/opt/ros/humble PS1=(venv) \[\e]0;\u@\h: \w\a\]${debian_chroot:+($debian_chroot)}\[\033[01;32m\]\u@\h\[\033[00m\]:\[\033[01;34m\]\w\[\033[00m\]\$ /usr/bin/cmake --build /home/rover/osr_ws/build/osr_interfaces -- -j4 -l4
[0.663s] [35m[1mConsolidate compiler generated dependencies of target osr_interfaces__rosidl_generator_c[0m
[0.693s] [  2%] Built target osr_interfaces__cpp
[0.728s] [  2%] Built target ament_cmake_python_symlink_osr_interfaces
[0.763s] [ 12%] Built target osr_interfaces__rosidl_generator_c
[0.773s] [35m[1mConsolidate compiler generated dependencies of target osr_interfaces__rosidl_typesupport_cpp[0m
[0.803s] [35m[1mConsolidate compiler generated dependencies of target osr_interfaces__rosidl_typesupport_fastrtps_cpp[0m
[0.831s] [35m[1mConsolidate compiler generated dependencies of target osr_interfaces__rosidl_typesupport_introspection_cpp[0m
[0.898s] [ 23%] Built target osr_interfaces__rosidl_typesupport_cpp
[0.915s] [ 34%] Built target osr_interfaces__rosidl_typesupport_fastrtps_cpp
[0.945s] [ 44%] Built target osr_interfaces__rosidl_typesupport_introspection_cpp
[0.997s] [35m[1mConsolidate compiler generated dependencies of target osr_interfaces__rosidl_typesupport_fastrtps_c[0m
[1.013s] [35m[1mConsolidate compiler generated dependencies of target osr_interfaces__rosidl_typesupport_introspection_c[0m
[1.042s] [35m[1mConsolidate compiler generated dependencies of target osr_interfaces__rosidl_typesupport_c[0m
[1.077s] [ 55%] Built target osr_interfaces__rosidl_typesupport_introspection_c
[1.098s] [ 65%] Built target osr_interfaces__rosidl_typesupport_fastrtps_c
[1.120s] [ 76%] Built target osr_interfaces__rosidl_typesupport_c
[1.205s] [ 76%] Built target osr_interfaces
[1.298s] [ 78%] Built target osr_interfaces__py
[1.353s] [35m[1mConsolidate compiler generated dependencies of target osr_interfaces__rosidl_generator_py[0m
[1.438s] [ 87%] Built target osr_interfaces__rosidl_generator_py
[1.495s] [35m[1mConsolidate compiler generated dependencies of target osr_interfaces__rosidl_typesupport_fastrtps_c__pyext[0m
[1.500s] [35m[1mConsolidate compiler generated dependencies of target osr_interfaces__rosidl_typesupport_c__pyext[0m
[1.502s] [35m[1mConsolidate compiler generated dependencies of target osr_interfaces__rosidl_typesupport_introspection_c__pyext[0m
[1.559s] [ 91%] Built target osr_interfaces__rosidl_typesupport_fastrtps_c__pyext
[1.562s] [ 95%] Built target osr_interfaces__rosidl_typesupport_c__pyext
[1.574s] [100%] Built target osr_interfaces__rosidl_typesupport_introspection_c__pyext
[1.894s] running egg_info
[1.897s] writing osr_interfaces.egg-info/PKG-INFO
[1.898s] writing dependency_links to osr_interfaces.egg-info/dependency_links.txt
[1.899s] writing top-level names to osr_interfaces.egg-info/top_level.txt
[1.911s] reading manifest file 'osr_interfaces.egg-info/SOURCES.txt'
[1.915s] writing manifest file 'osr_interfaces.egg-info/SOURCES.txt'
[2.040s] [100%] Built target ament_cmake_python_build_osr_interfaces_egg
[2.081s] Invoked command in '/home/rover/osr_ws/build/osr_interfaces' returned '0': CMAKE_PREFIX_PATH=${CMAKE_PREFIX_PATH}:/home/rover/osr_ws/install/osr_control:/opt/ros/humble PS1=(venv) \[\e]0;\u@\h: \w\a\]${debian_chroot:+($debian_chroot)}\[\033[01;32m\]\u@\h\[\033[00m\]:\[\033[01;34m\]\w\[\033[00m\]\$ /usr/bin/cmake --build /home/rover/osr_ws/build/osr_interfaces -- -j4 -l4
[2.093s] Invoking command in '/home/rover/osr_ws/build/osr_interfaces': CMAKE_PREFIX_PATH=${CMAKE_PREFIX_PATH}:/home/rover/osr_ws/install/osr_control:/opt/ros/humble PS1=(venv) \[\e]0;\u@\h: \w\a\]${debian_chroot:+($debian_chroot)}\[\033[01;32m\]\u@\h\[\033[00m\]:\[\033[01;34m\]\w\[\033[00m\]\$ /usr/bin/cmake --install /home/rover/osr_ws/build/osr_interfaces
[2.121s] -- Install configuration: ""
[2.126s] -- Execute custom install script
[2.128s] -- Up-to-date symlink: /home/rover/osr_ws/install/osr_interfaces/share/ament_index/resource_index/rosidl_interfaces/osr_interfaces
[2.135s] -- Up-to-date symlink: /home/rover/osr_ws/install/osr_interfaces/include/osr_interfaces/osr_interfaces/msg/command_corner.h
[2.136s] -- Up-to-date symlink: /home/rover/osr_ws/install/osr_interfaces/include/osr_interfaces/osr_interfaces/msg/command_drive.h
[2.138s] -- Up-to-date symlink: /home/rover/osr_ws/install/osr_interfaces/include/osr_interfaces/osr_interfaces/msg/detail/command_corner__functions.h
[2.140s] -- Up-to-date symlink: /home/rover/osr_ws/install/osr_interfaces/include/osr_interfaces/osr_interfaces/msg/detail/command_corner__struct.h
[2.141s] -- Up-to-date symlink: /home/rover/osr_ws/install/osr_interfaces/include/osr_interfaces/osr_interfaces/msg/detail/command_corner__type_support.h
[2.143s] -- Up-to-date symlink: /home/rover/osr_ws/install/osr_interfaces/include/osr_interfaces/osr_interfaces/msg/detail/command_drive__functions.h
[2.145s] -- Up-to-date symlink: /home/rover/osr_ws/install/osr_interfaces/include/osr_interfaces/osr_interfaces/msg/detail/command_drive__struct.h
[2.146s] -- Up-to-date symlink: /home/rover/osr_ws/install/osr_interfaces/include/osr_interfaces/osr_interfaces/msg/detail/command_drive__type_support.h
[2.148s] -- Up-to-date symlink: /home/rover/osr_ws/install/osr_interfaces/include/osr_interfaces/osr_interfaces/msg/detail/status__functions.h
[2.150s] -- Up-to-date symlink: /home/rover/osr_ws/install/osr_interfaces/include/osr_interfaces/osr_interfaces/msg/detail/status__struct.h
[2.151s] -- Up-to-date symlink: /home/rover/osr_ws/install/osr_interfaces/include/osr_interfaces/osr_interfaces/msg/detail/status__type_support.h
[2.153s] -- Up-to-date symlink: /home/rover/osr_ws/install/osr_interfaces/include/osr_interfaces/osr_interfaces/msg/rosidl_generator_c__visibility_control.h
[2.154s] -- Up-to-date symlink: /home/rover/osr_ws/install/osr_interfaces/include/osr_interfaces/osr_interfaces/msg/status.h
[2.156s] -- Up-to-date symlink: /home/rover/osr_ws/install/osr_interfaces/share/osr_interfaces/environment/library_path.sh
[2.157s] -- Up-to-date symlink: /home/rover/osr_ws/install/osr_interfaces/share/osr_interfaces/environment/library_path.dsv
[2.162s] -- Up-to-date symlink: /home/rover/osr_ws/install/osr_interfaces/include/osr_interfaces/osr_interfaces/msg/detail/command_corner__rosidl_typesupport_fastrtps_c.h
[2.163s] -- Up-to-date symlink: /home/rover/osr_ws/install/osr_interfaces/include/osr_interfaces/osr_interfaces/msg/detail/command_drive__rosidl_typesupport_fastrtps_c.h
[2.165s] -- Up-to-date symlink: /home/rover/osr_ws/install/osr_interfaces/include/osr_interfaces/osr_interfaces/msg/detail/status__rosidl_typesupport_fastrtps_c.h
[2.166s] -- Up-to-date symlink: /home/rover/osr_ws/install/osr_interfaces/include/osr_interfaces/osr_interfaces/msg/rosidl_typesupport_fastrtps_c__visibility_control.h
[2.170s] -- Up-to-date symlink: /home/rover/osr_ws/install/osr_interfaces/include/osr_interfaces/osr_interfaces/msg/detail/command_corner__rosidl_typesupport_introspection_c.h
[2.171s] -- Up-to-date symlink: /home/rover/osr_ws/install/osr_interfaces/include/osr_interfaces/osr_interfaces/msg/detail/command_drive__rosidl_typesupport_introspection_c.h
[2.173s] -- Up-to-date symlink: /home/rover/osr_ws/install/osr_interfaces/include/osr_interfaces/osr_interfaces/msg/detail/status__rosidl_typesupport_introspection_c.h
[2.174s] -- Up-to-date symlink: /home/rover/osr_ws/install/osr_interfaces/include/osr_interfaces/osr_interfaces/msg/rosidl_typesupport_introspection_c__visibility_control.h
[2.178s] -- Up-to-date symlink: /home/rover/osr_ws/install/osr_interfaces/include/osr_interfaces/osr_interfaces/msg/command_corner.hpp
[2.180s] -- Up-to-date symlink: /home/rover/osr_ws/install/osr_interfaces/include/osr_interfaces/osr_interfaces/msg/command_drive.hpp
[2.181s] -- Up-to-date symlink: /home/rover/osr_ws/install/osr_interfaces/include/osr_interfaces/osr_interfaces/msg/detail/command_corner__builder.hpp
[2.183s] -- Up-to-date symlink: /home/rover/osr_ws/install/osr_interfaces/include/osr_interfaces/osr_interfaces/msg/detail/command_corner__struct.hpp
[2.184s] -- Up-to-date symlink: /home/rover/osr_ws/install/osr_interfaces/include/osr_interfaces/osr_interfaces/msg/detail/command_corner__traits.hpp
[2.186s] -- Up-to-date symlink: /home/rover/osr_ws/install/osr_interfaces/include/osr_interfaces/osr_interfaces/msg/detail/command_corner__type_support.hpp
[2.187s] -- Up-to-date symlink: /home/rover/osr_ws/install/osr_interfaces/include/osr_interfaces/osr_interfaces/msg/detail/command_drive__builder.hpp
[2.189s] -- Up-to-date symlink: /home/rover/osr_ws/install/osr_interfaces/include/osr_interfaces/osr_interfaces/msg/detail/command_drive__struct.hpp
[2.190s] -- Up-to-date symlink: /home/rover/osr_ws/install/osr_interfaces/include/osr_interfaces/osr_interfaces/msg/detail/command_drive__traits.hpp
[2.192s] -- Up-to-date symlink: /home/rover/osr_ws/install/osr_interfaces/include/osr_interfaces/osr_interfaces/msg/detail/command_drive__type_support.hpp
[2.193s] -- Up-to-date symlink: /home/rover/osr_ws/install/osr_interfaces/include/osr_interfaces/osr_interfaces/msg/detail/status__builder.hpp
[2.195s] -- Up-to-date symlink: /home/rover/osr_ws/install/osr_interfaces/include/osr_interfaces/osr_interfaces/msg/detail/status__struct.hpp
[2.197s] -- Up-to-date symlink: /home/rover/osr_ws/install/osr_interfaces/include/osr_interfaces/osr_interfaces/msg/detail/status__traits.hpp
[2.198s] -- Up-to-date symlink: /home/rover/osr_ws/install/osr_interfaces/include/osr_interfaces/osr_interfaces/msg/detail/status__type_support.hpp
[2.200s] -- Up-to-date symlink: /home/rover/osr_ws/install/osr_interfaces/include/osr_interfaces/osr_interfaces/msg/rosidl_generator_cpp__visibility_control.hpp
[2.201s] -- Up-to-date symlink: /home/rover/osr_ws/install/osr_interfaces/include/osr_interfaces/osr_interfaces/msg/status.hpp
[2.206s] -- Up-to-date symlink: /home/rover/osr_ws/install/osr_interfaces/include/osr_interfaces/osr_interfaces/msg/detail/command_corner__rosidl_typesupport_fastrtps_cpp.hpp
[2.208s] -- Up-to-date symlink: /home/rover/osr_ws/install/osr_interfaces/include/osr_interfaces/osr_interfaces/msg/detail/command_drive__rosidl_typesupport_fastrtps_cpp.hpp
[2.210s] -- Up-to-date symlink: /home/rover/osr_ws/install/osr_interfaces/include/osr_interfaces/osr_interfaces/msg/detail/status__rosidl_typesupport_fastrtps_cpp.hpp
[2.211s] -- Up-to-date symlink: /home/rover/osr_ws/install/osr_interfaces/include/osr_interfaces/osr_interfaces/msg/rosidl_typesupport_fastrtps_cpp__visibility_control.h
[2.215s] -- Up-to-date symlink: /home/rover/osr_ws/install/osr_interfaces/include/osr_interfaces/osr_interfaces/msg/detail/command_corner__rosidl_typesupport_introspection_cpp.hpp
[2.216s] -- Up-to-date symlink: /home/rover/osr_ws/install/osr_interfaces/include/osr_interfaces/osr_interfaces/msg/detail/command_drive__rosidl_typesupport_introspection_cpp.hpp
[2.218s] -- Up-to-date symlink: /home/rover/osr_ws/install/osr_interfaces/include/osr_interfaces/osr_interfaces/msg/detail/status__rosidl_typesupport_introspection_cpp.hpp
[2.219s] -- Up-to-date symlink: /home/rover/osr_ws/install/osr_interfaces/share/osr_interfaces/environment/pythonpath.sh
[2.220s] -- Up-to-date symlink: /home/rover/osr_ws/install/osr_interfaces/share/osr_interfaces/environment/pythonpath.dsv
[2.222s] -- Up-to-date symlink: /home/rover/osr_ws/install/osr_interfaces/lib/python3.10/site-packages/osr_interfaces-0.0.0-py3.10.egg-info/PKG-INFO
[2.224s] -- Up-to-date symlink: /home/rover/osr_ws/install/osr_interfaces/lib/python3.10/site-packages/osr_interfaces-0.0.0-py3.10.egg-info/SOURCES.txt
[2.225s] -- Up-to-date symlink: /home/rover/osr_ws/install/osr_interfaces/lib/python3.10/site-packages/osr_interfaces-0.0.0-py3.10.egg-info/dependency_links.txt
[2.227s] -- Up-to-date symlink: /home/rover/osr_ws/install/osr_interfaces/lib/python3.10/site-packages/osr_interfaces-0.0.0-py3.10.egg-info/top_level.txt
[2.232s] -- Up-to-date symlink: /home/rover/osr_ws/install/osr_interfaces/lib/python3.10/site-packages/osr_interfaces/__init__.py
[2.234s] -- Up-to-date symlink: /home/rover/osr_ws/install/osr_interfaces/lib/python3.10/site-packages/osr_interfaces/_osr_interfaces_s.ep.rosidl_typesupport_c.c
[2.235s] -- Up-to-date symlink: /home/rover/osr_ws/install/osr_interfaces/lib/python3.10/site-packages/osr_interfaces/_osr_interfaces_s.ep.rosidl_typesupport_fastrtps_c.c
[2.237s] -- Up-to-date symlink: /home/rover/osr_ws/install/osr_interfaces/lib/python3.10/site-packages/osr_interfaces/_osr_interfaces_s.ep.rosidl_typesupport_introspection_c.c
[2.238s] -- Up-to-date symlink: /home/rover/osr_ws/install/osr_interfaces/lib/python3.10/site-packages/osr_interfaces/libosr_interfaces__rosidl_generator_py.so
[2.239s] -- Up-to-date symlink: /home/rover/osr_ws/install/osr_interfaces/lib/python3.10/site-packages/osr_interfaces/msg/__init__.py
[2.240s] -- Up-to-date symlink: /home/rover/osr_ws/install/osr_interfaces/lib/python3.10/site-packages/osr_interfaces/msg/_command_corner.py
[2.242s] -- Up-to-date symlink: /home/rover/osr_ws/install/osr_interfaces/lib/python3.10/site-packages/osr_interfaces/msg/_command_corner_s.c
[2.242s] -- Up-to-date symlink: /home/rover/osr_ws/install/osr_interfaces/lib/python3.10/site-packages/osr_interfaces/msg/_command_drive.py
[2.244s] -- Up-to-date symlink: /home/rover/osr_ws/install/osr_interfaces/lib/python3.10/site-packages/osr_interfaces/msg/_command_drive_s.c
[2.245s] -- Up-to-date symlink: /home/rover/osr_ws/install/osr_interfaces/lib/python3.10/site-packages/osr_interfaces/msg/_status.py
[2.246s] -- Up-to-date symlink: /home/rover/osr_ws/install/osr_interfaces/lib/python3.10/site-packages/osr_interfaces/msg/_status_s.c
[2.247s] -- Up-to-date symlink: /home/rover/osr_ws/install/osr_interfaces/lib/python3.10/site-packages/osr_interfaces/osr_interfaces_s__rosidl_typesupport_c.cpython-310-aarch64-linux-gnu.so
[2.248s] -- Up-to-date symlink: /home/rover/osr_ws/install/osr_interfaces/lib/python3.10/site-packages/osr_interfaces/osr_interfaces_s__rosidl_typesupport_fastrtps_c.cpython-310-aarch64-linux-gnu.so
[2.250s] -- Up-to-date symlink: /home/rover/osr_ws/install/osr_interfaces/lib/python3.10/site-packages/osr_interfaces/osr_interfaces_s__rosidl_typesupport_introspection_c.cpython-310-aarch64-linux-gnu.so
[2.252s] -- Up-to-date symlink: /home/rover/osr_ws/install/osr_interfaces/lib/python3.10/site-packages/osr_interfaces/osr_interfaces_s__rosidl_typesupport_fastrtps_c.cpython-310-aarch64-linux-gnu.so
[2.255s] -- Up-to-date symlink: /home/rover/osr_ws/install/osr_interfaces/lib/python3.10/site-packages/osr_interfaces/osr_interfaces_s__rosidl_typesupport_introspection_c.cpython-310-aarch64-linux-gnu.so
[2.257s] -- Up-to-date symlink: /home/rover/osr_ws/install/osr_interfaces/lib/python3.10/site-packages/osr_interfaces/osr_interfaces_s__rosidl_typesupport_c.cpython-310-aarch64-linux-gnu.so
[2.259s] -- Up-to-date symlink: /home/rover/osr_ws/install/osr_interfaces/share/osr_interfaces/msg/Status.idl
[2.261s] -- Up-to-date symlink: /home/rover/osr_ws/install/osr_interfaces/share/osr_interfaces/msg/CommandDrive.idl
[2.263s] -- Up-to-date symlink: /home/rover/osr_ws/install/osr_interfaces/share/osr_interfaces/msg/CommandCorner.idl
[2.264s] -- Up-to-date symlink: /home/rover/osr_ws/install/osr_interfaces/share/osr_interfaces/msg/Status.msg
[2.266s] -- Up-to-date symlink: /home/rover/osr_ws/install/osr_interfaces/share/osr_interfaces/msg/CommandDrive.msg
[2.268s] -- Up-to-date symlink: /home/rover/osr_ws/install/osr_interfaces/share/osr_interfaces/msg/CommandCorner.msg
[2.269s] -- Up-to-date symlink: /home/rover/osr_ws/install/osr_interfaces/share/ament_index/resource_index/package_run_dependencies/osr_interfaces
[2.271s] -- Up-to-date symlink: /home/rover/osr_ws/install/osr_interfaces/share/ament_index/resource_index/parent_prefix_path/osr_interfaces
[2.273s] -- Up-to-date symlink: /home/rover/osr_ws/install/osr_interfaces/share/osr_interfaces/environment/ament_prefix_path.sh
[2.274s] -- Up-to-date symlink: /home/rover/osr_ws/install/osr_interfaces/share/osr_interfaces/environment/ament_prefix_path.dsv
[2.275s] -- Up-to-date symlink: /home/rover/osr_ws/install/osr_interfaces/share/osr_interfaces/environment/path.sh
[2.276s] -- Up-to-date symlink: /home/rover/osr_ws/install/osr_interfaces/share/osr_interfaces/environment/path.dsv
[2.278s] -- Up-to-date symlink: /home/rover/osr_ws/install/osr_interfaces/share/osr_interfaces/local_setup.bash
[2.279s] -- Up-to-date symlink: /home/rover/osr_ws/install/osr_interfaces/share/osr_interfaces/local_setup.sh
[2.281s] -- Up-to-date symlink: /home/rover/osr_ws/install/osr_interfaces/share/osr_interfaces/local_setup.zsh
[2.282s] -- Up-to-date symlink: /home/rover/osr_ws/install/osr_interfaces/share/osr_interfaces/local_setup.dsv
[2.282s] -- Symlinking: /home/rover/osr_ws/install/osr_interfaces/share/osr_interfaces/package.dsv
[2.316s] -- Up-to-date symlink: /home/rover/osr_ws/install/osr_interfaces/share/ament_index/resource_index/packages/osr_interfaces
[2.318s] -- Up-to-date symlink: /home/rover/osr_ws/install/osr_interfaces/share/osr_interfaces/cmake/rosidl_cmake-extras.cmake
[2.319s] -- Up-to-date symlink: /home/rover/osr_ws/install/osr_interfaces/share/osr_interfaces/cmake/ament_cmake_export_include_directories-extras.cmake
[2.321s] -- Up-to-date symlink: /home/rover/osr_ws/install/osr_interfaces/share/osr_interfaces/cmake/ament_cmake_export_libraries-extras.cmake
[2.323s] -- Up-to-date symlink: /home/rover/osr_ws/install/osr_interfaces/share/osr_interfaces/cmake/ament_cmake_export_targets-extras.cmake
[2.325s] -- Up-to-date symlink: /home/rover/osr_ws/install/osr_interfaces/share/osr_interfaces/cmake/rosidl_cmake_export_typesupport_targets-extras.cmake
[2.327s] -- Up-to-date symlink: /home/rover/osr_ws/install/osr_interfaces/share/osr_interfaces/cmake/ament_cmake_export_dependencies-extras.cmake
[2.329s] -- Up-to-date symlink: /home/rover/osr_ws/install/osr_interfaces/share/osr_interfaces/cmake/rosidl_cmake_export_typesupport_libraries-extras.cmake
[2.331s] -- Up-to-date symlink: /home/rover/osr_ws/install/osr_interfaces/share/osr_interfaces/cmake/osr_interfacesConfig.cmake
[2.332s] -- Up-to-date symlink: /home/rover/osr_ws/install/osr_interfaces/share/osr_interfaces/cmake/osr_interfacesConfig-version.cmake
[2.334s] -- Up-to-date symlink: /home/rover/osr_ws/install/osr_interfaces/share/osr_interfaces/package.xml
[2.335s] -- Up-to-date: /home/rover/osr_ws/install/osr_interfaces/lib/libosr_interfaces__rosidl_generator_c.so
[2.337s] -- Up-to-date: /home/rover/osr_ws/install/osr_interfaces/lib/libosr_interfaces__rosidl_typesupport_fastrtps_c.so
[2.340s] -- Up-to-date: /home/rover/osr_ws/install/osr_interfaces/lib/libosr_interfaces__rosidl_typesupport_introspection_c.so
[2.341s] -- Up-to-date: /home/rover/osr_ws/install/osr_interfaces/lib/libosr_interfaces__rosidl_typesupport_c.so
[2.346s] -- Up-to-date: /home/rover/osr_ws/install/osr_interfaces/lib/libosr_interfaces__rosidl_typesupport_fastrtps_cpp.so
[2.350s] -- Up-to-date: /home/rover/osr_ws/install/osr_interfaces/lib/libosr_interfaces__rosidl_typesupport_introspection_cpp.so
[2.354s] -- Up-to-date: /home/rover/osr_ws/install/osr_interfaces/lib/libosr_interfaces__rosidl_typesupport_cpp.so
[2.508s] Listing '/home/rover/osr_ws/install/osr_interfaces/lib/python3.10/site-packages/osr_interfaces'...
[2.509s] Listing '/home/rover/osr_ws/install/osr_interfaces/lib/python3.10/site-packages/osr_interfaces/msg'...
[2.536s] -- Up-to-date: /home/rover/osr_ws/install/osr_interfaces/lib/libosr_interfaces__rosidl_generator_py.so
[2.542s] -- Up-to-date: /home/rover/osr_ws/install/osr_interfaces/share/osr_interfaces/cmake/export_osr_interfaces__rosidl_generator_cExport.cmake
[2.543s] -- Up-to-date: /home/rover/osr_ws/install/osr_interfaces/share/osr_interfaces/cmake/export_osr_interfaces__rosidl_generator_cExport-noconfig.cmake
[2.545s] -- Up-to-date: /home/rover/osr_ws/install/osr_interfaces/share/osr_interfaces/cmake/export_osr_interfaces__rosidl_typesupport_fastrtps_cExport.cmake
[2.546s] -- Up-to-date: /home/rover/osr_ws/install/osr_interfaces/share/osr_interfaces/cmake/export_osr_interfaces__rosidl_typesupport_fastrtps_cExport-noconfig.cmake
[2.549s] -- Up-to-date: /home/rover/osr_ws/install/osr_interfaces/share/osr_interfaces/cmake/osr_interfaces__rosidl_typesupport_introspection_cExport.cmake
[2.549s] -- Up-to-date: /home/rover/osr_ws/install/osr_interfaces/share/osr_interfaces/cmake/osr_interfaces__rosidl_typesupport_introspection_cExport-noconfig.cmake
[2.552s] -- Up-to-date: /home/rover/osr_ws/install/osr_interfaces/share/osr_interfaces/cmake/osr_interfaces__rosidl_typesupport_cExport.cmake
[2.552s] -- Up-to-date: /home/rover/osr_ws/install/osr_interfaces/share/osr_interfaces/cmake/osr_interfaces__rosidl_typesupport_cExport-noconfig.cmake
[2.555s] -- Up-to-date: /home/rover/osr_ws/install/osr_interfaces/share/osr_interfaces/cmake/export_osr_interfaces__rosidl_generator_cppExport.cmake
[2.557s] -- Up-to-date: /home/rover/osr_ws/install/osr_interfaces/share/osr_interfaces/cmake/export_osr_interfaces__rosidl_typesupport_fastrtps_cppExport.cmake
[2.558s] -- Up-to-date: /home/rover/osr_ws/install/osr_interfaces/share/osr_interfaces/cmake/export_osr_interfaces__rosidl_typesupport_fastrtps_cppExport-noconfig.cmake
[2.560s] -- Up-to-date: /home/rover/osr_ws/install/osr_interfaces/share/osr_interfaces/cmake/osr_interfaces__rosidl_typesupport_introspection_cppExport.cmake
[2.561s] -- Up-to-date: /home/rover/osr_ws/install/osr_interfaces/share/osr_interfaces/cmake/osr_interfaces__rosidl_typesupport_introspection_cppExport-noconfig.cmake
[2.564s] -- Up-to-date: /home/rover/osr_ws/install/osr_interfaces/share/osr_interfaces/cmake/osr_interfaces__rosidl_typesupport_cppExport.cmake
[2.564s] -- Up-to-date: /home/rover/osr_ws/install/osr_interfaces/share/osr_interfaces/cmake/osr_interfaces__rosidl_typesupport_cppExport-noconfig.cmake
[2.567s] -- Up-to-date: /home/rover/osr_ws/install/osr_interfaces/share/osr_interfaces/cmake/export_osr_interfaces__rosidl_generator_pyExport.cmake
[2.567s] -- Up-to-date: /home/rover/osr_ws/install/osr_interfaces/share/osr_interfaces/cmake/export_osr_interfaces__rosidl_generator_pyExport-noconfig.cmake
[2.578s] Invoked command in '/home/rover/osr_ws/build/osr_interfaces' returned '0': CMAKE_PREFIX_PATH=${CMAKE_PREFIX_PATH}:/home/rover/osr_ws/install/osr_control:/opt/ros/humble PS1=(venv) \[\e]0;\u@\h: \w\a\]${debian_chroot:+($debian_chroot)}\[\033[01;32m\]\u@\h\[\033[00m\]:\[\033[01;34m\]\w\[\033[00m\]\$ /usr/bin/cmake --install /home/rover/osr_ws/build/osr_interfaces
