[0.057s] Invoking command in '/home/rover/osr_ws/build/osr_interfaces': CMAKE_PREFIX_PATH=${CMAKE_PREFIX_PATH}:/home/rover/osr_ws/install/osr_control:/opt/ros/humble PS1=\[\e]0;\u@\h: \w\a\]${debian_chroot:+($debian_chroot)}\[\033[01;32m\]\u@\h\[\033[00m\]:\[\033[01;34m\]\w\[\033[00m\]\$ /usr/bin/cmake --build /home/rover/osr_ws/build/osr_interfaces -- -j4 -l4
[0.282s] [  2%] Built target osr_interfaces__cpp
[0.283s] [ 12%] Built target osr_interfaces__rosidl_generator_c
[0.336s] [ 12%] Built target ament_cmake_python_symlink_osr_interfaces
[0.420s] [ 23%] Built target osr_interfaces__rosidl_typesupport_cpp
[0.435s] [ 34%] Built target osr_interfaces__rosidl_typesupport_introspection_cpp
[0.453s] [ 44%] Built target osr_interfaces__rosidl_typesupport_fastrtps_cpp
[0.491s] [ 55%] Built target osr_interfaces__rosidl_typesupport_fastrtps_c
[0.537s] [ 65%] Built target osr_interfaces__rosidl_typesupport_introspection_c
[0.544s] [ 76%] Built target osr_interfaces__rosidl_typesupport_c
[0.625s] [ 76%] Built target osr_interfaces
[0.707s] [ 78%] Built target osr_interfaces__py
[0.800s] [ 87%] Built target osr_interfaces__rosidl_generator_py
[0.903s] [ 91%] Built target osr_interfaces__rosidl_typesupport_fastrtps_c__pyext
[0.904s] [ 95%] Built target osr_interfaces__rosidl_typesupport_introspection_c__pyext
[0.909s] [100%] Built target osr_interfaces__rosidl_typesupport_c__pyext
[1.363s] running egg_info
[1.365s] writing osr_interfaces.egg-info/PKG-INFO
[1.366s] writing dependency_links to osr_interfaces.egg-info/dependency_links.txt
[1.367s] writing top-level names to osr_interfaces.egg-info/top_level.txt
[1.375s] reading manifest file 'osr_interfaces.egg-info/SOURCES.txt'
[1.378s] writing manifest file 'osr_interfaces.egg-info/SOURCES.txt'
[1.504s] [100%] Built target ament_cmake_python_build_osr_interfaces_egg
[1.545s] Invoked command in '/home/rover/osr_ws/build/osr_interfaces' returned '0': CMAKE_PREFIX_PATH=${CMAKE_PREFIX_PATH}:/home/rover/osr_ws/install/osr_control:/opt/ros/humble PS1=\[\e]0;\u@\h: \w\a\]${debian_chroot:+($debian_chroot)}\[\033[01;32m\]\u@\h\[\033[00m\]:\[\033[01;34m\]\w\[\033[00m\]\$ /usr/bin/cmake --build /home/rover/osr_ws/build/osr_interfaces -- -j4 -l4
[1.552s] Invoking command in '/home/rover/osr_ws/build/osr_interfaces': CMAKE_PREFIX_PATH=${CMAKE_PREFIX_PATH}:/home/rover/osr_ws/install/osr_control:/opt/ros/humble PS1=\[\e]0;\u@\h: \w\a\]${debian_chroot:+($debian_chroot)}\[\033[01;32m\]\u@\h\[\033[00m\]:\[\033[01;34m\]\w\[\033[00m\]\$ /usr/bin/cmake --install /home/rover/osr_ws/build/osr_interfaces
[1.578s] -- Install configuration: ""
[1.580s] -- Execute custom install script
[1.582s] -- Up-to-date symlink: /home/rover/osr_ws/install/osr_interfaces/share/ament_index/resource_index/rosidl_interfaces/osr_interfaces
[1.585s] -- Up-to-date symlink: /home/rover/osr_ws/install/osr_interfaces/include/osr_interfaces/osr_interfaces/msg/command_corner.h
[1.585s] -- Up-to-date symlink: /home/rover/osr_ws/install/osr_interfaces/include/osr_interfaces/osr_interfaces/msg/command_drive.h
[1.586s] -- Up-to-date symlink: /home/rover/osr_ws/install/osr_interfaces/include/osr_interfaces/osr_interfaces/msg/detail/command_corner__functions.h
[1.587s] -- Up-to-date symlink: /home/rover/osr_ws/install/osr_interfaces/include/osr_interfaces/osr_interfaces/msg/detail/command_corner__struct.h
[1.588s] -- Up-to-date symlink: /home/rover/osr_ws/install/osr_interfaces/include/osr_interfaces/osr_interfaces/msg/detail/command_corner__type_support.h
[1.589s] -- Up-to-date symlink: /home/rover/osr_ws/install/osr_interfaces/include/osr_interfaces/osr_interfaces/msg/detail/command_drive__functions.h
[1.590s] -- Up-to-date symlink: /home/rover/osr_ws/install/osr_interfaces/include/osr_interfaces/osr_interfaces/msg/detail/command_drive__struct.h
[1.590s] -- Up-to-date symlink: /home/rover/osr_ws/install/osr_interfaces/include/osr_interfaces/osr_interfaces/msg/detail/command_drive__type_support.h
[1.591s] -- Up-to-date symlink: /home/rover/osr_ws/install/osr_interfaces/include/osr_interfaces/osr_interfaces/msg/detail/status__functions.h
[1.592s] -- Up-to-date symlink: /home/rover/osr_ws/install/osr_interfaces/include/osr_interfaces/osr_interfaces/msg/detail/status__struct.h
[1.593s] -- Up-to-date symlink: /home/rover/osr_ws/install/osr_interfaces/include/osr_interfaces/osr_interfaces/msg/detail/status__type_support.h
[1.594s] -- Up-to-date symlink: /home/rover/osr_ws/install/osr_interfaces/include/osr_interfaces/osr_interfaces/msg/rosidl_generator_c__visibility_control.h
[1.594s] -- Up-to-date symlink: /home/rover/osr_ws/install/osr_interfaces/include/osr_interfaces/osr_interfaces/msg/status.h
[1.595s] -- Up-to-date symlink: /home/rover/osr_ws/install/osr_interfaces/share/osr_interfaces/environment/library_path.sh
[1.596s] -- Up-to-date symlink: /home/rover/osr_ws/install/osr_interfaces/share/osr_interfaces/environment/library_path.dsv
[1.599s] -- Up-to-date symlink: /home/rover/osr_ws/install/osr_interfaces/include/osr_interfaces/osr_interfaces/msg/detail/command_corner__rosidl_typesupport_fastrtps_c.h
[1.600s] -- Up-to-date symlink: /home/rover/osr_ws/install/osr_interfaces/include/osr_interfaces/osr_interfaces/msg/detail/command_drive__rosidl_typesupport_fastrtps_c.h
[1.601s] -- Up-to-date symlink: /home/rover/osr_ws/install/osr_interfaces/include/osr_interfaces/osr_interfaces/msg/detail/status__rosidl_typesupport_fastrtps_c.h
[1.602s] -- Up-to-date symlink: /home/rover/osr_ws/install/osr_interfaces/include/osr_interfaces/osr_interfaces/msg/rosidl_typesupport_fastrtps_c__visibility_control.h
[1.605s] -- Up-to-date symlink: /home/rover/osr_ws/install/osr_interfaces/include/osr_interfaces/osr_interfaces/msg/detail/command_corner__rosidl_typesupport_introspection_c.h
[1.605s] -- Up-to-date symlink: /home/rover/osr_ws/install/osr_interfaces/include/osr_interfaces/osr_interfaces/msg/detail/command_drive__rosidl_typesupport_introspection_c.h
[1.606s] -- Up-to-date symlink: /home/rover/osr_ws/install/osr_interfaces/include/osr_interfaces/osr_interfaces/msg/detail/status__rosidl_typesupport_introspection_c.h
[1.607s] -- Up-to-date symlink: /home/rover/osr_ws/install/osr_interfaces/include/osr_interfaces/osr_interfaces/msg/rosidl_typesupport_introspection_c__visibility_control.h
[1.610s] -- Up-to-date symlink: /home/rover/osr_ws/install/osr_interfaces/include/osr_interfaces/osr_interfaces/msg/command_corner.hpp
[1.611s] -- Up-to-date symlink: /home/rover/osr_ws/install/osr_interfaces/include/osr_interfaces/osr_interfaces/msg/command_drive.hpp
[1.612s] -- Up-to-date symlink: /home/rover/osr_ws/install/osr_interfaces/include/osr_interfaces/osr_interfaces/msg/detail/command_corner__builder.hpp
[1.612s] -- Up-to-date symlink: /home/rover/osr_ws/install/osr_interfaces/include/osr_interfaces/osr_interfaces/msg/detail/command_corner__struct.hpp
[1.613s] -- Up-to-date symlink: /home/rover/osr_ws/install/osr_interfaces/include/osr_interfaces/osr_interfaces/msg/detail/command_corner__traits.hpp
[1.614s] -- Up-to-date symlink: /home/rover/osr_ws/install/osr_interfaces/include/osr_interfaces/osr_interfaces/msg/detail/command_corner__type_support.hpp
[1.615s] -- Up-to-date symlink: /home/rover/osr_ws/install/osr_interfaces/include/osr_interfaces/osr_interfaces/msg/detail/command_drive__builder.hpp
[1.616s] -- Up-to-date symlink: /home/rover/osr_ws/install/osr_interfaces/include/osr_interfaces/osr_interfaces/msg/detail/command_drive__struct.hpp
[1.617s] -- Up-to-date symlink: /home/rover/osr_ws/install/osr_interfaces/include/osr_interfaces/osr_interfaces/msg/detail/command_drive__traits.hpp
[1.617s] -- Up-to-date symlink: /home/rover/osr_ws/install/osr_interfaces/include/osr_interfaces/osr_interfaces/msg/detail/command_drive__type_support.hpp
[1.618s] -- Up-to-date symlink: /home/rover/osr_ws/install/osr_interfaces/include/osr_interfaces/osr_interfaces/msg/detail/status__builder.hpp
[1.619s] -- Up-to-date symlink: /home/rover/osr_ws/install/osr_interfaces/include/osr_interfaces/osr_interfaces/msg/detail/status__struct.hpp
[1.620s] -- Up-to-date symlink: /home/rover/osr_ws/install/osr_interfaces/include/osr_interfaces/osr_interfaces/msg/detail/status__traits.hpp
[1.621s] -- Up-to-date symlink: /home/rover/osr_ws/install/osr_interfaces/include/osr_interfaces/osr_interfaces/msg/detail/status__type_support.hpp
[1.621s] -- Up-to-date symlink: /home/rover/osr_ws/install/osr_interfaces/include/osr_interfaces/osr_interfaces/msg/rosidl_generator_cpp__visibility_control.hpp
[1.622s] -- Up-to-date symlink: /home/rover/osr_ws/install/osr_interfaces/include/osr_interfaces/osr_interfaces/msg/status.hpp
[1.626s] -- Up-to-date symlink: /home/rover/osr_ws/install/osr_interfaces/include/osr_interfaces/osr_interfaces/msg/detail/command_corner__rosidl_typesupport_fastrtps_cpp.hpp
[1.627s] -- Up-to-date symlink: /home/rover/osr_ws/install/osr_interfaces/include/osr_interfaces/osr_interfaces/msg/detail/command_drive__rosidl_typesupport_fastrtps_cpp.hpp
[1.628s] -- Up-to-date symlink: /home/rover/osr_ws/install/osr_interfaces/include/osr_interfaces/osr_interfaces/msg/detail/status__rosidl_typesupport_fastrtps_cpp.hpp
[1.629s] -- Up-to-date symlink: /home/rover/osr_ws/install/osr_interfaces/include/osr_interfaces/osr_interfaces/msg/rosidl_typesupport_fastrtps_cpp__visibility_control.h
[1.631s] -- Up-to-date symlink: /home/rover/osr_ws/install/osr_interfaces/include/osr_interfaces/osr_interfaces/msg/detail/command_corner__rosidl_typesupport_introspection_cpp.hpp
[1.632s] -- Up-to-date symlink: /home/rover/osr_ws/install/osr_interfaces/include/osr_interfaces/osr_interfaces/msg/detail/command_drive__rosidl_typesupport_introspection_cpp.hpp
[1.633s] -- Up-to-date symlink: /home/rover/osr_ws/install/osr_interfaces/include/osr_interfaces/osr_interfaces/msg/detail/status__rosidl_typesupport_introspection_cpp.hpp
[1.633s] -- Up-to-date symlink: /home/rover/osr_ws/install/osr_interfaces/share/osr_interfaces/environment/pythonpath.sh
[1.634s] -- Up-to-date symlink: /home/rover/osr_ws/install/osr_interfaces/share/osr_interfaces/environment/pythonpath.dsv
[1.636s] -- Up-to-date symlink: /home/rover/osr_ws/install/osr_interfaces/lib/python3.10/site-packages/osr_interfaces-0.0.0-py3.10.egg-info/PKG-INFO
[1.637s] -- Up-to-date symlink: /home/rover/osr_ws/install/osr_interfaces/lib/python3.10/site-packages/osr_interfaces-0.0.0-py3.10.egg-info/SOURCES.txt
[1.638s] -- Up-to-date symlink: /home/rover/osr_ws/install/osr_interfaces/lib/python3.10/site-packages/osr_interfaces-0.0.0-py3.10.egg-info/dependency_links.txt
[1.638s] -- Up-to-date symlink: /home/rover/osr_ws/install/osr_interfaces/lib/python3.10/site-packages/osr_interfaces-0.0.0-py3.10.egg-info/top_level.txt
[1.643s] -- Up-to-date symlink: /home/rover/osr_ws/install/osr_interfaces/lib/python3.10/site-packages/osr_interfaces/__init__.py
[1.644s] -- Up-to-date symlink: /home/rover/osr_ws/install/osr_interfaces/lib/python3.10/site-packages/osr_interfaces/_osr_interfaces_s.ep.rosidl_typesupport_c.c
[1.645s] -- Up-to-date symlink: /home/rover/osr_ws/install/osr_interfaces/lib/python3.10/site-packages/osr_interfaces/_osr_interfaces_s.ep.rosidl_typesupport_fastrtps_c.c
[1.645s] -- Up-to-date symlink: /home/rover/osr_ws/install/osr_interfaces/lib/python3.10/site-packages/osr_interfaces/_osr_interfaces_s.ep.rosidl_typesupport_introspection_c.c
[1.646s] -- Up-to-date symlink: /home/rover/osr_ws/install/osr_interfaces/lib/python3.10/site-packages/osr_interfaces/libosr_interfaces__rosidl_generator_py.so
[1.647s] -- Up-to-date symlink: /home/rover/osr_ws/install/osr_interfaces/lib/python3.10/site-packages/osr_interfaces/msg/__init__.py
[1.648s] -- Up-to-date symlink: /home/rover/osr_ws/install/osr_interfaces/lib/python3.10/site-packages/osr_interfaces/msg/_command_corner.py
[1.648s] -- Up-to-date symlink: /home/rover/osr_ws/install/osr_interfaces/lib/python3.10/site-packages/osr_interfaces/msg/_command_corner_s.c
[1.649s] -- Up-to-date symlink: /home/rover/osr_ws/install/osr_interfaces/lib/python3.10/site-packages/osr_interfaces/msg/_command_drive.py
[1.650s] -- Up-to-date symlink: /home/rover/osr_ws/install/osr_interfaces/lib/python3.10/site-packages/osr_interfaces/msg/_command_drive_s.c
[1.651s] -- Up-to-date symlink: /home/rover/osr_ws/install/osr_interfaces/lib/python3.10/site-packages/osr_interfaces/msg/_status.py
[1.652s] -- Up-to-date symlink: /home/rover/osr_ws/install/osr_interfaces/lib/python3.10/site-packages/osr_interfaces/msg/_status_s.c
[1.652s] -- Up-to-date symlink: /home/rover/osr_ws/install/osr_interfaces/lib/python3.10/site-packages/osr_interfaces/osr_interfaces_s__rosidl_typesupport_c.cpython-310-aarch64-linux-gnu.so
[1.653s] -- Up-to-date symlink: /home/rover/osr_ws/install/osr_interfaces/lib/python3.10/site-packages/osr_interfaces/osr_interfaces_s__rosidl_typesupport_fastrtps_c.cpython-310-aarch64-linux-gnu.so
[1.654s] -- Up-to-date symlink: /home/rover/osr_ws/install/osr_interfaces/lib/python3.10/site-packages/osr_interfaces/osr_interfaces_s__rosidl_typesupport_introspection_c.cpython-310-aarch64-linux-gnu.so
[1.655s] -- Up-to-date symlink: /home/rover/osr_ws/install/osr_interfaces/lib/python3.10/site-packages/osr_interfaces/osr_interfaces_s__rosidl_typesupport_fastrtps_c.cpython-310-aarch64-linux-gnu.so
[1.657s] -- Up-to-date symlink: /home/rover/osr_ws/install/osr_interfaces/lib/python3.10/site-packages/osr_interfaces/osr_interfaces_s__rosidl_typesupport_introspection_c.cpython-310-aarch64-linux-gnu.so
[1.658s] -- Up-to-date symlink: /home/rover/osr_ws/install/osr_interfaces/lib/python3.10/site-packages/osr_interfaces/osr_interfaces_s__rosidl_typesupport_c.cpython-310-aarch64-linux-gnu.so
[1.659s] -- Up-to-date symlink: /home/rover/osr_ws/install/osr_interfaces/share/osr_interfaces/msg/Status.idl
[1.660s] -- Up-to-date symlink: /home/rover/osr_ws/install/osr_interfaces/share/osr_interfaces/msg/CommandDrive.idl
[1.661s] -- Up-to-date symlink: /home/rover/osr_ws/install/osr_interfaces/share/osr_interfaces/msg/CommandCorner.idl
[1.662s] -- Up-to-date symlink: /home/rover/osr_ws/install/osr_interfaces/share/osr_interfaces/msg/Status.msg
[1.662s] -- Up-to-date symlink: /home/rover/osr_ws/install/osr_interfaces/share/osr_interfaces/msg/CommandDrive.msg
[1.663s] -- Up-to-date symlink: /home/rover/osr_ws/install/osr_interfaces/share/osr_interfaces/msg/CommandCorner.msg
[1.664s] -- Up-to-date symlink: /home/rover/osr_ws/install/osr_interfaces/share/ament_index/resource_index/package_run_dependencies/osr_interfaces
[1.665s] -- Up-to-date symlink: /home/rover/osr_ws/install/osr_interfaces/share/ament_index/resource_index/parent_prefix_path/osr_interfaces
[1.666s] -- Up-to-date symlink: /home/rover/osr_ws/install/osr_interfaces/share/osr_interfaces/environment/ament_prefix_path.sh
[1.667s] -- Up-to-date symlink: /home/rover/osr_ws/install/osr_interfaces/share/osr_interfaces/environment/ament_prefix_path.dsv
[1.668s] -- Up-to-date symlink: /home/rover/osr_ws/install/osr_interfaces/share/osr_interfaces/environment/path.sh
[1.669s] -- Up-to-date symlink: /home/rover/osr_ws/install/osr_interfaces/share/osr_interfaces/environment/path.dsv
[1.670s] -- Up-to-date symlink: /home/rover/osr_ws/install/osr_interfaces/share/osr_interfaces/local_setup.bash
[1.670s] -- Up-to-date symlink: /home/rover/osr_ws/install/osr_interfaces/share/osr_interfaces/local_setup.sh
[1.671s] -- Up-to-date symlink: /home/rover/osr_ws/install/osr_interfaces/share/osr_interfaces/local_setup.zsh
[1.672s] -- Up-to-date symlink: /home/rover/osr_ws/install/osr_interfaces/share/osr_interfaces/local_setup.dsv
[1.672s] -- Symlinking: /home/rover/osr_ws/install/osr_interfaces/share/osr_interfaces/package.dsv
[1.706s] -- Up-to-date symlink: /home/rover/osr_ws/install/osr_interfaces/share/ament_index/resource_index/packages/osr_interfaces
[1.706s] -- Up-to-date symlink: /home/rover/osr_ws/install/osr_interfaces/share/osr_interfaces/cmake/rosidl_cmake-extras.cmake
[1.707s] -- Up-to-date symlink: /home/rover/osr_ws/install/osr_interfaces/share/osr_interfaces/cmake/ament_cmake_export_include_directories-extras.cmake
[1.708s] -- Up-to-date symlink: /home/rover/osr_ws/install/osr_interfaces/share/osr_interfaces/cmake/ament_cmake_export_libraries-extras.cmake
[1.709s] -- Up-to-date symlink: /home/rover/osr_ws/install/osr_interfaces/share/osr_interfaces/cmake/ament_cmake_export_targets-extras.cmake
[1.710s] -- Up-to-date symlink: /home/rover/osr_ws/install/osr_interfaces/share/osr_interfaces/cmake/rosidl_cmake_export_typesupport_targets-extras.cmake
[1.711s] -- Up-to-date symlink: /home/rover/osr_ws/install/osr_interfaces/share/osr_interfaces/cmake/ament_cmake_export_dependencies-extras.cmake
[1.712s] -- Up-to-date symlink: /home/rover/osr_ws/install/osr_interfaces/share/osr_interfaces/cmake/rosidl_cmake_export_typesupport_libraries-extras.cmake
[1.713s] -- Up-to-date symlink: /home/rover/osr_ws/install/osr_interfaces/share/osr_interfaces/cmake/osr_interfacesConfig.cmake
[1.713s] -- Up-to-date symlink: /home/rover/osr_ws/install/osr_interfaces/share/osr_interfaces/cmake/osr_interfacesConfig-version.cmake
[1.714s] -- Up-to-date symlink: /home/rover/osr_ws/install/osr_interfaces/share/osr_interfaces/package.xml
[1.716s] -- Up-to-date: /home/rover/osr_ws/install/osr_interfaces/lib/libosr_interfaces__rosidl_generator_c.so
[1.718s] -- Up-to-date: /home/rover/osr_ws/install/osr_interfaces/lib/libosr_interfaces__rosidl_typesupport_fastrtps_c.so
[1.719s] -- Up-to-date: /home/rover/osr_ws/install/osr_interfaces/lib/libosr_interfaces__rosidl_typesupport_introspection_c.so
[1.721s] -- Up-to-date: /home/rover/osr_ws/install/osr_interfaces/lib/libosr_interfaces__rosidl_typesupport_c.so
[1.723s] -- Up-to-date: /home/rover/osr_ws/install/osr_interfaces/lib/libosr_interfaces__rosidl_typesupport_fastrtps_cpp.so
[1.725s] -- Up-to-date: /home/rover/osr_ws/install/osr_interfaces/lib/libosr_interfaces__rosidl_typesupport_introspection_cpp.so
[1.727s] -- Up-to-date: /home/rover/osr_ws/install/osr_interfaces/lib/libosr_interfaces__rosidl_typesupport_cpp.so
[1.877s] Listing '/home/rover/osr_ws/install/osr_interfaces/lib/python3.10/site-packages/osr_interfaces'...
[1.878s] Listing '/home/rover/osr_ws/install/osr_interfaces/lib/python3.10/site-packages/osr_interfaces/msg'...
[1.905s] -- Up-to-date: /home/rover/osr_ws/install/osr_interfaces/lib/libosr_interfaces__rosidl_generator_py.so
[1.907s] -- Up-to-date: /home/rover/osr_ws/install/osr_interfaces/share/osr_interfaces/cmake/export_osr_interfaces__rosidl_generator_cExport.cmake
[1.907s] -- Up-to-date: /home/rover/osr_ws/install/osr_interfaces/share/osr_interfaces/cmake/export_osr_interfaces__rosidl_generator_cExport-noconfig.cmake
[1.909s] -- Up-to-date: /home/rover/osr_ws/install/osr_interfaces/share/osr_interfaces/cmake/export_osr_interfaces__rosidl_typesupport_fastrtps_cExport.cmake
[1.909s] -- Up-to-date: /home/rover/osr_ws/install/osr_interfaces/share/osr_interfaces/cmake/export_osr_interfaces__rosidl_typesupport_fastrtps_cExport-noconfig.cmake
[1.910s] -- Up-to-date: /home/rover/osr_ws/install/osr_interfaces/share/osr_interfaces/cmake/osr_interfaces__rosidl_typesupport_introspection_cExport.cmake
[1.910s] -- Up-to-date: /home/rover/osr_ws/install/osr_interfaces/share/osr_interfaces/cmake/osr_interfaces__rosidl_typesupport_introspection_cExport-noconfig.cmake
[1.911s] -- Up-to-date: /home/rover/osr_ws/install/osr_interfaces/share/osr_interfaces/cmake/osr_interfaces__rosidl_typesupport_cExport.cmake
[1.911s] -- Up-to-date: /home/rover/osr_ws/install/osr_interfaces/share/osr_interfaces/cmake/osr_interfaces__rosidl_typesupport_cExport-noconfig.cmake
[1.912s] -- Up-to-date: /home/rover/osr_ws/install/osr_interfaces/share/osr_interfaces/cmake/export_osr_interfaces__rosidl_generator_cppExport.cmake
[1.913s] -- Up-to-date: /home/rover/osr_ws/install/osr_interfaces/share/osr_interfaces/cmake/export_osr_interfaces__rosidl_typesupport_fastrtps_cppExport.cmake
[1.913s] -- Up-to-date: /home/rover/osr_ws/install/osr_interfaces/share/osr_interfaces/cmake/export_osr_interfaces__rosidl_typesupport_fastrtps_cppExport-noconfig.cmake
[1.914s] -- Up-to-date: /home/rover/osr_ws/install/osr_interfaces/share/osr_interfaces/cmake/osr_interfaces__rosidl_typesupport_introspection_cppExport.cmake
[1.915s] -- Up-to-date: /home/rover/osr_ws/install/osr_interfaces/share/osr_interfaces/cmake/osr_interfaces__rosidl_typesupport_introspection_cppExport-noconfig.cmake
[1.915s] -- Up-to-date: /home/rover/osr_ws/install/osr_interfaces/share/osr_interfaces/cmake/osr_interfaces__rosidl_typesupport_cppExport.cmake
[1.916s] -- Up-to-date: /home/rover/osr_ws/install/osr_interfaces/share/osr_interfaces/cmake/osr_interfaces__rosidl_typesupport_cppExport-noconfig.cmake
[1.917s] -- Up-to-date: /home/rover/osr_ws/install/osr_interfaces/share/osr_interfaces/cmake/export_osr_interfaces__rosidl_generator_pyExport.cmake
[1.917s] -- Up-to-date: /home/rover/osr_ws/install/osr_interfaces/share/osr_interfaces/cmake/export_osr_interfaces__rosidl_generator_pyExport-noconfig.cmake
[1.925s] Invoked command in '/home/rover/osr_ws/build/osr_interfaces' returned '0': CMAKE_PREFIX_PATH=${CMAKE_PREFIX_PATH}:/home/rover/osr_ws/install/osr_control:/opt/ros/humble PS1=\[\e]0;\u@\h: \w\a\]${debian_chroot:+($debian_chroot)}\[\033[01;32m\]\u@\h\[\033[00m\]:\[\033[01;34m\]\w\[\033[00m\]\$ /usr/bin/cmake --install /home/rover/osr_ws/build/osr_interfaces
