[0.057s] Invoking command in '/home/rover/osr_ws/build/osr_bringup': CMAKE_PREFIX_PATH=${CMAKE_PREFIX_PATH}:/home/rover/osr_ws/install/osr_control:/opt/ros/humble PS1=(venv) \[\e]0;\u@\h: \w\a\]${debian_chroot:+($debian_chroot)}\[\033[01;32m\]\u@\h\[\033[00m\]:\[\033[01;34m\]\w\[\033[00m\]\$ /usr/bin/cmake --build /home/rover/osr_ws/build/osr_bringup -- -j4 -l4
[0.207s] Invoked command in '/home/rover/osr_ws/build/osr_bringup' returned '0': CMAKE_PREFIX_PATH=${CMAKE_PREFIX_PATH}:/home/rover/osr_ws/install/osr_control:/opt/ros/humble PS1=(venv) \[\e]0;\u@\h: \w\a\]${debian_chroot:+($debian_chroot)}\[\033[01;32m\]\u@\h\[\033[00m\]:\[\033[01;34m\]\w\[\033[00m\]\$ /usr/bin/cmake --build /home/rover/osr_ws/build/osr_bringup -- -j4 -l4
[0.252s] Invoking command in '/home/rover/osr_ws/build/osr_bringup': CMAKE_PREFIX_PATH=${CMAKE_PREFIX_PATH}:/home/rover/osr_ws/install/osr_control:/opt/ros/humble PS1=(venv) \[\e]0;\u@\h: \w\a\]${debian_chroot:+($debian_chroot)}\[\033[01;32m\]\u@\h\[\033[00m\]:\[\033[01;34m\]\w\[\033[00m\]\$ /usr/bin/cmake --install /home/rover/osr_ws/build/osr_bringup
[0.288s] -- Install configuration: ""
[0.291s] -- Execute custom install script
[0.298s] -- Up-to-date symlink: /home/rover/osr_ws/install/osr_bringup/share/osr_bringup/launch/.gitignore
[0.299s] -- Up-to-date symlink: /home/rover/osr_ws/install/osr_bringup/share/osr_bringup/launch/osr_launch.py
[0.301s] -- Up-to-date symlink: /home/rover/osr_ws/install/osr_bringup/share/osr_bringup/config/osr_params.yaml
[0.302s] -- Up-to-date symlink: /home/rover/osr_ws/install/osr_bringup/share/osr_bringup/config/osr_params_mod.yaml
[0.303s] -- Up-to-date symlink: /home/rover/osr_ws/install/osr_bringup/share/osr_bringup/config/roboclaw_params.yaml
[0.304s] -- Up-to-date symlink: /home/rover/osr_ws/install/osr_bringup/share/osr_bringup/config/roboclaw_params_mod.yaml
[0.305s] -- Up-to-date symlink: /home/rover/osr_ws/install/osr_bringup/share/ament_index/resource_index/package_run_dependencies/osr_bringup
[0.308s] -- Up-to-date symlink: /home/rover/osr_ws/install/osr_bringup/share/ament_index/resource_index/parent_prefix_path/osr_bringup
[0.308s] -- Up-to-date symlink: /home/rover/osr_ws/install/osr_bringup/share/osr_bringup/environment/ament_prefix_path.sh
[0.309s] -- Up-to-date symlink: /home/rover/osr_ws/install/osr_bringup/share/osr_bringup/environment/ament_prefix_path.dsv
[0.311s] -- Up-to-date symlink: /home/rover/osr_ws/install/osr_bringup/share/osr_bringup/environment/path.sh
[0.312s] -- Up-to-date symlink: /home/rover/osr_ws/install/osr_bringup/share/osr_bringup/environment/path.dsv
[0.315s] -- Up-to-date symlink: /home/rover/osr_ws/install/osr_bringup/share/osr_bringup/local_setup.bash
[0.317s] -- Up-to-date symlink: /home/rover/osr_ws/install/osr_bringup/share/osr_bringup/local_setup.sh
[0.323s] -- Up-to-date symlink: /home/rover/osr_ws/install/osr_bringup/share/osr_bringup/local_setup.zsh
[0.324s] -- Up-to-date symlink: /home/rover/osr_ws/install/osr_bringup/share/osr_bringup/local_setup.dsv
[0.325s] -- Symlinking: /home/rover/osr_ws/install/osr_bringup/share/osr_bringup/package.dsv
[0.367s] -- Up-to-date symlink: /home/rover/osr_ws/install/osr_bringup/share/ament_index/resource_index/packages/osr_bringup
[0.368s] -- Up-to-date symlink: /home/rover/osr_ws/install/osr_bringup/share/osr_bringup/cmake/osr_bringupConfig.cmake
[0.368s] -- Up-to-date symlink: /home/rover/osr_ws/install/osr_bringup/share/osr_bringup/cmake/osr_bringupConfig-version.cmake
[0.369s] -- Up-to-date symlink: /home/rover/osr_ws/install/osr_bringup/share/osr_bringup/package.xml
[0.383s] Invoked command in '/home/rover/osr_ws/build/osr_bringup' returned '0': CMAKE_PREFIX_PATH=${CMAKE_PREFIX_PATH}:/home/rover/osr_ws/install/osr_control:/opt/ros/humble PS1=(venv) \[\e]0;\u@\h: \w\a\]${debian_chroot:+($debian_chroot)}\[\033[01;32m\]\u@\h\[\033[00m\]:\[\033[01;34m\]\w\[\033[00m\]\$ /usr/bin/cmake --install /home/rover/osr_ws/build/osr_bringup
