[0.053s] Invoking command in '/home/rover/osr_ws/build/osr_interfaces': CMAKE_PREFIX_PATH=/opt/ros/humble PS1=(venv) \[\e]0;\u@\h: \w\a\]${debian_chroot:+($debian_chroot)}\[\033[01;32m\]\u@\h\[\033[00m\]:\[\033[01;34m\]\w\[\033[00m\]\$ /usr/bin/cmake /home/rover/osr_ws/src/osr-rover-code/ROS/osr_interfaces -DAMENT_CMAKE_SYMLINK_INSTALL=1 -DCMAKE_INSTALL_PREFIX=/home/rover/osr_ws/install/osr_interfaces
[0.100s] -- Found rosidl_default_generators: 1.2.0 (/opt/ros/humble/share/rosidl_default_generators/cmake)
[0.101s] -- Found ament_cmake_core: 1.3.11 (/opt/ros/humble/share/ament_cmake_core/cmake)
[0.662s] -- Override CMake install command with custom implementation using symlinks instead of copying resources
[0.673s] -- Using all available rosidl_typesupport_c: rosidl_typesupport_fastrtps_c;rosidl_typesupport_introspection_c
[0.686s] -- Found rosidl_adapter: 3.1.6 (/opt/ros/humble/share/rosidl_adapter/cmake)
[0.866s] -- Using all available rosidl_typesupport_cpp: rosidl_typesupport_fastrtps_cpp;rosidl_typesupport_introspection_cpp
[2.201s] -- Found ament_cmake_ros: 0.10.0 (/opt/ros/humble/share/ament_cmake_ros/cmake)
[3.082s] -- Using all available rosidl_typesupport_c: rosidl_typesupport_fastrtps_c;rosidl_typesupport_introspection_c
[4.177s] -- Using all available rosidl_typesupport_cpp: rosidl_typesupport_fastrtps_cpp;rosidl_typesupport_introspection_cpp
[4.297s] -- Found PythonInterp: /home/rover/osr_ws/venv/bin/python3 (found suitable version "3.10.12", minimum required is "3.6") 
[4.313s] -- Found python_cmake_module: 0.10.0 (/opt/ros/humble/share/python_cmake_module/cmake)
[4.456s] -- Found PythonLibs: /usr/lib/aarch64-linux-gnu/libpython3.10.so (found suitable version "3.10.12", minimum required is "3.5") 
[4.457s] -- Using PYTHON_EXECUTABLE: /home/rover/osr_ws/venv/bin/python3
[4.457s] -- Using PYTHON_INCLUDE_DIRS: /usr/include/python3.10
[4.458s] -- Using PYTHON_LIBRARIES: /usr/lib/aarch64-linux-gnu/libpython3.10.so
[4.573s] -- Found PythonExtra: .so  
[4.749s] -- Found ament_lint_auto: 0.12.12 (/opt/ros/humble/share/ament_lint_auto/cmake)
[4.915s] -- Added test 'copyright' to check source files copyright and LICENSE
[4.928s] -- Added test 'lint_cmake' to check CMake code style
[4.935s] -- Added test 'xmllint' to check XML markup files
[4.954s] -- Configuring done
[5.113s] -- Generating done
[5.151s] -- Build files have been written to: /home/rover/osr_ws/build/osr_interfaces
[5.178s] Invoked command in '/home/rover/osr_ws/build/osr_interfaces' returned '0': CMAKE_PREFIX_PATH=/opt/ros/humble PS1=(venv) \[\e]0;\u@\h: \w\a\]${debian_chroot:+($debian_chroot)}\[\033[01;32m\]\u@\h\[\033[00m\]:\[\033[01;34m\]\w\[\033[00m\]\$ /usr/bin/cmake /home/rover/osr_ws/src/osr-rover-code/ROS/osr_interfaces -DAMENT_CMAKE_SYMLINK_INSTALL=1 -DCMAKE_INSTALL_PREFIX=/home/rover/osr_ws/install/osr_interfaces
[5.187s] Invoking command in '/home/rover/osr_ws/build/osr_interfaces': CMAKE_PREFIX_PATH=/opt/ros/humble PS1=(venv) \[\e]0;\u@\h: \w\a\]${debian_chroot:+($debian_chroot)}\[\033[01;32m\]\u@\h\[\033[00m\]:\[\033[01;34m\]\w\[\033[00m\]\$ /usr/bin/cmake --build /home/rover/osr_ws/build/osr_interfaces -- -j4 -l4
[5.338s] [  2%] [34m[1mGenerating C code for ROS interfaces[0m
[5.379s] [  4%] [34m[1mGenerating C++ code for ROS interfaces[0m
[5.411s] [  4%] Built target ament_cmake_python_symlink_osr_interfaces
[5.584s] Traceback (most recent call last):
[5.585s]   File "/opt/ros/humble/share/rosidl_generator_c/cmake/../../../lib/rosidl_generator_c/rosidl_generator_c", line 8, in <module>
[5.587s]     from rosidl_generator_c import generate_c
[5.588s]   File "/opt/ros/humble/local/lib/python3.10/dist-packages/rosidl_generator_c/__init__.py", line 15, in <module>
[5.589s]     from rosidl_cmake import convert_camel_case_to_lower_case_underscore
[5.591s]   File "/opt/ros/humble/local/lib/python3.10/dist-packages/rosidl_cmake/__init__.py", line 24, in <module>
[5.592s]     from rosidl_parser.parser import parse_idl_file
[5.594s]   File "/opt/ros/humble/local/lib/python3.10/dist-packages/rosidl_parser/parser.py", line 20, in <module>
[5.595s]     from lark import Lark
[5.596s] ModuleNotFoundError: No module named 'lark'
[5.639s] gmake[2]: *** [CMakeFiles/osr_interfaces__rosidl_generator_c.dir/build.make:89: rosidl_generator_c/osr_interfaces/msg/status.h] Error 1
[5.640s] gmake[1]: *** [CMakeFiles/Makefile2:212: CMakeFiles/osr_interfaces__rosidl_generator_c.dir/all] Error 2
[5.641s] gmake[1]: *** Waiting for unfinished jobs....
[5.644s] Traceback (most recent call last):
[5.645s]   File "/opt/ros/humble/share/rosidl_generator_cpp/cmake/../../../lib/rosidl_generator_cpp/rosidl_generator_cpp", line 8, in <module>
[5.647s]     from rosidl_generator_cpp import generate_cpp
[5.648s]   File "/opt/ros/humble/local/lib/python3.10/dist-packages/rosidl_generator_cpp/__init__.py", line 17, in <module>
[5.649s]     from rosidl_cmake import generate_files
[5.650s]   File "/opt/ros/humble/local/lib/python3.10/dist-packages/rosidl_cmake/__init__.py", line 24, in <module>
[5.651s]     from rosidl_parser.parser import parse_idl_file
[5.652s]   File "/opt/ros/humble/local/lib/python3.10/dist-packages/rosidl_parser/parser.py", line 20, in <module>
[5.653s]     from lark import Lark
[5.654s] ModuleNotFoundError: No module named 'lark'
[5.689s] gmake[2]: *** [CMakeFiles/osr_interfaces__cpp.dir/build.make:105: rosidl_generator_cpp/osr_interfaces/msg/status.hpp] Error 1
[5.690s] gmake[1]: *** [CMakeFiles/Makefile2:317: CMakeFiles/osr_interfaces__cpp.dir/all] Error 2
[6.276s] running egg_info
[6.278s] creating osr_interfaces.egg-info
[6.278s] writing osr_interfaces.egg-info/PKG-INFO
[6.279s] writing dependency_links to osr_interfaces.egg-info/dependency_links.txt
[6.280s] writing top-level names to osr_interfaces.egg-info/top_level.txt
[6.280s] writing manifest file 'osr_interfaces.egg-info/SOURCES.txt'
[6.287s] reading manifest file 'osr_interfaces.egg-info/SOURCES.txt'
[6.289s] writing manifest file 'osr_interfaces.egg-info/SOURCES.txt'
[6.413s] [  4%] Built target ament_cmake_python_build_osr_interfaces_egg
[6.417s] gmake: *** [Makefile:146: all] Error 2
[6.423s] Invoked command in '/home/rover/osr_ws/build/osr_interfaces' returned '2': CMAKE_PREFIX_PATH=/opt/ros/humble PS1=(venv) \[\e]0;\u@\h: \w\a\]${debian_chroot:+($debian_chroot)}\[\033[01;32m\]\u@\h\[\033[00m\]:\[\033[01;34m\]\w\[\033[00m\]\$ /usr/bin/cmake --build /home/rover/osr_ws/build/osr_interfaces -- -j4 -l4
