[0.405s] DEBUG:colcon:Command line arguments: ['/usr/bin/colcon', 'build', '--symlink-install']
[0.405s] DEBUG:colcon:Parsed command line arguments: Namespace(log_base=None, log_level=None, verb_name='build', build_base='build', install_base='install', merge_install=False, symlink_install=True, test_result_base=None, continue_on_error=False, executor='parallel', parallel_workers=4, event_handlers=None, ignore_user_meta=False, metas=['./colcon.meta'], base_paths=['.'], packages_ignore=None, packages_ignore_regex=None, paths=None, packages_up_to=None, packages_up_to_regex=None, packages_above=None, packages_above_and_dependencies=None, packages_above_depth=None, packages_select_by_dep=None, packages_skip_by_dep=None, packages_skip_up_to=None, packages_select_build_failed=False, packages_skip_build_finished=False, packages_select_test_failures=False, packages_skip_test_passed=False, packages_select=None, packages_skip=None, packages_select_regex=None, packages_skip_regex=None, packages_start=None, packages_end=None, allow_overriding=[], cmake_args=None, cmake_target=None, cmake_target_skip_unavailable=False, cmake_clean_cache=False, cmake_clean_first=False, cmake_force_configure=False, ament_cmake_args=None, catkin_cmake_args=None, catkin_skip_building_tests=False, verb_parser=<colcon_defaults.argument_parser.defaults.DefaultArgumentsDecorator object at 0xffffb3c32050>, verb_extension=<colcon_core.verb.build.BuildVerb object at 0xffffb3d3f4c0>, main=<bound method BuildVerb.main of <colcon_core.verb.build.BuildVerb object at 0xffffb3d3f4c0>>)
[1.024s] Level 1:colcon.colcon_core.package_discovery:discover_packages(colcon_meta) check parameters
[1.024s] Level 1:colcon.colcon_core.package_discovery:discover_packages(recursive) check parameters
[1.030s] Level 1:colcon.colcon_core.package_discovery:discover_packages(ignore) check parameters
[1.030s] Level 1:colcon.colcon_core.package_discovery:discover_packages(path) check parameters
[1.030s] Level 1:colcon.colcon_core.package_discovery:discover_packages(colcon_meta) discover
[1.030s] Level 1:colcon.colcon_core.package_discovery:discover_packages(recursive) discover
[1.030s] INFO:colcon.colcon_core.package_discovery:Crawling recursively for packages in '/home/rover/osr_ws'
[1.031s] Level 1:colcon.colcon_core.package_identification:_identify(.) by extensions ['ignore', 'ignore_ament_install']
[1.031s] Level 1:colcon.colcon_core.package_identification:_identify(.) by extension 'ignore'
[1.031s] Level 1:colcon.colcon_core.package_identification:_identify(.) by extension 'ignore_ament_install'
[1.031s] Level 1:colcon.colcon_core.package_identification:_identify(.) by extensions ['colcon_pkg']
[1.032s] Level 1:colcon.colcon_core.package_identification:_identify(.) by extension 'colcon_pkg'
[1.032s] Level 1:colcon.colcon_core.package_identification:_identify(.) by extensions ['colcon_meta']
[1.032s] Level 1:colcon.colcon_core.package_identification:_identify(.) by extension 'colcon_meta'
[1.032s] Level 1:colcon.colcon_core.package_identification:_identify(.) by extensions ['ros']
[1.032s] Level 1:colcon.colcon_core.package_identification:_identify(.) by extension 'ros'
[1.080s] Level 1:colcon.colcon_core.package_identification:_identify(.) by extensions ['cmake', 'python']
[1.081s] Level 1:colcon.colcon_core.package_identification:_identify(.) by extension 'cmake'
[1.081s] Level 1:colcon.colcon_core.package_identification:_identify(.) by extension 'python'
[1.081s] Level 1:colcon.colcon_core.package_identification:_identify(.) by extensions ['python_setup_py']
[1.081s] Level 1:colcon.colcon_core.package_identification:_identify(.) by extension 'python_setup_py'
[1.082s] Level 1:colcon.colcon_core.package_identification:_identify(build) by extensions ['ignore', 'ignore_ament_install']
[1.082s] Level 1:colcon.colcon_core.package_identification:_identify(build) by extension 'ignore'
[1.082s] Level 1:colcon.colcon_core.package_identification:_identify(build) ignored
[1.083s] Level 1:colcon.colcon_core.package_identification:_identify(install) by extensions ['ignore', 'ignore_ament_install']
[1.083s] Level 1:colcon.colcon_core.package_identification:_identify(install) by extension 'ignore'
[1.083s] Level 1:colcon.colcon_core.package_identification:_identify(install) ignored
[1.084s] Level 1:colcon.colcon_core.package_identification:_identify(log) by extensions ['ignore', 'ignore_ament_install']
[1.084s] Level 1:colcon.colcon_core.package_identification:_identify(log) by extension 'ignore'
[1.084s] Level 1:colcon.colcon_core.package_identification:_identify(log) ignored
[1.085s] Level 1:colcon.colcon_core.package_identification:_identify(src) by extensions ['ignore', 'ignore_ament_install']
[1.085s] Level 1:colcon.colcon_core.package_identification:_identify(src) by extension 'ignore'
[1.085s] Level 1:colcon.colcon_core.package_identification:_identify(src) by extension 'ignore_ament_install'
[1.085s] Level 1:colcon.colcon_core.package_identification:_identify(src) by extensions ['colcon_pkg']
[1.085s] Level 1:colcon.colcon_core.package_identification:_identify(src) by extension 'colcon_pkg'
[1.086s] Level 1:colcon.colcon_core.package_identification:_identify(src) by extensions ['colcon_meta']
[1.086s] Level 1:colcon.colcon_core.package_identification:_identify(src) by extension 'colcon_meta'
[1.086s] Level 1:colcon.colcon_core.package_identification:_identify(src) by extensions ['ros']
[1.086s] Level 1:colcon.colcon_core.package_identification:_identify(src) by extension 'ros'
[1.086s] Level 1:colcon.colcon_core.package_identification:_identify(src) by extensions ['cmake', 'python']
[1.086s] Level 1:colcon.colcon_core.package_identification:_identify(src) by extension 'cmake'
[1.087s] Level 1:colcon.colcon_core.package_identification:_identify(src) by extension 'python'
[1.087s] Level 1:colcon.colcon_core.package_identification:_identify(src) by extensions ['python_setup_py']
[1.087s] Level 1:colcon.colcon_core.package_identification:_identify(src) by extension 'python_setup_py'
[1.087s] Level 1:colcon.colcon_core.package_identification:_identify(src/osr-rover-code) by extensions ['ignore', 'ignore_ament_install']
[1.088s] Level 1:colcon.colcon_core.package_identification:_identify(src/osr-rover-code) by extension 'ignore'
[1.088s] Level 1:colcon.colcon_core.package_identification:_identify(src/osr-rover-code) by extension 'ignore_ament_install'
[1.088s] Level 1:colcon.colcon_core.package_identification:_identify(src/osr-rover-code) by extensions ['colcon_pkg']
[1.088s] Level 1:colcon.colcon_core.package_identification:_identify(src/osr-rover-code) by extension 'colcon_pkg'
[1.088s] Level 1:colcon.colcon_core.package_identification:_identify(src/osr-rover-code) by extensions ['colcon_meta']
[1.088s] Level 1:colcon.colcon_core.package_identification:_identify(src/osr-rover-code) by extension 'colcon_meta'
[1.089s] Level 1:colcon.colcon_core.package_identification:_identify(src/osr-rover-code) by extensions ['ros']
[1.089s] Level 1:colcon.colcon_core.package_identification:_identify(src/osr-rover-code) by extension 'ros'
[1.089s] Level 1:colcon.colcon_core.package_identification:_identify(src/osr-rover-code) by extensions ['cmake', 'python']
[1.089s] Level 1:colcon.colcon_core.package_identification:_identify(src/osr-rover-code) by extension 'cmake'
[1.089s] Level 1:colcon.colcon_core.package_identification:_identify(src/osr-rover-code) by extension 'python'
[1.090s] Level 1:colcon.colcon_core.package_identification:_identify(src/osr-rover-code) by extensions ['python_setup_py']
[1.090s] Level 1:colcon.colcon_core.package_identification:_identify(src/osr-rover-code) by extension 'python_setup_py'
[1.090s] Level 1:colcon.colcon_core.package_identification:_identify(src/osr-rover-code/ROS) by extensions ['ignore', 'ignore_ament_install']
[1.090s] Level 1:colcon.colcon_core.package_identification:_identify(src/osr-rover-code/ROS) by extension 'ignore'
[1.091s] Level 1:colcon.colcon_core.package_identification:_identify(src/osr-rover-code/ROS) by extension 'ignore_ament_install'
[1.091s] Level 1:colcon.colcon_core.package_identification:_identify(src/osr-rover-code/ROS) by extensions ['colcon_pkg']
[1.091s] Level 1:colcon.colcon_core.package_identification:_identify(src/osr-rover-code/ROS) by extension 'colcon_pkg'
[1.091s] Level 1:colcon.colcon_core.package_identification:_identify(src/osr-rover-code/ROS) by extensions ['colcon_meta']
[1.091s] Level 1:colcon.colcon_core.package_identification:_identify(src/osr-rover-code/ROS) by extension 'colcon_meta'
[1.091s] Level 1:colcon.colcon_core.package_identification:_identify(src/osr-rover-code/ROS) by extensions ['ros']
[1.092s] Level 1:colcon.colcon_core.package_identification:_identify(src/osr-rover-code/ROS) by extension 'ros'
[1.092s] Level 1:colcon.colcon_core.package_identification:_identify(src/osr-rover-code/ROS) by extensions ['cmake', 'python']
[1.092s] Level 1:colcon.colcon_core.package_identification:_identify(src/osr-rover-code/ROS) by extension 'cmake'
[1.092s] Level 1:colcon.colcon_core.package_identification:_identify(src/osr-rover-code/ROS) by extension 'python'
[1.092s] Level 1:colcon.colcon_core.package_identification:_identify(src/osr-rover-code/ROS) by extensions ['python_setup_py']
[1.092s] Level 1:colcon.colcon_core.package_identification:_identify(src/osr-rover-code/ROS) by extension 'python_setup_py'
[1.093s] Level 1:colcon.colcon_core.package_identification:_identify(src/osr-rover-code/ROS/osr_bringup) by extensions ['ignore', 'ignore_ament_install']
[1.093s] Level 1:colcon.colcon_core.package_identification:_identify(src/osr-rover-code/ROS/osr_bringup) by extension 'ignore'
[1.093s] Level 1:colcon.colcon_core.package_identification:_identify(src/osr-rover-code/ROS/osr_bringup) by extension 'ignore_ament_install'
[1.094s] Level 1:colcon.colcon_core.package_identification:_identify(src/osr-rover-code/ROS/osr_bringup) by extensions ['colcon_pkg']
[1.094s] Level 1:colcon.colcon_core.package_identification:_identify(src/osr-rover-code/ROS/osr_bringup) by extension 'colcon_pkg'
[1.094s] Level 1:colcon.colcon_core.package_identification:_identify(src/osr-rover-code/ROS/osr_bringup) by extensions ['colcon_meta']
[1.094s] Level 1:colcon.colcon_core.package_identification:_identify(src/osr-rover-code/ROS/osr_bringup) by extension 'colcon_meta'
[1.094s] Level 1:colcon.colcon_core.package_identification:_identify(src/osr-rover-code/ROS/osr_bringup) by extensions ['ros']
[1.094s] Level 1:colcon.colcon_core.package_identification:_identify(src/osr-rover-code/ROS/osr_bringup) by extension 'ros'
[1.108s] DEBUG:colcon.colcon_core.package_identification:Package 'src/osr-rover-code/ROS/osr_bringup' with type 'ros.ament_cmake' and name 'osr_bringup'
[1.108s] Level 1:colcon.colcon_core.package_identification:_identify(src/osr-rover-code/ROS/osr_control) by extensions ['ignore', 'ignore_ament_install']
[1.109s] Level 1:colcon.colcon_core.package_identification:_identify(src/osr-rover-code/ROS/osr_control) by extension 'ignore'
[1.109s] Level 1:colcon.colcon_core.package_identification:_identify(src/osr-rover-code/ROS/osr_control) by extension 'ignore_ament_install'
[1.109s] Level 1:colcon.colcon_core.package_identification:_identify(src/osr-rover-code/ROS/osr_control) by extensions ['colcon_pkg']
[1.109s] Level 1:colcon.colcon_core.package_identification:_identify(src/osr-rover-code/ROS/osr_control) by extension 'colcon_pkg'
[1.110s] Level 1:colcon.colcon_core.package_identification:_identify(src/osr-rover-code/ROS/osr_control) by extensions ['colcon_meta']
[1.110s] Level 1:colcon.colcon_core.package_identification:_identify(src/osr-rover-code/ROS/osr_control) by extension 'colcon_meta'
[1.110s] Level 1:colcon.colcon_core.package_identification:_identify(src/osr-rover-code/ROS/osr_control) by extensions ['ros']
[1.110s] Level 1:colcon.colcon_core.package_identification:_identify(src/osr-rover-code/ROS/osr_control) by extension 'ros'
[1.112s] DEBUG:colcon.colcon_core.package_identification:Package 'src/osr-rover-code/ROS/osr_control' with type 'ros.ament_python' and name 'osr_control'
[1.113s] Level 1:colcon.colcon_core.package_identification:_identify(src/osr-rover-code/ROS/osr_gazebo) by extensions ['ignore', 'ignore_ament_install']
[1.113s] Level 1:colcon.colcon_core.package_identification:_identify(src/osr-rover-code/ROS/osr_gazebo) by extension 'ignore'
[1.113s] Level 1:colcon.colcon_core.package_identification:_identify(src/osr-rover-code/ROS/osr_gazebo) ignored
[1.114s] Level 1:colcon.colcon_core.package_identification:_identify(src/osr-rover-code/ROS/osr_interfaces) by extensions ['ignore', 'ignore_ament_install']
[1.114s] Level 1:colcon.colcon_core.package_identification:_identify(src/osr-rover-code/ROS/osr_interfaces) by extension 'ignore'
[1.114s] Level 1:colcon.colcon_core.package_identification:_identify(src/osr-rover-code/ROS/osr_interfaces) by extension 'ignore_ament_install'
[1.115s] Level 1:colcon.colcon_core.package_identification:_identify(src/osr-rover-code/ROS/osr_interfaces) by extensions ['colcon_pkg']
[1.115s] Level 1:colcon.colcon_core.package_identification:_identify(src/osr-rover-code/ROS/osr_interfaces) by extension 'colcon_pkg'
[1.115s] Level 1:colcon.colcon_core.package_identification:_identify(src/osr-rover-code/ROS/osr_interfaces) by extensions ['colcon_meta']
[1.115s] Level 1:colcon.colcon_core.package_identification:_identify(src/osr-rover-code/ROS/osr_interfaces) by extension 'colcon_meta'
[1.115s] Level 1:colcon.colcon_core.package_identification:_identify(src/osr-rover-code/ROS/osr_interfaces) by extensions ['ros']
[1.115s] Level 1:colcon.colcon_core.package_identification:_identify(src/osr-rover-code/ROS/osr_interfaces) by extension 'ros'
[1.118s] DEBUG:colcon.colcon_core.package_identification:Package 'src/osr-rover-code/ROS/osr_interfaces' with type 'ros.ament_cmake' and name 'osr_interfaces'
[1.118s] Level 1:colcon.colcon_core.package_identification:_identify(src/osr-rover-code/config) by extensions ['ignore', 'ignore_ament_install']
[1.118s] Level 1:colcon.colcon_core.package_identification:_identify(src/osr-rover-code/config) by extension 'ignore'
[1.119s] Level 1:colcon.colcon_core.package_identification:_identify(src/osr-rover-code/config) by extension 'ignore_ament_install'
[1.119s] Level 1:colcon.colcon_core.package_identification:_identify(src/osr-rover-code/config) by extensions ['colcon_pkg']
[1.119s] Level 1:colcon.colcon_core.package_identification:_identify(src/osr-rover-code/config) by extension 'colcon_pkg'
[1.119s] Level 1:colcon.colcon_core.package_identification:_identify(src/osr-rover-code/config) by extensions ['colcon_meta']
[1.119s] Level 1:colcon.colcon_core.package_identification:_identify(src/osr-rover-code/config) by extension 'colcon_meta'
[1.119s] Level 1:colcon.colcon_core.package_identification:_identify(src/osr-rover-code/config) by extensions ['ros']
[1.120s] Level 1:colcon.colcon_core.package_identification:_identify(src/osr-rover-code/config) by extension 'ros'
[1.120s] Level 1:colcon.colcon_core.package_identification:_identify(src/osr-rover-code/config) by extensions ['cmake', 'python']
[1.120s] Level 1:colcon.colcon_core.package_identification:_identify(src/osr-rover-code/config) by extension 'cmake'
[1.120s] Level 1:colcon.colcon_core.package_identification:_identify(src/osr-rover-code/config) by extension 'python'
[1.120s] Level 1:colcon.colcon_core.package_identification:_identify(src/osr-rover-code/config) by extensions ['python_setup_py']
[1.120s] Level 1:colcon.colcon_core.package_identification:_identify(src/osr-rover-code/config) by extension 'python_setup_py'
[1.121s] Level 1:colcon.colcon_core.package_identification:_identify(src/osr-rover-code/init_scripts) by extensions ['ignore', 'ignore_ament_install']
[1.121s] Level 1:colcon.colcon_core.package_identification:_identify(src/osr-rover-code/init_scripts) by extension 'ignore'
[1.121s] Level 1:colcon.colcon_core.package_identification:_identify(src/osr-rover-code/init_scripts) by extension 'ignore_ament_install'
[1.122s] Level 1:colcon.colcon_core.package_identification:_identify(src/osr-rover-code/init_scripts) by extensions ['colcon_pkg']
[1.122s] Level 1:colcon.colcon_core.package_identification:_identify(src/osr-rover-code/init_scripts) by extension 'colcon_pkg'
[1.122s] Level 1:colcon.colcon_core.package_identification:_identify(src/osr-rover-code/init_scripts) by extensions ['colcon_meta']
[1.122s] Level 1:colcon.colcon_core.package_identification:_identify(src/osr-rover-code/init_scripts) by extension 'colcon_meta'
[1.122s] Level 1:colcon.colcon_core.package_identification:_identify(src/osr-rover-code/init_scripts) by extensions ['ros']
[1.122s] Level 1:colcon.colcon_core.package_identification:_identify(src/osr-rover-code/init_scripts) by extension 'ros'
[1.123s] Level 1:colcon.colcon_core.package_identification:_identify(src/osr-rover-code/init_scripts) by extensions ['cmake', 'python']
[1.123s] Level 1:colcon.colcon_core.package_identification:_identify(src/osr-rover-code/init_scripts) by extension 'cmake'
[1.123s] Level 1:colcon.colcon_core.package_identification:_identify(src/osr-rover-code/init_scripts) by extension 'python'
[1.123s] Level 1:colcon.colcon_core.package_identification:_identify(src/osr-rover-code/init_scripts) by extensions ['python_setup_py']
[1.123s] Level 1:colcon.colcon_core.package_identification:_identify(src/osr-rover-code/init_scripts) by extension 'python_setup_py'
[1.124s] Level 1:colcon.colcon_core.package_identification:_identify(src/osr-rover-code/scripts) by extensions ['ignore', 'ignore_ament_install']
[1.124s] Level 1:colcon.colcon_core.package_identification:_identify(src/osr-rover-code/scripts) by extension 'ignore'
[1.124s] Level 1:colcon.colcon_core.package_identification:_identify(src/osr-rover-code/scripts) by extension 'ignore_ament_install'
[1.125s] Level 1:colcon.colcon_core.package_identification:_identify(src/osr-rover-code/scripts) by extensions ['colcon_pkg']
[1.125s] Level 1:colcon.colcon_core.package_identification:_identify(src/osr-rover-code/scripts) by extension 'colcon_pkg'
[1.125s] Level 1:colcon.colcon_core.package_identification:_identify(src/osr-rover-code/scripts) by extensions ['colcon_meta']
[1.125s] Level 1:colcon.colcon_core.package_identification:_identify(src/osr-rover-code/scripts) by extension 'colcon_meta'
[1.125s] Level 1:colcon.colcon_core.package_identification:_identify(src/osr-rover-code/scripts) by extensions ['ros']
[1.125s] Level 1:colcon.colcon_core.package_identification:_identify(src/osr-rover-code/scripts) by extension 'ros'
[1.126s] Level 1:colcon.colcon_core.package_identification:_identify(src/osr-rover-code/scripts) by extensions ['cmake', 'python']
[1.126s] Level 1:colcon.colcon_core.package_identification:_identify(src/osr-rover-code/scripts) by extension 'cmake'
[1.126s] Level 1:colcon.colcon_core.package_identification:_identify(src/osr-rover-code/scripts) by extension 'python'
[1.126s] Level 1:colcon.colcon_core.package_identification:_identify(src/osr-rover-code/scripts) by extensions ['python_setup_py']
[1.126s] Level 1:colcon.colcon_core.package_identification:_identify(src/osr-rover-code/scripts) by extension 'python_setup_py'
[1.127s] Level 1:colcon.colcon_core.package_identification:_identify(src/osr-rover-code/setup) by extensions ['ignore', 'ignore_ament_install']
[1.127s] Level 1:colcon.colcon_core.package_identification:_identify(src/osr-rover-code/setup) by extension 'ignore'
[1.127s] Level 1:colcon.colcon_core.package_identification:_identify(src/osr-rover-code/setup) by extension 'ignore_ament_install'
[1.127s] Level 1:colcon.colcon_core.package_identification:_identify(src/osr-rover-code/setup) by extensions ['colcon_pkg']
[1.128s] Level 1:colcon.colcon_core.package_identification:_identify(src/osr-rover-code/setup) by extension 'colcon_pkg'
[1.128s] Level 1:colcon.colcon_core.package_identification:_identify(src/osr-rover-code/setup) by extensions ['colcon_meta']
[1.128s] Level 1:colcon.colcon_core.package_identification:_identify(src/osr-rover-code/setup) by extension 'colcon_meta'
[1.128s] Level 1:colcon.colcon_core.package_identification:_identify(src/osr-rover-code/setup) by extensions ['ros']
[1.128s] Level 1:colcon.colcon_core.package_identification:_identify(src/osr-rover-code/setup) by extension 'ros'
[1.128s] Level 1:colcon.colcon_core.package_identification:_identify(src/osr-rover-code/setup) by extensions ['cmake', 'python']
[1.129s] Level 1:colcon.colcon_core.package_identification:_identify(src/osr-rover-code/setup) by extension 'cmake'
[1.129s] Level 1:colcon.colcon_core.package_identification:_identify(src/osr-rover-code/setup) by extension 'python'
[1.129s] Level 1:colcon.colcon_core.package_identification:_identify(src/osr-rover-code/setup) by extensions ['python_setup_py']
[1.129s] Level 1:colcon.colcon_core.package_identification:_identify(src/osr-rover-code/setup) by extension 'python_setup_py'
[1.130s] Level 1:colcon.colcon_core.package_identification:_identify(src/osr-rover-code/setup/images) by extensions ['ignore', 'ignore_ament_install']
[1.130s] Level 1:colcon.colcon_core.package_identification:_identify(src/osr-rover-code/setup/images) by extension 'ignore'
[1.130s] Level 1:colcon.colcon_core.package_identification:_identify(src/osr-rover-code/setup/images) by extension 'ignore_ament_install'
[1.130s] Level 1:colcon.colcon_core.package_identification:_identify(src/osr-rover-code/setup/images) by extensions ['colcon_pkg']
[1.130s] Level 1:colcon.colcon_core.package_identification:_identify(src/osr-rover-code/setup/images) by extension 'colcon_pkg'
[1.131s] Level 1:colcon.colcon_core.package_identification:_identify(src/osr-rover-code/setup/images) by extensions ['colcon_meta']
[1.131s] Level 1:colcon.colcon_core.package_identification:_identify(src/osr-rover-code/setup/images) by extension 'colcon_meta'
[1.131s] Level 1:colcon.colcon_core.package_identification:_identify(src/osr-rover-code/setup/images) by extensions ['ros']
[1.131s] Level 1:colcon.colcon_core.package_identification:_identify(src/osr-rover-code/setup/images) by extension 'ros'
[1.131s] Level 1:colcon.colcon_core.package_identification:_identify(src/osr-rover-code/setup/images) by extensions ['cmake', 'python']
[1.131s] Level 1:colcon.colcon_core.package_identification:_identify(src/osr-rover-code/setup/images) by extension 'cmake'
[1.132s] Level 1:colcon.colcon_core.package_identification:_identify(src/osr-rover-code/setup/images) by extension 'python'
[1.132s] Level 1:colcon.colcon_core.package_identification:_identify(src/osr-rover-code/setup/images) by extensions ['python_setup_py']
[1.132s] Level 1:colcon.colcon_core.package_identification:_identify(src/osr-rover-code/setup/images) by extension 'python_setup_py'
[1.132s] Level 1:colcon.colcon_core.package_identification:_identify(venv) by extensions ['ignore', 'ignore_ament_install']
[1.133s] Level 1:colcon.colcon_core.package_identification:_identify(venv) by extension 'ignore'
[1.133s] Level 1:colcon.colcon_core.package_identification:_identify(venv) ignored
[1.133s] Level 1:colcon.colcon_core.package_discovery:discover_packages(recursive) using defaults
[1.133s] Level 1:colcon.colcon_core.package_discovery:discover_packages(ignore) discover
[1.133s] Level 1:colcon.colcon_core.package_discovery:discover_packages(ignore) using defaults
[1.133s] Level 1:colcon.colcon_core.package_discovery:discover_packages(path) discover
[1.133s] Level 1:colcon.colcon_core.package_discovery:discover_packages(path) using defaults
[1.207s] Level 1:colcon.colcon_core.package_discovery:discover_packages(prefix_path) check parameters
[1.207s] Level 1:colcon.colcon_core.package_discovery:discover_packages(prefix_path) discover
[1.220s] DEBUG:colcon.colcon_installed_package_information.package_discovery:Found 214 installed packages in /opt/ros/humble
[1.224s] Level 1:colcon.colcon_core.package_discovery:discover_packages(prefix_path) using defaults
[1.380s] Level 5:colcon.colcon_core.verb:set package 'osr_bringup' build argument 'cmake_args' from command line to 'None'
[1.380s] Level 5:colcon.colcon_core.verb:set package 'osr_bringup' build argument 'cmake_target' from command line to 'None'
[1.380s] Level 5:colcon.colcon_core.verb:set package 'osr_bringup' build argument 'cmake_target_skip_unavailable' from command line to 'False'
[1.380s] Level 5:colcon.colcon_core.verb:set package 'osr_bringup' build argument 'cmake_clean_cache' from command line to 'False'
[1.381s] Level 5:colcon.colcon_core.verb:set package 'osr_bringup' build argument 'cmake_clean_first' from command line to 'False'
[1.381s] Level 5:colcon.colcon_core.verb:set package 'osr_bringup' build argument 'cmake_force_configure' from command line to 'False'
[1.381s] Level 5:colcon.colcon_core.verb:set package 'osr_bringup' build argument 'ament_cmake_args' from command line to 'None'
[1.381s] Level 5:colcon.colcon_core.verb:set package 'osr_bringup' build argument 'catkin_cmake_args' from command line to 'None'
[1.381s] Level 5:colcon.colcon_core.verb:set package 'osr_bringup' build argument 'catkin_skip_building_tests' from command line to 'False'
[1.381s] DEBUG:colcon.colcon_core.verb:Building package 'osr_bringup' with the following arguments: {'ament_cmake_args': None, 'build_base': '/home/rover/osr_ws/build/osr_bringup', 'catkin_cmake_args': None, 'catkin_skip_building_tests': False, 'cmake_args': None, 'cmake_clean_cache': False, 'cmake_clean_first': False, 'cmake_force_configure': False, 'cmake_target': None, 'cmake_target_skip_unavailable': False, 'install_base': '/home/rover/osr_ws/install/osr_bringup', 'merge_install': False, 'path': '/home/rover/osr_ws/src/osr-rover-code/ROS/osr_bringup', 'symlink_install': True, 'test_result_base': None}
[1.383s] Level 5:colcon.colcon_core.verb:set package 'osr_interfaces' build argument 'cmake_args' from command line to 'None'
[1.383s] Level 5:colcon.colcon_core.verb:set package 'osr_interfaces' build argument 'cmake_target' from command line to 'None'
[1.383s] Level 5:colcon.colcon_core.verb:set package 'osr_interfaces' build argument 'cmake_target_skip_unavailable' from command line to 'False'
[1.383s] Level 5:colcon.colcon_core.verb:set package 'osr_interfaces' build argument 'cmake_clean_cache' from command line to 'False'
[1.383s] Level 5:colcon.colcon_core.verb:set package 'osr_interfaces' build argument 'cmake_clean_first' from command line to 'False'
[1.383s] Level 5:colcon.colcon_core.verb:set package 'osr_interfaces' build argument 'cmake_force_configure' from command line to 'False'
[1.383s] Level 5:colcon.colcon_core.verb:set package 'osr_interfaces' build argument 'ament_cmake_args' from command line to 'None'
[1.383s] Level 5:colcon.colcon_core.verb:set package 'osr_interfaces' build argument 'catkin_cmake_args' from command line to 'None'
[1.383s] Level 5:colcon.colcon_core.verb:set package 'osr_interfaces' build argument 'catkin_skip_building_tests' from command line to 'False'
[1.384s] DEBUG:colcon.colcon_core.verb:Building package 'osr_interfaces' with the following arguments: {'ament_cmake_args': None, 'build_base': '/home/rover/osr_ws/build/osr_interfaces', 'catkin_cmake_args': None, 'catkin_skip_building_tests': False, 'cmake_args': None, 'cmake_clean_cache': False, 'cmake_clean_first': False, 'cmake_force_configure': False, 'cmake_target': None, 'cmake_target_skip_unavailable': False, 'install_base': '/home/rover/osr_ws/install/osr_interfaces', 'merge_install': False, 'path': '/home/rover/osr_ws/src/osr-rover-code/ROS/osr_interfaces', 'symlink_install': True, 'test_result_base': None}
[1.385s] Level 5:colcon.colcon_core.verb:set package 'osr_control' build argument 'cmake_args' from command line to 'None'
[1.385s] Level 5:colcon.colcon_core.verb:set package 'osr_control' build argument 'cmake_target' from command line to 'None'
[1.385s] Level 5:colcon.colcon_core.verb:set package 'osr_control' build argument 'cmake_target_skip_unavailable' from command line to 'False'
[1.385s] Level 5:colcon.colcon_core.verb:set package 'osr_control' build argument 'cmake_clean_cache' from command line to 'False'
[1.385s] Level 5:colcon.colcon_core.verb:set package 'osr_control' build argument 'cmake_clean_first' from command line to 'False'
[1.385s] Level 5:colcon.colcon_core.verb:set package 'osr_control' build argument 'cmake_force_configure' from command line to 'False'
[1.386s] Level 5:colcon.colcon_core.verb:set package 'osr_control' build argument 'ament_cmake_args' from command line to 'None'
[1.386s] Level 5:colcon.colcon_core.verb:set package 'osr_control' build argument 'catkin_cmake_args' from command line to 'None'
[1.386s] Level 5:colcon.colcon_core.verb:set package 'osr_control' build argument 'catkin_skip_building_tests' from command line to 'False'
[1.386s] DEBUG:colcon.colcon_core.verb:Building package 'osr_control' with the following arguments: {'ament_cmake_args': None, 'build_base': '/home/rover/osr_ws/build/osr_control', 'catkin_cmake_args': None, 'catkin_skip_building_tests': False, 'cmake_args': None, 'cmake_clean_cache': False, 'cmake_clean_first': False, 'cmake_force_configure': False, 'cmake_target': None, 'cmake_target_skip_unavailable': False, 'install_base': '/home/rover/osr_ws/install/osr_control', 'merge_install': False, 'path': '/home/rover/osr_ws/src/osr-rover-code/ROS/osr_control', 'symlink_install': True, 'test_result_base': None}
[1.386s] INFO:colcon.colcon_core.executor:Executing jobs using 'parallel' executor
[1.390s] DEBUG:colcon.colcon_parallel_executor.executor.parallel:run_until_complete
[1.391s] INFO:colcon.colcon_ros.task.ament_cmake.build:Building ROS package in '/home/rover/osr_ws/src/osr-rover-code/ROS/osr_interfaces' with build type 'ament_cmake'
[1.392s] INFO:colcon.colcon_cmake.task.cmake.build:Building CMake package in '/home/rover/osr_ws/src/osr-rover-code/ROS/osr_interfaces'
[1.399s] INFO:colcon.colcon_core.plugin_system:Skipping extension 'colcon_core.shell.bat': Not used on non-Windows systems
[1.400s] INFO:colcon.colcon_core.shell:Skip shell extension 'powershell' for command environment: Not usable outside of PowerShell
[1.400s] DEBUG:colcon.colcon_core.shell:Skip shell extension 'dsv' for command environment
[1.414s] INFO:colcon.colcon_ros.task.ament_cmake.build:Building ROS package in '/home/rover/osr_ws/src/osr-rover-code/ROS/osr_bringup' with build type 'ament_cmake'
[1.414s] INFO:colcon.colcon_cmake.task.cmake.build:Building CMake package in '/home/rover/osr_ws/src/osr-rover-code/ROS/osr_bringup'
[1.416s] INFO:colcon.colcon_core.shell:Skip shell extension 'powershell' for command environment: Not usable outside of PowerShell
[1.416s] DEBUG:colcon.colcon_core.shell:Skip shell extension 'dsv' for command environment
[1.448s] DEBUG:colcon.colcon_core.event_handler.log_command:Invoking command in '/home/rover/osr_ws/build/osr_interfaces': CMAKE_PREFIX_PATH=/opt/ros/humble PS1=(venv) \[\e]0;\u@\h: \w\a\]${debian_chroot:+($debian_chroot)}\[\033[01;32m\]\u@\h\[\033[00m\]:\[\033[01;34m\]\w\[\033[00m\]\$ /usr/bin/cmake --build /home/rover/osr_ws/build/osr_interfaces -- -j4 -l4
[1.467s] DEBUG:colcon.colcon_core.event_handler.log_command:Invoking command in '/home/rover/osr_ws/build/osr_bringup': CMAKE_PREFIX_PATH=/opt/ros/humble PS1=(venv) \[\e]0;\u@\h: \w\a\]${debian_chroot:+($debian_chroot)}\[\033[01;32m\]\u@\h\[\033[00m\]:\[\033[01;34m\]\w\[\033[00m\]\$ /usr/bin/cmake --build /home/rover/osr_ws/build/osr_bringup -- -j4 -l4
[1.608s] DEBUG:colcon.colcon_core.event_handler.log_command:Invoked command in '/home/rover/osr_ws/build/osr_bringup' returned '0': CMAKE_PREFIX_PATH=/opt/ros/humble PS1=(venv) \[\e]0;\u@\h: \w\a\]${debian_chroot:+($debian_chroot)}\[\033[01;32m\]\u@\h\[\033[00m\]:\[\033[01;34m\]\w\[\033[00m\]\$ /usr/bin/cmake --build /home/rover/osr_ws/build/osr_bringup -- -j4 -l4
[1.646s] DEBUG:colcon.colcon_core.event_handler.log_command:Invoking command in '/home/rover/osr_ws/build/osr_bringup': CMAKE_PREFIX_PATH=/opt/ros/humble PS1=(venv) \[\e]0;\u@\h: \w\a\]${debian_chroot:+($debian_chroot)}\[\033[01;32m\]\u@\h\[\033[00m\]:\[\033[01;34m\]\w\[\033[00m\]\$ /usr/bin/cmake --install /home/rover/osr_ws/build/osr_bringup
[1.762s] Level 1:colcon.colcon_core.environment:create_environment_scripts_only(osr_bringup)
[1.775s] DEBUG:colcon.colcon_core.event_handler.log_command:Invoked command in '/home/rover/osr_ws/build/osr_bringup' returned '0': CMAKE_PREFIX_PATH=/opt/ros/humble PS1=(venv) \[\e]0;\u@\h: \w\a\]${debian_chroot:+($debian_chroot)}\[\033[01;32m\]\u@\h\[\033[00m\]:\[\033[01;34m\]\w\[\033[00m\]\$ /usr/bin/cmake --install /home/rover/osr_ws/build/osr_bringup
[1.779s] Level 1:colcon.colcon_core.environment:checking '/home/rover/osr_ws/install/osr_bringup' for CMake module files
[1.783s] Level 1:colcon.colcon_core.environment:checking '/home/rover/osr_ws/install/osr_bringup' for CMake config files
[1.785s] Level 1:colcon.colcon_core.shell:create_environment_hook('osr_bringup', 'cmake_prefix_path')
[1.786s] INFO:colcon.colcon_core.shell:Creating environment hook '/home/rover/osr_ws/install/osr_bringup/share/osr_bringup/hook/cmake_prefix_path.ps1'
[1.793s] INFO:colcon.colcon_core.shell:Creating environment descriptor '/home/rover/osr_ws/install/osr_bringup/share/osr_bringup/hook/cmake_prefix_path.dsv'
[1.796s] INFO:colcon.colcon_core.shell:Creating environment hook '/home/rover/osr_ws/install/osr_bringup/share/osr_bringup/hook/cmake_prefix_path.sh'
[1.802s] Level 1:colcon.colcon_core.environment:checking '/home/rover/osr_ws/install/osr_bringup/bin'
[1.803s] Level 1:colcon.colcon_core.environment:checking '/home/rover/osr_ws/install/osr_bringup/lib/pkgconfig/osr_bringup.pc'
[1.806s] Level 1:colcon.colcon_core.environment:checking '/home/rover/osr_ws/install/osr_bringup/lib/python3.10/site-packages'
[1.807s] Level 1:colcon.colcon_core.environment:checking '/home/rover/osr_ws/install/osr_bringup/bin'
[1.809s] INFO:colcon.colcon_core.shell:Creating package script '/home/rover/osr_ws/install/osr_bringup/share/osr_bringup/package.ps1'
[1.815s] INFO:colcon.colcon_core.shell:Creating package descriptor '/home/rover/osr_ws/install/osr_bringup/share/osr_bringup/package.dsv'
[1.819s] INFO:colcon.colcon_core.shell:Creating package script '/home/rover/osr_ws/install/osr_bringup/share/osr_bringup/package.sh'
[1.824s] INFO:colcon.colcon_core.shell:Creating package script '/home/rover/osr_ws/install/osr_bringup/share/osr_bringup/package.bash'
[1.829s] INFO:colcon.colcon_core.shell:Creating package script '/home/rover/osr_ws/install/osr_bringup/share/osr_bringup/package.zsh'
[1.833s] Level 1:colcon.colcon_core.environment:create_file_with_runtime_dependencies(/home/rover/osr_ws/install/osr_bringup/share/colcon-core/packages/osr_bringup)
[1.838s] Level 1:colcon.colcon_core.environment:create_environment_scripts_only(osr_bringup)
[1.840s] Level 1:colcon.colcon_core.environment:checking '/home/rover/osr_ws/install/osr_bringup' for CMake module files
[1.843s] Level 1:colcon.colcon_core.environment:checking '/home/rover/osr_ws/install/osr_bringup' for CMake config files
[1.845s] Level 1:colcon.colcon_core.shell:create_environment_hook('osr_bringup', 'cmake_prefix_path')
[1.847s] INFO:colcon.colcon_core.shell:Creating environment hook '/home/rover/osr_ws/install/osr_bringup/share/osr_bringup/hook/cmake_prefix_path.ps1'
[1.851s] INFO:colcon.colcon_core.shell:Creating environment descriptor '/home/rover/osr_ws/install/osr_bringup/share/osr_bringup/hook/cmake_prefix_path.dsv'
[1.854s] INFO:colcon.colcon_core.shell:Creating environment hook '/home/rover/osr_ws/install/osr_bringup/share/osr_bringup/hook/cmake_prefix_path.sh'
[1.859s] Level 1:colcon.colcon_core.environment:checking '/home/rover/osr_ws/install/osr_bringup/bin'
[1.860s] Level 1:colcon.colcon_core.environment:checking '/home/rover/osr_ws/install/osr_bringup/lib/pkgconfig/osr_bringup.pc'
[1.862s] Level 1:colcon.colcon_core.environment:checking '/home/rover/osr_ws/install/osr_bringup/lib/python3.10/site-packages'
[1.863s] Level 1:colcon.colcon_core.environment:checking '/home/rover/osr_ws/install/osr_bringup/bin'
[1.865s] INFO:colcon.colcon_core.shell:Creating package script '/home/rover/osr_ws/install/osr_bringup/share/osr_bringup/package.ps1'
[1.868s] INFO:colcon.colcon_core.shell:Creating package descriptor '/home/rover/osr_ws/install/osr_bringup/share/osr_bringup/package.dsv'
[1.873s] INFO:colcon.colcon_core.shell:Creating package script '/home/rover/osr_ws/install/osr_bringup/share/osr_bringup/package.sh'
[1.876s] INFO:colcon.colcon_core.shell:Creating package script '/home/rover/osr_ws/install/osr_bringup/share/osr_bringup/package.bash'
[1.882s] INFO:colcon.colcon_core.shell:Creating package script '/home/rover/osr_ws/install/osr_bringup/share/osr_bringup/package.zsh'
[1.886s] Level 1:colcon.colcon_core.environment:create_file_with_runtime_dependencies(/home/rover/osr_ws/install/osr_bringup/share/colcon-core/packages/osr_bringup)
[19.316s] DEBUG:colcon.colcon_core.event_handler.log_command:Invoked command in '/home/rover/osr_ws/build/osr_interfaces' returned '0': CMAKE_PREFIX_PATH=/opt/ros/humble PS1=(venv) \[\e]0;\u@\h: \w\a\]${debian_chroot:+($debian_chroot)}\[\033[01;32m\]\u@\h\[\033[00m\]:\[\033[01;34m\]\w\[\033[00m\]\$ /usr/bin/cmake --build /home/rover/osr_ws/build/osr_interfaces -- -j4 -l4
[19.325s] DEBUG:colcon.colcon_core.event_handler.log_command:Invoking command in '/home/rover/osr_ws/build/osr_interfaces': CMAKE_PREFIX_PATH=/opt/ros/humble PS1=(venv) \[\e]0;\u@\h: \w\a\]${debian_chroot:+($debian_chroot)}\[\033[01;32m\]\u@\h\[\033[00m\]:\[\033[01;34m\]\w\[\033[00m\]\$ /usr/bin/cmake --install /home/rover/osr_ws/build/osr_interfaces
[22.518s] Level 1:colcon.colcon_core.environment:create_environment_scripts_only(osr_interfaces)
[22.519s] Level 1:colcon.colcon_core.environment:checking '/home/rover/osr_ws/install/osr_interfaces' for CMake module files
[22.521s] DEBUG:colcon.colcon_core.event_handler.log_command:Invoked command in '/home/rover/osr_ws/build/osr_interfaces' returned '0': CMAKE_PREFIX_PATH=/opt/ros/humble PS1=(venv) \[\e]0;\u@\h: \w\a\]${debian_chroot:+($debian_chroot)}\[\033[01;32m\]\u@\h\[\033[00m\]:\[\033[01;34m\]\w\[\033[00m\]\$ /usr/bin/cmake --install /home/rover/osr_ws/build/osr_interfaces
[22.524s] Level 1:colcon.colcon_core.environment:checking '/home/rover/osr_ws/install/osr_interfaces' for CMake config files
[22.528s] Level 1:colcon.colcon_core.shell:create_environment_hook('osr_interfaces', 'cmake_prefix_path')
[22.529s] INFO:colcon.colcon_core.shell:Creating environment hook '/home/rover/osr_ws/install/osr_interfaces/share/osr_interfaces/hook/cmake_prefix_path.ps1'
[22.531s] INFO:colcon.colcon_core.shell:Creating environment descriptor '/home/rover/osr_ws/install/osr_interfaces/share/osr_interfaces/hook/cmake_prefix_path.dsv'
[22.532s] INFO:colcon.colcon_core.shell:Creating environment hook '/home/rover/osr_ws/install/osr_interfaces/share/osr_interfaces/hook/cmake_prefix_path.sh'
[22.535s] Level 1:colcon.colcon_core.environment:checking '/home/rover/osr_ws/install/osr_interfaces/lib'
[22.536s] Level 1:colcon.colcon_core.shell:create_environment_hook('osr_interfaces', 'ld_library_path_lib')
[22.536s] INFO:colcon.colcon_core.shell:Creating environment hook '/home/rover/osr_ws/install/osr_interfaces/share/osr_interfaces/hook/ld_library_path_lib.ps1'
[22.538s] INFO:colcon.colcon_core.shell:Creating environment descriptor '/home/rover/osr_ws/install/osr_interfaces/share/osr_interfaces/hook/ld_library_path_lib.dsv'
[22.540s] INFO:colcon.colcon_core.shell:Creating environment hook '/home/rover/osr_ws/install/osr_interfaces/share/osr_interfaces/hook/ld_library_path_lib.sh'
[22.542s] Level 1:colcon.colcon_core.environment:checking '/home/rover/osr_ws/install/osr_interfaces/bin'
[22.542s] Level 1:colcon.colcon_core.environment:checking '/home/rover/osr_ws/install/osr_interfaces/lib/pkgconfig/osr_interfaces.pc'
[22.543s] Level 1:colcon.colcon_core.environment:checking '/home/rover/osr_ws/install/osr_interfaces/lib/python3.10/site-packages'
[22.543s] Level 1:colcon.colcon_core.shell:create_environment_hook('osr_interfaces', 'pythonpath')
[22.544s] INFO:colcon.colcon_core.shell:Creating environment hook '/home/rover/osr_ws/install/osr_interfaces/share/osr_interfaces/hook/pythonpath.ps1'
[22.546s] INFO:colcon.colcon_core.shell:Creating environment descriptor '/home/rover/osr_ws/install/osr_interfaces/share/osr_interfaces/hook/pythonpath.dsv'
[22.547s] INFO:colcon.colcon_core.shell:Creating environment hook '/home/rover/osr_ws/install/osr_interfaces/share/osr_interfaces/hook/pythonpath.sh'
[22.550s] Level 1:colcon.colcon_core.environment:checking '/home/rover/osr_ws/install/osr_interfaces/bin'
[22.551s] INFO:colcon.colcon_core.shell:Creating package script '/home/rover/osr_ws/install/osr_interfaces/share/osr_interfaces/package.ps1'
[22.554s] INFO:colcon.colcon_core.shell:Creating package descriptor '/home/rover/osr_ws/install/osr_interfaces/share/osr_interfaces/package.dsv'
[22.556s] INFO:colcon.colcon_core.shell:Creating package script '/home/rover/osr_ws/install/osr_interfaces/share/osr_interfaces/package.sh'
[22.558s] INFO:colcon.colcon_core.shell:Creating package script '/home/rover/osr_ws/install/osr_interfaces/share/osr_interfaces/package.bash'
[22.560s] INFO:colcon.colcon_core.shell:Creating package script '/home/rover/osr_ws/install/osr_interfaces/share/osr_interfaces/package.zsh'
[22.562s] Level 1:colcon.colcon_core.environment:create_file_with_runtime_dependencies(/home/rover/osr_ws/install/osr_interfaces/share/colcon-core/packages/osr_interfaces)
[22.565s] Level 1:colcon.colcon_core.environment:create_environment_scripts_only(osr_interfaces)
[22.566s] Level 1:colcon.colcon_core.environment:checking '/home/rover/osr_ws/install/osr_interfaces' for CMake module files
[22.570s] Level 1:colcon.colcon_core.environment:checking '/home/rover/osr_ws/install/osr_interfaces' for CMake config files
[22.573s] Level 1:colcon.colcon_core.shell:create_environment_hook('osr_interfaces', 'cmake_prefix_path')
[22.574s] INFO:colcon.colcon_core.shell:Creating environment hook '/home/rover/osr_ws/install/osr_interfaces/share/osr_interfaces/hook/cmake_prefix_path.ps1'
[22.576s] INFO:colcon.colcon_core.shell:Creating environment descriptor '/home/rover/osr_ws/install/osr_interfaces/share/osr_interfaces/hook/cmake_prefix_path.dsv'
[22.578s] INFO:colcon.colcon_core.shell:Creating environment hook '/home/rover/osr_ws/install/osr_interfaces/share/osr_interfaces/hook/cmake_prefix_path.sh'
[22.581s] Level 1:colcon.colcon_core.environment:checking '/home/rover/osr_ws/install/osr_interfaces/lib'
[22.581s] Level 1:colcon.colcon_core.shell:create_environment_hook('osr_interfaces', 'ld_library_path_lib')
[22.582s] INFO:colcon.colcon_core.shell:Creating environment hook '/home/rover/osr_ws/install/osr_interfaces/share/osr_interfaces/hook/ld_library_path_lib.ps1'
[22.584s] INFO:colcon.colcon_core.shell:Creating environment descriptor '/home/rover/osr_ws/install/osr_interfaces/share/osr_interfaces/hook/ld_library_path_lib.dsv'
[22.585s] INFO:colcon.colcon_core.shell:Creating environment hook '/home/rover/osr_ws/install/osr_interfaces/share/osr_interfaces/hook/ld_library_path_lib.sh'
[22.587s] Level 1:colcon.colcon_core.environment:checking '/home/rover/osr_ws/install/osr_interfaces/bin'
[22.588s] Level 1:colcon.colcon_core.environment:checking '/home/rover/osr_ws/install/osr_interfaces/lib/pkgconfig/osr_interfaces.pc'
[22.589s] Level 1:colcon.colcon_core.environment:checking '/home/rover/osr_ws/install/osr_interfaces/lib/python3.10/site-packages'
[22.589s] Level 1:colcon.colcon_core.shell:create_environment_hook('osr_interfaces', 'pythonpath')
[22.590s] INFO:colcon.colcon_core.shell:Creating environment hook '/home/rover/osr_ws/install/osr_interfaces/share/osr_interfaces/hook/pythonpath.ps1'
[22.592s] INFO:colcon.colcon_core.shell:Creating environment descriptor '/home/rover/osr_ws/install/osr_interfaces/share/osr_interfaces/hook/pythonpath.dsv'
[22.593s] INFO:colcon.colcon_core.shell:Creating environment hook '/home/rover/osr_ws/install/osr_interfaces/share/osr_interfaces/hook/pythonpath.sh'
[22.596s] Level 1:colcon.colcon_core.environment:checking '/home/rover/osr_ws/install/osr_interfaces/bin'
[22.598s] INFO:colcon.colcon_core.shell:Creating package script '/home/rover/osr_ws/install/osr_interfaces/share/osr_interfaces/package.ps1'
[22.602s] INFO:colcon.colcon_core.shell:Creating package descriptor '/home/rover/osr_ws/install/osr_interfaces/share/osr_interfaces/package.dsv'
[22.604s] INFO:colcon.colcon_core.shell:Creating package script '/home/rover/osr_ws/install/osr_interfaces/share/osr_interfaces/package.sh'
[22.607s] INFO:colcon.colcon_core.shell:Creating package script '/home/rover/osr_ws/install/osr_interfaces/share/osr_interfaces/package.bash'
[22.609s] INFO:colcon.colcon_core.shell:Creating package script '/home/rover/osr_ws/install/osr_interfaces/share/osr_interfaces/package.zsh'
[22.611s] Level 1:colcon.colcon_core.environment:create_file_with_runtime_dependencies(/home/rover/osr_ws/install/osr_interfaces/share/colcon-core/packages/osr_interfaces)
[22.612s] INFO:colcon.colcon_ros.task.ament_python.build:Building ROS package in '/home/rover/osr_ws/src/osr-rover-code/ROS/osr_control' with build type 'ament_python'
[22.613s] Level 1:colcon.colcon_core.shell:create_environment_hook('osr_control', 'ament_prefix_path')
[22.614s] INFO:colcon.colcon_core.shell:Creating environment hook '/home/rover/osr_ws/install/osr_control/share/osr_control/hook/ament_prefix_path.ps1'
[22.618s] INFO:colcon.colcon_core.shell:Creating environment descriptor '/home/rover/osr_ws/install/osr_control/share/osr_control/hook/ament_prefix_path.dsv'
[22.619s] INFO:colcon.colcon_core.shell:Creating environment hook '/home/rover/osr_ws/install/osr_control/share/osr_control/hook/ament_prefix_path.sh'
[22.622s] INFO:colcon.colcon_core.shell:Skip shell extension 'powershell' for command environment: Not usable outside of PowerShell
[22.622s] DEBUG:colcon.colcon_core.shell:Skip shell extension 'dsv' for command environment
[23.638s] INFO:colcon.colcon_core.task.python.build:Building Python package in '/home/rover/osr_ws/src/osr-rover-code/ROS/osr_control'
[23.639s] INFO:colcon.colcon_core.shell:Skip shell extension 'powershell' for command environment: Not usable outside of PowerShell
[23.639s] DEBUG:colcon.colcon_core.shell:Skip shell extension 'dsv' for command environment
[25.560s] DEBUG:colcon.colcon_core.event_handler.log_command:Invoking command in '/home/rover/osr_ws/build/osr_control': AMENT_PREFIX_PATH=/home/rover/osr_ws/install/osr_interfaces:${AMENT_PREFIX_PATH} CMAKE_PREFIX_PATH=/home/rover/osr_ws/install/osr_interfaces LD_LIBRARY_PATH=/home/rover/osr_ws/install/osr_interfaces/lib:${LD_LIBRARY_PATH} PS1=(venv) \[\e]0;\u@\h: \w\a\]${debian_chroot:+($debian_chroot)}\[\033[01;32m\]\u@\h\[\033[00m\]:\[\033[01;34m\]\w\[\033[00m\]\$ PYTHONPATH=/home/rover/osr_ws/build/osr_control/prefix_override:/usr/lib/python3/dist-packages/colcon_core/task/python/colcon_distutils_commands:/home/rover/osr_ws/install/osr_control/lib/python3.10/site-packages:/home/rover/osr_ws/install/osr_interfaces/lib/python3.10/site-packages:${PYTHONPATH} /usr/bin/python3 -W ignore:setup.py install is deprecated -W ignore:easy_install command is deprecated setup.py develop --editable --build-directory /home/rover/osr_ws/build/osr_control/build --no-deps symlink_data
[27.251s] Level 1:colcon.colcon_core.shell:create_environment_hook('osr_control', 'pythonpath_develop')
[27.252s] INFO:colcon.colcon_core.shell:Creating environment hook '/home/rover/osr_ws/build/osr_control/share/osr_control/hook/pythonpath_develop.ps1'
[27.254s] DEBUG:colcon.colcon_core.event_handler.log_command:Invoked command in '/home/rover/osr_ws/build/osr_control' returned '0': AMENT_PREFIX_PATH=/home/rover/osr_ws/install/osr_interfaces:${AMENT_PREFIX_PATH} CMAKE_PREFIX_PATH=/home/rover/osr_ws/install/osr_interfaces LD_LIBRARY_PATH=/home/rover/osr_ws/install/osr_interfaces/lib:${LD_LIBRARY_PATH} PS1=(venv) \[\e]0;\u@\h: \w\a\]${debian_chroot:+($debian_chroot)}\[\033[01;32m\]\u@\h\[\033[00m\]:\[\033[01;34m\]\w\[\033[00m\]\$ PYTHONPATH=/home/rover/osr_ws/build/osr_control/prefix_override:/usr/lib/python3/dist-packages/colcon_core/task/python/colcon_distutils_commands:/home/rover/osr_ws/install/osr_control/lib/python3.10/site-packages:/home/rover/osr_ws/install/osr_interfaces/lib/python3.10/site-packages:${PYTHONPATH} /usr/bin/python3 -W ignore:setup.py install is deprecated -W ignore:easy_install command is deprecated setup.py develop --editable --build-directory /home/rover/osr_ws/build/osr_control/build --no-deps symlink_data
[27.256s] INFO:colcon.colcon_core.shell:Creating environment descriptor '/home/rover/osr_ws/build/osr_control/share/osr_control/hook/pythonpath_develop.dsv'
[27.257s] INFO:colcon.colcon_core.shell:Creating environment hook '/home/rover/osr_ws/build/osr_control/share/osr_control/hook/pythonpath_develop.sh'
[27.259s] Level 1:colcon.colcon_core.environment:checking '/home/rover/osr_ws/install/osr_control' for CMake module files
[27.262s] Level 1:colcon.colcon_core.environment:checking '/home/rover/osr_ws/install/osr_control' for CMake config files
[27.264s] Level 1:colcon.colcon_core.environment:checking '/home/rover/osr_ws/install/osr_control/lib'
[27.265s] Level 1:colcon.colcon_core.environment:checking '/home/rover/osr_ws/install/osr_control/bin'
[27.265s] Level 1:colcon.colcon_core.environment:checking '/home/rover/osr_ws/install/osr_control/lib/pkgconfig/osr_control.pc'
[27.266s] Level 1:colcon.colcon_core.environment:checking '/home/rover/osr_ws/install/osr_control/lib/python3.10/site-packages'
[27.266s] Level 1:colcon.colcon_core.shell:create_environment_hook('osr_control', 'pythonpath')
[27.267s] INFO:colcon.colcon_core.shell:Creating environment hook '/home/rover/osr_ws/install/osr_control/share/osr_control/hook/pythonpath.ps1'
[27.269s] INFO:colcon.colcon_core.shell:Creating environment descriptor '/home/rover/osr_ws/install/osr_control/share/osr_control/hook/pythonpath.dsv'
[27.271s] INFO:colcon.colcon_core.shell:Creating environment hook '/home/rover/osr_ws/install/osr_control/share/osr_control/hook/pythonpath.sh'
[27.273s] Level 1:colcon.colcon_core.environment:checking '/home/rover/osr_ws/install/osr_control/bin'
[27.273s] Level 1:colcon.colcon_core.environment:create_environment_scripts_only(osr_control)
[27.275s] INFO:colcon.colcon_core.shell:Creating package script '/home/rover/osr_ws/install/osr_control/share/osr_control/package.ps1'
[27.277s] INFO:colcon.colcon_core.shell:Creating package descriptor '/home/rover/osr_ws/install/osr_control/share/osr_control/package.dsv'
[27.279s] INFO:colcon.colcon_core.shell:Creating package script '/home/rover/osr_ws/install/osr_control/share/osr_control/package.sh'
[27.281s] INFO:colcon.colcon_core.shell:Creating package script '/home/rover/osr_ws/install/osr_control/share/osr_control/package.bash'
[27.283s] INFO:colcon.colcon_core.shell:Creating package script '/home/rover/osr_ws/install/osr_control/share/osr_control/package.zsh'
[27.284s] Level 1:colcon.colcon_core.environment:create_file_with_runtime_dependencies(/home/rover/osr_ws/install/osr_control/share/colcon-core/packages/osr_control)
[27.285s] DEBUG:colcon.colcon_parallel_executor.executor.parallel:closing loop
[27.286s] DEBUG:colcon.colcon_parallel_executor.executor.parallel:loop closed
[27.287s] DEBUG:colcon.colcon_parallel_executor.executor.parallel:run_until_complete finished with '0'
[27.287s] DEBUG:colcon.colcon_core.event_reactor:joining thread
[27.305s] INFO:colcon.colcon_core.plugin_system:Skipping extension 'colcon_notification.desktop_notification.notify_send': Could not find 'notify-send'
[27.306s] INFO:colcon.colcon_core.plugin_system:Skipping extension 'colcon_notification.desktop_notification.terminal_notifier': Not used on non-Darwin systems
[27.306s] INFO:colcon.colcon_core.plugin_system:Skipping extension 'colcon_notification.desktop_notification.win32': Not used on non-Windows systems
[27.306s] INFO:colcon.colcon_notification.desktop_notification:Sending desktop notification using 'notify2'
[27.309s] DEBUG:colcon.colcon_notification.desktop_notification.notify2:Failed to initialize notify2: org.freedesktop.DBus.Error.ServiceUnknown: The name org.freedesktop.Notifications was not provided by any .service files
[27.309s] DEBUG:colcon.colcon_core.event_reactor:joined thread
[27.310s] INFO:colcon.colcon_core.shell:Creating prefix script '/home/rover/osr_ws/install/local_setup.ps1'
[27.314s] INFO:colcon.colcon_core.shell:Creating prefix util module '/home/rover/osr_ws/install/_local_setup_util_ps1.py'
[27.320s] INFO:colcon.colcon_core.shell:Creating prefix chain script '/home/rover/osr_ws/install/setup.ps1'
[27.325s] INFO:colcon.colcon_core.shell:Creating prefix script '/home/rover/osr_ws/install/local_setup.sh'
[27.328s] INFO:colcon.colcon_core.shell:Creating prefix util module '/home/rover/osr_ws/install/_local_setup_util_sh.py'
[27.331s] INFO:colcon.colcon_core.shell:Creating prefix chain script '/home/rover/osr_ws/install/setup.sh'
[27.335s] INFO:colcon.colcon_core.shell:Creating prefix script '/home/rover/osr_ws/install/local_setup.bash'
[27.337s] INFO:colcon.colcon_core.shell:Creating prefix chain script '/home/rover/osr_ws/install/setup.bash'
[27.341s] INFO:colcon.colcon_core.shell:Creating prefix script '/home/rover/osr_ws/install/local_setup.zsh'
[27.343s] INFO:colcon.colcon_core.shell:Creating prefix chain script '/home/rover/osr_ws/install/setup.zsh'
