[2.943s] Invoking command in '/home/rover/osr_ws/build/osr_control': AMENT_PREFIX_PATH=/home/rover/osr_ws/install/osr_interfaces:${AMENT_PREFIX_PATH} CMAKE_PREFIX_PATH=/home/rover/osr_ws/install/osr_interfaces LD_LIBRARY_PATH=/home/rover/osr_ws/install/osr_interfaces/lib:${LD_LIBRARY_PATH} PS1=(venv) \[\e]0;\u@\h: \w\a\]${debian_chroot:+($debian_chroot)}\[\033[01;32m\]\u@\h\[\033[00m\]:\[\033[01;34m\]\w\[\033[00m\]\$ PYTHONPATH=/home/rover/osr_ws/build/osr_control/prefix_override:/usr/lib/python3/dist-packages/colcon_core/task/python/colcon_distutils_commands:/home/rover/osr_ws/install/osr_control/lib/python3.10/site-packages:/home/rover/osr_ws/install/osr_interfaces/lib/python3.10/site-packages:${PYTHONPATH} /usr/bin/python3 -W ignore:setup.py install is deprecated -W ignore:easy_install command is deprecated setup.py develop --editable --build-directory /home/rover/osr_ws/build/osr_control/build --no-deps symlink_data
[3.928s] running develop
[4.479s] running egg_info
[4.479s] creating osr_control.egg-info
[4.480s] writing osr_control.egg-info/PKG-INFO
[4.481s] writing dependency_links to osr_control.egg-info/dependency_links.txt
[4.482s] writing entry points to osr_control.egg-info/entry_points.txt
[4.482s] writing requirements to osr_control.egg-info/requires.txt
[4.482s] writing top-level names to osr_control.egg-info/top_level.txt
[4.483s] writing manifest file 'osr_control.egg-info/SOURCES.txt'
[4.490s] reading manifest file 'osr_control.egg-info/SOURCES.txt'
[4.492s] writing manifest file 'osr_control.egg-info/SOURCES.txt'
[4.498s] running build_ext
[4.499s] Creating /home/rover/osr_ws/install/osr_control/lib/python3.10/site-packages/osr-control.egg-link (link to .)
[4.502s] Installing ina260 script to /home/rover/osr_ws/install/osr_control/lib/osr_control
[4.503s] Installing joy_extras script to /home/rover/osr_ws/install/osr_control/lib/osr_control
[4.504s] Installing roboclaw_wrapper script to /home/rover/osr_ws/install/osr_control/lib/osr_control
[4.504s] Installing rover script to /home/rover/osr_ws/install/osr_control/lib/osr_control
[4.505s] Installing servo_control script to /home/rover/osr_ws/install/osr_control/lib/osr_control
[4.506s] 
[4.507s] Installed /home/rover/osr_ws/build/osr_control
[4.507s] running symlink_data
[4.508s] creating /home/rover/osr_ws/install/osr_control/share/ament_index
[4.508s] creating /home/rover/osr_ws/install/osr_control/share/ament_index/resource_index
[4.509s] creating /home/rover/osr_ws/install/osr_control/share/ament_index/resource_index/packages
[4.510s] symbolically linking /home/rover/osr_ws/build/osr_control/resource/osr_control -> /home/rover/osr_ws/install/osr_control/share/ament_index/resource_index/packages
[4.511s] symbolically linking /home/rover/osr_ws/build/osr_control/package.xml -> /home/rover/osr_ws/install/osr_control/share/osr_control
[4.511s] creating /home/rover/osr_ws/install/osr_control/share/osr_control/launch
[4.512s] creating /home/rover/osr_ws/install/osr_control/share/osr_control/config
[4.636s] Invoked command in '/home/rover/osr_ws/build/osr_control' returned '0': AMENT_PREFIX_PATH=/home/rover/osr_ws/install/osr_interfaces:${AMENT_PREFIX_PATH} CMAKE_PREFIX_PATH=/home/rover/osr_ws/install/osr_interfaces LD_LIBRARY_PATH=/home/rover/osr_ws/install/osr_interfaces/lib:${LD_LIBRARY_PATH} PS1=(venv) \[\e]0;\u@\h: \w\a\]${debian_chroot:+($debian_chroot)}\[\033[01;32m\]\u@\h\[\033[00m\]:\[\033[01;34m\]\w\[\033[00m\]\$ PYTHONPATH=/home/rover/osr_ws/build/osr_control/prefix_override:/usr/lib/python3/dist-packages/colcon_core/task/python/colcon_distutils_commands:/home/rover/osr_ws/install/osr_control/lib/python3.10/site-packages:/home/rover/osr_ws/install/osr_interfaces/lib/python3.10/site-packages:${PYTHONPATH} /usr/bin/python3 -W ignore:setup.py install is deprecated -W ignore:easy_install command is deprecated setup.py develop --editable --build-directory /home/rover/osr_ws/build/osr_control/build --no-deps symlink_data
