[0.406s] DEBUG:colcon:Command line arguments: ['/usr/bin/colcon', 'build', '--symlink-install']
[0.407s] DEBUG:colcon:Parsed command line arguments: Namespace(log_base=None, log_level=None, verb_name='build', build_base='build', install_base='install', merge_install=False, symlink_install=True, test_result_base=None, continue_on_error=False, executor='parallel', parallel_workers=4, event_handlers=None, ignore_user_meta=False, metas=['./colcon.meta'], base_paths=['.'], packages_ignore=None, packages_ignore_regex=None, paths=None, packages_up_to=None, packages_up_to_regex=None, packages_above=None, packages_above_and_dependencies=None, packages_above_depth=None, packages_select_by_dep=None, packages_skip_by_dep=None, packages_skip_up_to=None, packages_select_build_failed=False, packages_skip_build_finished=False, packages_select_test_failures=False, packages_skip_test_passed=False, packages_select=None, packages_skip=None, packages_select_regex=None, packages_skip_regex=None, packages_start=None, packages_end=None, allow_overriding=[], cmake_args=None, cmake_target=None, cmake_target_skip_unavailable=False, cmake_clean_cache=False, cmake_clean_first=False, cmake_force_configure=False, ament_cmake_args=None, catkin_cmake_args=None, catkin_skip_building_tests=False, verb_parser=<colcon_defaults.argument_parser.defaults.DefaultArgumentsDecorator object at 0xffff940f2050>, verb_extension=<colcon_core.verb.build.BuildVerb object at 0xffff941ff4c0>, main=<bound method BuildVerb.main of <colcon_core.verb.build.BuildVerb object at 0xffff941ff4c0>>)
[1.041s] Level 1:colcon.colcon_core.package_discovery:discover_packages(colcon_meta) check parameters
[1.041s] Level 1:colcon.colcon_core.package_discovery:discover_packages(recursive) check parameters
[1.041s] Level 1:colcon.colcon_core.package_discovery:discover_packages(ignore) check parameters
[1.041s] Level 1:colcon.colcon_core.package_discovery:discover_packages(path) check parameters
[1.041s] Level 1:colcon.colcon_core.package_discovery:discover_packages(colcon_meta) discover
[1.042s] Level 1:colcon.colcon_core.package_discovery:discover_packages(recursive) discover
[1.042s] INFO:colcon.colcon_core.package_discovery:Crawling recursively for packages in '/home/rover/osr_ws'
[1.042s] Level 1:colcon.colcon_core.package_identification:_identify(.) by extensions ['ignore', 'ignore_ament_install']
[1.043s] Level 1:colcon.colcon_core.package_identification:_identify(.) by extension 'ignore'
[1.043s] Level 1:colcon.colcon_core.package_identification:_identify(.) by extension 'ignore_ament_install'
[1.043s] Level 1:colcon.colcon_core.package_identification:_identify(.) by extensions ['colcon_pkg']
[1.043s] Level 1:colcon.colcon_core.package_identification:_identify(.) by extension 'colcon_pkg'
[1.043s] Level 1:colcon.colcon_core.package_identification:_identify(.) by extensions ['colcon_meta']
[1.043s] Level 1:colcon.colcon_core.package_identification:_identify(.) by extension 'colcon_meta'
[1.044s] Level 1:colcon.colcon_core.package_identification:_identify(.) by extensions ['ros']
[1.044s] Level 1:colcon.colcon_core.package_identification:_identify(.) by extension 'ros'
[1.087s] Level 1:colcon.colcon_core.package_identification:_identify(.) by extensions ['cmake', 'python']
[1.087s] Level 1:colcon.colcon_core.package_identification:_identify(.) by extension 'cmake'
[1.088s] Level 1:colcon.colcon_core.package_identification:_identify(.) by extension 'python'
[1.088s] Level 1:colcon.colcon_core.package_identification:_identify(.) by extensions ['python_setup_py']
[1.088s] Level 1:colcon.colcon_core.package_identification:_identify(.) by extension 'python_setup_py'
[1.088s] Level 1:colcon.colcon_core.package_identification:_identify(build) by extensions ['ignore', 'ignore_ament_install']
[1.089s] Level 1:colcon.colcon_core.package_identification:_identify(build) by extension 'ignore'
[1.089s] Level 1:colcon.colcon_core.package_identification:_identify(build) ignored
[1.090s] Level 1:colcon.colcon_core.package_identification:_identify(install) by extensions ['ignore', 'ignore_ament_install']
[1.090s] Level 1:colcon.colcon_core.package_identification:_identify(install) by extension 'ignore'
[1.090s] Level 1:colcon.colcon_core.package_identification:_identify(install) ignored
[1.091s] Level 1:colcon.colcon_core.package_identification:_identify(log) by extensions ['ignore', 'ignore_ament_install']
[1.091s] Level 1:colcon.colcon_core.package_identification:_identify(log) by extension 'ignore'
[1.091s] Level 1:colcon.colcon_core.package_identification:_identify(log) ignored
[1.091s] Level 1:colcon.colcon_core.package_identification:_identify(src) by extensions ['ignore', 'ignore_ament_install']
[1.092s] Level 1:colcon.colcon_core.package_identification:_identify(src) by extension 'ignore'
[1.092s] Level 1:colcon.colcon_core.package_identification:_identify(src) by extension 'ignore_ament_install'
[1.092s] Level 1:colcon.colcon_core.package_identification:_identify(src) by extensions ['colcon_pkg']
[1.092s] Level 1:colcon.colcon_core.package_identification:_identify(src) by extension 'colcon_pkg'
[1.092s] Level 1:colcon.colcon_core.package_identification:_identify(src) by extensions ['colcon_meta']
[1.092s] Level 1:colcon.colcon_core.package_identification:_identify(src) by extension 'colcon_meta'
[1.093s] Level 1:colcon.colcon_core.package_identification:_identify(src) by extensions ['ros']
[1.093s] Level 1:colcon.colcon_core.package_identification:_identify(src) by extension 'ros'
[1.093s] Level 1:colcon.colcon_core.package_identification:_identify(src) by extensions ['cmake', 'python']
[1.093s] Level 1:colcon.colcon_core.package_identification:_identify(src) by extension 'cmake'
[1.093s] Level 1:colcon.colcon_core.package_identification:_identify(src) by extension 'python'
[1.093s] Level 1:colcon.colcon_core.package_identification:_identify(src) by extensions ['python_setup_py']
[1.094s] Level 1:colcon.colcon_core.package_identification:_identify(src) by extension 'python_setup_py'
[1.094s] Level 1:colcon.colcon_core.package_identification:_identify(src/osr-rover-code) by extensions ['ignore', 'ignore_ament_install']
[1.094s] Level 1:colcon.colcon_core.package_identification:_identify(src/osr-rover-code) by extension 'ignore'
[1.095s] Level 1:colcon.colcon_core.package_identification:_identify(src/osr-rover-code) by extension 'ignore_ament_install'
[1.095s] Level 1:colcon.colcon_core.package_identification:_identify(src/osr-rover-code) by extensions ['colcon_pkg']
[1.095s] Level 1:colcon.colcon_core.package_identification:_identify(src/osr-rover-code) by extension 'colcon_pkg'
[1.095s] Level 1:colcon.colcon_core.package_identification:_identify(src/osr-rover-code) by extensions ['colcon_meta']
[1.095s] Level 1:colcon.colcon_core.package_identification:_identify(src/osr-rover-code) by extension 'colcon_meta'
[1.095s] Level 1:colcon.colcon_core.package_identification:_identify(src/osr-rover-code) by extensions ['ros']
[1.095s] Level 1:colcon.colcon_core.package_identification:_identify(src/osr-rover-code) by extension 'ros'
[1.096s] Level 1:colcon.colcon_core.package_identification:_identify(src/osr-rover-code) by extensions ['cmake', 'python']
[1.096s] Level 1:colcon.colcon_core.package_identification:_identify(src/osr-rover-code) by extension 'cmake'
[1.096s] Level 1:colcon.colcon_core.package_identification:_identify(src/osr-rover-code) by extension 'python'
[1.096s] Level 1:colcon.colcon_core.package_identification:_identify(src/osr-rover-code) by extensions ['python_setup_py']
[1.096s] Level 1:colcon.colcon_core.package_identification:_identify(src/osr-rover-code) by extension 'python_setup_py'
[1.097s] Level 1:colcon.colcon_core.package_identification:_identify(src/osr-rover-code/ROS) by extensions ['ignore', 'ignore_ament_install']
[1.097s] Level 1:colcon.colcon_core.package_identification:_identify(src/osr-rover-code/ROS) by extension 'ignore'
[1.097s] Level 1:colcon.colcon_core.package_identification:_identify(src/osr-rover-code/ROS) by extension 'ignore_ament_install'
[1.097s] Level 1:colcon.colcon_core.package_identification:_identify(src/osr-rover-code/ROS) by extensions ['colcon_pkg']
[1.098s] Level 1:colcon.colcon_core.package_identification:_identify(src/osr-rover-code/ROS) by extension 'colcon_pkg'
[1.098s] Level 1:colcon.colcon_core.package_identification:_identify(src/osr-rover-code/ROS) by extensions ['colcon_meta']
[1.098s] Level 1:colcon.colcon_core.package_identification:_identify(src/osr-rover-code/ROS) by extension 'colcon_meta'
[1.098s] Level 1:colcon.colcon_core.package_identification:_identify(src/osr-rover-code/ROS) by extensions ['ros']
[1.098s] Level 1:colcon.colcon_core.package_identification:_identify(src/osr-rover-code/ROS) by extension 'ros'
[1.099s] Level 1:colcon.colcon_core.package_identification:_identify(src/osr-rover-code/ROS) by extensions ['cmake', 'python']
[1.099s] Level 1:colcon.colcon_core.package_identification:_identify(src/osr-rover-code/ROS) by extension 'cmake'
[1.099s] Level 1:colcon.colcon_core.package_identification:_identify(src/osr-rover-code/ROS) by extension 'python'
[1.099s] Level 1:colcon.colcon_core.package_identification:_identify(src/osr-rover-code/ROS) by extensions ['python_setup_py']
[1.099s] Level 1:colcon.colcon_core.package_identification:_identify(src/osr-rover-code/ROS) by extension 'python_setup_py'
[1.100s] Level 1:colcon.colcon_core.package_identification:_identify(src/osr-rover-code/ROS/osr_bringup) by extensions ['ignore', 'ignore_ament_install']
[1.100s] Level 1:colcon.colcon_core.package_identification:_identify(src/osr-rover-code/ROS/osr_bringup) by extension 'ignore'
[1.100s] Level 1:colcon.colcon_core.package_identification:_identify(src/osr-rover-code/ROS/osr_bringup) by extension 'ignore_ament_install'
[1.100s] Level 1:colcon.colcon_core.package_identification:_identify(src/osr-rover-code/ROS/osr_bringup) by extensions ['colcon_pkg']
[1.100s] Level 1:colcon.colcon_core.package_identification:_identify(src/osr-rover-code/ROS/osr_bringup) by extension 'colcon_pkg'
[1.100s] Level 1:colcon.colcon_core.package_identification:_identify(src/osr-rover-code/ROS/osr_bringup) by extensions ['colcon_meta']
[1.101s] Level 1:colcon.colcon_core.package_identification:_identify(src/osr-rover-code/ROS/osr_bringup) by extension 'colcon_meta'
[1.101s] Level 1:colcon.colcon_core.package_identification:_identify(src/osr-rover-code/ROS/osr_bringup) by extensions ['ros']
[1.101s] Level 1:colcon.colcon_core.package_identification:_identify(src/osr-rover-code/ROS/osr_bringup) by extension 'ros'
[1.114s] DEBUG:colcon.colcon_core.package_identification:Package 'src/osr-rover-code/ROS/osr_bringup' with type 'ros.ament_cmake' and name 'osr_bringup'
[1.115s] Level 1:colcon.colcon_core.package_identification:_identify(src/osr-rover-code/ROS/osr_control) by extensions ['ignore', 'ignore_ament_install']
[1.115s] Level 1:colcon.colcon_core.package_identification:_identify(src/osr-rover-code/ROS/osr_control) by extension 'ignore'
[1.116s] Level 1:colcon.colcon_core.package_identification:_identify(src/osr-rover-code/ROS/osr_control) by extension 'ignore_ament_install'
[1.116s] Level 1:colcon.colcon_core.package_identification:_identify(src/osr-rover-code/ROS/osr_control) by extensions ['colcon_pkg']
[1.116s] Level 1:colcon.colcon_core.package_identification:_identify(src/osr-rover-code/ROS/osr_control) by extension 'colcon_pkg'
[1.116s] Level 1:colcon.colcon_core.package_identification:_identify(src/osr-rover-code/ROS/osr_control) by extensions ['colcon_meta']
[1.116s] Level 1:colcon.colcon_core.package_identification:_identify(src/osr-rover-code/ROS/osr_control) by extension 'colcon_meta'
[1.116s] Level 1:colcon.colcon_core.package_identification:_identify(src/osr-rover-code/ROS/osr_control) by extensions ['ros']
[1.117s] Level 1:colcon.colcon_core.package_identification:_identify(src/osr-rover-code/ROS/osr_control) by extension 'ros'
[1.119s] DEBUG:colcon.colcon_core.package_identification:Package 'src/osr-rover-code/ROS/osr_control' with type 'ros.ament_python' and name 'osr_control'
[1.119s] Level 1:colcon.colcon_core.package_identification:_identify(src/osr-rover-code/ROS/osr_gazebo) by extensions ['ignore', 'ignore_ament_install']
[1.120s] Level 1:colcon.colcon_core.package_identification:_identify(src/osr-rover-code/ROS/osr_gazebo) by extension 'ignore'
[1.120s] Level 1:colcon.colcon_core.package_identification:_identify(src/osr-rover-code/ROS/osr_gazebo) ignored
[1.120s] Level 1:colcon.colcon_core.package_identification:_identify(src/osr-rover-code/ROS/osr_interfaces) by extensions ['ignore', 'ignore_ament_install']
[1.121s] Level 1:colcon.colcon_core.package_identification:_identify(src/osr-rover-code/ROS/osr_interfaces) by extension 'ignore'
[1.121s] Level 1:colcon.colcon_core.package_identification:_identify(src/osr-rover-code/ROS/osr_interfaces) by extension 'ignore_ament_install'
[1.121s] Level 1:colcon.colcon_core.package_identification:_identify(src/osr-rover-code/ROS/osr_interfaces) by extensions ['colcon_pkg']
[1.121s] Level 1:colcon.colcon_core.package_identification:_identify(src/osr-rover-code/ROS/osr_interfaces) by extension 'colcon_pkg'
[1.121s] Level 1:colcon.colcon_core.package_identification:_identify(src/osr-rover-code/ROS/osr_interfaces) by extensions ['colcon_meta']
[1.122s] Level 1:colcon.colcon_core.package_identification:_identify(src/osr-rover-code/ROS/osr_interfaces) by extension 'colcon_meta'
[1.122s] Level 1:colcon.colcon_core.package_identification:_identify(src/osr-rover-code/ROS/osr_interfaces) by extensions ['ros']
[1.122s] Level 1:colcon.colcon_core.package_identification:_identify(src/osr-rover-code/ROS/osr_interfaces) by extension 'ros'
[1.124s] DEBUG:colcon.colcon_core.package_identification:Package 'src/osr-rover-code/ROS/osr_interfaces' with type 'ros.ament_cmake' and name 'osr_interfaces'
[1.124s] Level 1:colcon.colcon_core.package_identification:_identify(src/osr-rover-code/config) by extensions ['ignore', 'ignore_ament_install']
[1.125s] Level 1:colcon.colcon_core.package_identification:_identify(src/osr-rover-code/config) by extension 'ignore'
[1.125s] Level 1:colcon.colcon_core.package_identification:_identify(src/osr-rover-code/config) by extension 'ignore_ament_install'
[1.125s] Level 1:colcon.colcon_core.package_identification:_identify(src/osr-rover-code/config) by extensions ['colcon_pkg']
[1.125s] Level 1:colcon.colcon_core.package_identification:_identify(src/osr-rover-code/config) by extension 'colcon_pkg'
[1.126s] Level 1:colcon.colcon_core.package_identification:_identify(src/osr-rover-code/config) by extensions ['colcon_meta']
[1.126s] Level 1:colcon.colcon_core.package_identification:_identify(src/osr-rover-code/config) by extension 'colcon_meta'
[1.126s] Level 1:colcon.colcon_core.package_identification:_identify(src/osr-rover-code/config) by extensions ['ros']
[1.126s] Level 1:colcon.colcon_core.package_identification:_identify(src/osr-rover-code/config) by extension 'ros'
[1.126s] Level 1:colcon.colcon_core.package_identification:_identify(src/osr-rover-code/config) by extensions ['cmake', 'python']
[1.126s] Level 1:colcon.colcon_core.package_identification:_identify(src/osr-rover-code/config) by extension 'cmake'
[1.127s] Level 1:colcon.colcon_core.package_identification:_identify(src/osr-rover-code/config) by extension 'python'
[1.127s] Level 1:colcon.colcon_core.package_identification:_identify(src/osr-rover-code/config) by extensions ['python_setup_py']
[1.127s] Level 1:colcon.colcon_core.package_identification:_identify(src/osr-rover-code/config) by extension 'python_setup_py'
[1.127s] Level 1:colcon.colcon_core.package_identification:_identify(src/osr-rover-code/init_scripts) by extensions ['ignore', 'ignore_ament_install']
[1.128s] Level 1:colcon.colcon_core.package_identification:_identify(src/osr-rover-code/init_scripts) by extension 'ignore'
[1.128s] Level 1:colcon.colcon_core.package_identification:_identify(src/osr-rover-code/init_scripts) by extension 'ignore_ament_install'
[1.128s] Level 1:colcon.colcon_core.package_identification:_identify(src/osr-rover-code/init_scripts) by extensions ['colcon_pkg']
[1.128s] Level 1:colcon.colcon_core.package_identification:_identify(src/osr-rover-code/init_scripts) by extension 'colcon_pkg'
[1.128s] Level 1:colcon.colcon_core.package_identification:_identify(src/osr-rover-code/init_scripts) by extensions ['colcon_meta']
[1.128s] Level 1:colcon.colcon_core.package_identification:_identify(src/osr-rover-code/init_scripts) by extension 'colcon_meta'
[1.129s] Level 1:colcon.colcon_core.package_identification:_identify(src/osr-rover-code/init_scripts) by extensions ['ros']
[1.129s] Level 1:colcon.colcon_core.package_identification:_identify(src/osr-rover-code/init_scripts) by extension 'ros'
[1.129s] Level 1:colcon.colcon_core.package_identification:_identify(src/osr-rover-code/init_scripts) by extensions ['cmake', 'python']
[1.129s] Level 1:colcon.colcon_core.package_identification:_identify(src/osr-rover-code/init_scripts) by extension 'cmake'
[1.130s] Level 1:colcon.colcon_core.package_identification:_identify(src/osr-rover-code/init_scripts) by extension 'python'
[1.130s] Level 1:colcon.colcon_core.package_identification:_identify(src/osr-rover-code/init_scripts) by extensions ['python_setup_py']
[1.130s] Level 1:colcon.colcon_core.package_identification:_identify(src/osr-rover-code/init_scripts) by extension 'python_setup_py'
[1.130s] Level 1:colcon.colcon_core.package_identification:_identify(src/osr-rover-code/scripts) by extensions ['ignore', 'ignore_ament_install']
[1.131s] Level 1:colcon.colcon_core.package_identification:_identify(src/osr-rover-code/scripts) by extension 'ignore'
[1.131s] Level 1:colcon.colcon_core.package_identification:_identify(src/osr-rover-code/scripts) by extension 'ignore_ament_install'
[1.131s] Level 1:colcon.colcon_core.package_identification:_identify(src/osr-rover-code/scripts) by extensions ['colcon_pkg']
[1.131s] Level 1:colcon.colcon_core.package_identification:_identify(src/osr-rover-code/scripts) by extension 'colcon_pkg'
[1.131s] Level 1:colcon.colcon_core.package_identification:_identify(src/osr-rover-code/scripts) by extensions ['colcon_meta']
[1.131s] Level 1:colcon.colcon_core.package_identification:_identify(src/osr-rover-code/scripts) by extension 'colcon_meta'
[1.132s] Level 1:colcon.colcon_core.package_identification:_identify(src/osr-rover-code/scripts) by extensions ['ros']
[1.132s] Level 1:colcon.colcon_core.package_identification:_identify(src/osr-rover-code/scripts) by extension 'ros'
[1.132s] Level 1:colcon.colcon_core.package_identification:_identify(src/osr-rover-code/scripts) by extensions ['cmake', 'python']
[1.132s] Level 1:colcon.colcon_core.package_identification:_identify(src/osr-rover-code/scripts) by extension 'cmake'
[1.132s] Level 1:colcon.colcon_core.package_identification:_identify(src/osr-rover-code/scripts) by extension 'python'
[1.132s] Level 1:colcon.colcon_core.package_identification:_identify(src/osr-rover-code/scripts) by extensions ['python_setup_py']
[1.133s] Level 1:colcon.colcon_core.package_identification:_identify(src/osr-rover-code/scripts) by extension 'python_setup_py'
[1.133s] Level 1:colcon.colcon_core.package_identification:_identify(src/osr-rover-code/setup) by extensions ['ignore', 'ignore_ament_install']
[1.133s] Level 1:colcon.colcon_core.package_identification:_identify(src/osr-rover-code/setup) by extension 'ignore'
[1.134s] Level 1:colcon.colcon_core.package_identification:_identify(src/osr-rover-code/setup) by extension 'ignore_ament_install'
[1.134s] Level 1:colcon.colcon_core.package_identification:_identify(src/osr-rover-code/setup) by extensions ['colcon_pkg']
[1.134s] Level 1:colcon.colcon_core.package_identification:_identify(src/osr-rover-code/setup) by extension 'colcon_pkg'
[1.134s] Level 1:colcon.colcon_core.package_identification:_identify(src/osr-rover-code/setup) by extensions ['colcon_meta']
[1.134s] Level 1:colcon.colcon_core.package_identification:_identify(src/osr-rover-code/setup) by extension 'colcon_meta'
[1.134s] Level 1:colcon.colcon_core.package_identification:_identify(src/osr-rover-code/setup) by extensions ['ros']
[1.135s] Level 1:colcon.colcon_core.package_identification:_identify(src/osr-rover-code/setup) by extension 'ros'
[1.135s] Level 1:colcon.colcon_core.package_identification:_identify(src/osr-rover-code/setup) by extensions ['cmake', 'python']
[1.135s] Level 1:colcon.colcon_core.package_identification:_identify(src/osr-rover-code/setup) by extension 'cmake'
[1.135s] Level 1:colcon.colcon_core.package_identification:_identify(src/osr-rover-code/setup) by extension 'python'
[1.135s] Level 1:colcon.colcon_core.package_identification:_identify(src/osr-rover-code/setup) by extensions ['python_setup_py']
[1.135s] Level 1:colcon.colcon_core.package_identification:_identify(src/osr-rover-code/setup) by extension 'python_setup_py'
[1.136s] Level 1:colcon.colcon_core.package_identification:_identify(src/osr-rover-code/setup/images) by extensions ['ignore', 'ignore_ament_install']
[1.136s] Level 1:colcon.colcon_core.package_identification:_identify(src/osr-rover-code/setup/images) by extension 'ignore'
[1.136s] Level 1:colcon.colcon_core.package_identification:_identify(src/osr-rover-code/setup/images) by extension 'ignore_ament_install'
[1.137s] Level 1:colcon.colcon_core.package_identification:_identify(src/osr-rover-code/setup/images) by extensions ['colcon_pkg']
[1.137s] Level 1:colcon.colcon_core.package_identification:_identify(src/osr-rover-code/setup/images) by extension 'colcon_pkg'
[1.137s] Level 1:colcon.colcon_core.package_identification:_identify(src/osr-rover-code/setup/images) by extensions ['colcon_meta']
[1.137s] Level 1:colcon.colcon_core.package_identification:_identify(src/osr-rover-code/setup/images) by extension 'colcon_meta'
[1.137s] Level 1:colcon.colcon_core.package_identification:_identify(src/osr-rover-code/setup/images) by extensions ['ros']
[1.137s] Level 1:colcon.colcon_core.package_identification:_identify(src/osr-rover-code/setup/images) by extension 'ros'
[1.138s] Level 1:colcon.colcon_core.package_identification:_identify(src/osr-rover-code/setup/images) by extensions ['cmake', 'python']
[1.138s] Level 1:colcon.colcon_core.package_identification:_identify(src/osr-rover-code/setup/images) by extension 'cmake'
[1.138s] Level 1:colcon.colcon_core.package_identification:_identify(src/osr-rover-code/setup/images) by extension 'python'
[1.138s] Level 1:colcon.colcon_core.package_identification:_identify(src/osr-rover-code/setup/images) by extensions ['python_setup_py']
[1.138s] Level 1:colcon.colcon_core.package_identification:_identify(src/osr-rover-code/setup/images) by extension 'python_setup_py'
[1.139s] Level 1:colcon.colcon_core.package_identification:_identify(venv) by extensions ['ignore', 'ignore_ament_install']
[1.139s] Level 1:colcon.colcon_core.package_identification:_identify(venv) by extension 'ignore'
[1.139s] Level 1:colcon.colcon_core.package_identification:_identify(venv) ignored
[1.139s] Level 1:colcon.colcon_core.package_discovery:discover_packages(recursive) using defaults
[1.139s] Level 1:colcon.colcon_core.package_discovery:discover_packages(ignore) discover
[1.139s] Level 1:colcon.colcon_core.package_discovery:discover_packages(ignore) using defaults
[1.140s] Level 1:colcon.colcon_core.package_discovery:discover_packages(path) discover
[1.140s] Level 1:colcon.colcon_core.package_discovery:discover_packages(path) using defaults
[1.213s] Level 1:colcon.colcon_core.package_discovery:discover_packages(prefix_path) check parameters
[1.214s] Level 1:colcon.colcon_core.package_discovery:discover_packages(prefix_path) discover
[1.226s] DEBUG:colcon.colcon_installed_package_information.package_discovery:Found 214 installed packages in /opt/ros/humble
[1.231s] Level 1:colcon.colcon_core.package_discovery:discover_packages(prefix_path) using defaults
[1.387s] Level 5:colcon.colcon_core.verb:set package 'osr_bringup' build argument 'cmake_args' from command line to 'None'
[1.387s] Level 5:colcon.colcon_core.verb:set package 'osr_bringup' build argument 'cmake_target' from command line to 'None'
[1.387s] Level 5:colcon.colcon_core.verb:set package 'osr_bringup' build argument 'cmake_target_skip_unavailable' from command line to 'False'
[1.387s] Level 5:colcon.colcon_core.verb:set package 'osr_bringup' build argument 'cmake_clean_cache' from command line to 'False'
[1.388s] Level 5:colcon.colcon_core.verb:set package 'osr_bringup' build argument 'cmake_clean_first' from command line to 'False'
[1.388s] Level 5:colcon.colcon_core.verb:set package 'osr_bringup' build argument 'cmake_force_configure' from command line to 'False'
[1.388s] Level 5:colcon.colcon_core.verb:set package 'osr_bringup' build argument 'ament_cmake_args' from command line to 'None'
[1.388s] Level 5:colcon.colcon_core.verb:set package 'osr_bringup' build argument 'catkin_cmake_args' from command line to 'None'
[1.388s] Level 5:colcon.colcon_core.verb:set package 'osr_bringup' build argument 'catkin_skip_building_tests' from command line to 'False'
[1.388s] DEBUG:colcon.colcon_core.verb:Building package 'osr_bringup' with the following arguments: {'ament_cmake_args': None, 'build_base': '/home/rover/osr_ws/build/osr_bringup', 'catkin_cmake_args': None, 'catkin_skip_building_tests': False, 'cmake_args': None, 'cmake_clean_cache': False, 'cmake_clean_first': False, 'cmake_force_configure': False, 'cmake_target': None, 'cmake_target_skip_unavailable': False, 'install_base': '/home/rover/osr_ws/install/osr_bringup', 'merge_install': False, 'path': '/home/rover/osr_ws/src/osr-rover-code/ROS/osr_bringup', 'symlink_install': True, 'test_result_base': None}
[1.390s] Level 5:colcon.colcon_core.verb:set package 'osr_interfaces' build argument 'cmake_args' from command line to 'None'
[1.390s] Level 5:colcon.colcon_core.verb:set package 'osr_interfaces' build argument 'cmake_target' from command line to 'None'
[1.390s] Level 5:colcon.colcon_core.verb:set package 'osr_interfaces' build argument 'cmake_target_skip_unavailable' from command line to 'False'
[1.390s] Level 5:colcon.colcon_core.verb:set package 'osr_interfaces' build argument 'cmake_clean_cache' from command line to 'False'
[1.390s] Level 5:colcon.colcon_core.verb:set package 'osr_interfaces' build argument 'cmake_clean_first' from command line to 'False'
[1.390s] Level 5:colcon.colcon_core.verb:set package 'osr_interfaces' build argument 'cmake_force_configure' from command line to 'False'
[1.390s] Level 5:colcon.colcon_core.verb:set package 'osr_interfaces' build argument 'ament_cmake_args' from command line to 'None'
[1.390s] Level 5:colcon.colcon_core.verb:set package 'osr_interfaces' build argument 'catkin_cmake_args' from command line to 'None'
[1.390s] Level 5:colcon.colcon_core.verb:set package 'osr_interfaces' build argument 'catkin_skip_building_tests' from command line to 'False'
[1.391s] DEBUG:colcon.colcon_core.verb:Building package 'osr_interfaces' with the following arguments: {'ament_cmake_args': None, 'build_base': '/home/rover/osr_ws/build/osr_interfaces', 'catkin_cmake_args': None, 'catkin_skip_building_tests': False, 'cmake_args': None, 'cmake_clean_cache': False, 'cmake_clean_first': False, 'cmake_force_configure': False, 'cmake_target': None, 'cmake_target_skip_unavailable': False, 'install_base': '/home/rover/osr_ws/install/osr_interfaces', 'merge_install': False, 'path': '/home/rover/osr_ws/src/osr-rover-code/ROS/osr_interfaces', 'symlink_install': True, 'test_result_base': None}
[1.392s] Level 5:colcon.colcon_core.verb:set package 'osr_control' build argument 'cmake_args' from command line to 'None'
[1.392s] Level 5:colcon.colcon_core.verb:set package 'osr_control' build argument 'cmake_target' from command line to 'None'
[1.392s] Level 5:colcon.colcon_core.verb:set package 'osr_control' build argument 'cmake_target_skip_unavailable' from command line to 'False'
[1.392s] Level 5:colcon.colcon_core.verb:set package 'osr_control' build argument 'cmake_clean_cache' from command line to 'False'
[1.392s] Level 5:colcon.colcon_core.verb:set package 'osr_control' build argument 'cmake_clean_first' from command line to 'False'
[1.392s] Level 5:colcon.colcon_core.verb:set package 'osr_control' build argument 'cmake_force_configure' from command line to 'False'
[1.393s] Level 5:colcon.colcon_core.verb:set package 'osr_control' build argument 'ament_cmake_args' from command line to 'None'
[1.393s] Level 5:colcon.colcon_core.verb:set package 'osr_control' build argument 'catkin_cmake_args' from command line to 'None'
[1.393s] Level 5:colcon.colcon_core.verb:set package 'osr_control' build argument 'catkin_skip_building_tests' from command line to 'False'
[1.393s] DEBUG:colcon.colcon_core.verb:Building package 'osr_control' with the following arguments: {'ament_cmake_args': None, 'build_base': '/home/rover/osr_ws/build/osr_control', 'catkin_cmake_args': None, 'catkin_skip_building_tests': False, 'cmake_args': None, 'cmake_clean_cache': False, 'cmake_clean_first': False, 'cmake_force_configure': False, 'cmake_target': None, 'cmake_target_skip_unavailable': False, 'install_base': '/home/rover/osr_ws/install/osr_control', 'merge_install': False, 'path': '/home/rover/osr_ws/src/osr-rover-code/ROS/osr_control', 'symlink_install': True, 'test_result_base': None}
[1.394s] INFO:colcon.colcon_core.executor:Executing jobs using 'parallel' executor
[1.396s] DEBUG:colcon.colcon_parallel_executor.executor.parallel:run_until_complete
[1.397s] INFO:colcon.colcon_ros.task.ament_cmake.build:Building ROS package in '/home/rover/osr_ws/src/osr-rover-code/ROS/osr_interfaces' with build type 'ament_cmake'
[1.398s] INFO:colcon.colcon_cmake.task.cmake.build:Building CMake package in '/home/rover/osr_ws/src/osr-rover-code/ROS/osr_interfaces'
[1.406s] INFO:colcon.colcon_core.plugin_system:Skipping extension 'colcon_core.shell.bat': Not used on non-Windows systems
[1.407s] INFO:colcon.colcon_core.shell:Skip shell extension 'powershell' for command environment: Not usable outside of PowerShell
[1.407s] DEBUG:colcon.colcon_core.shell:Skip shell extension 'dsv' for command environment
[1.421s] INFO:colcon.colcon_ros.task.ament_cmake.build:Building ROS package in '/home/rover/osr_ws/src/osr-rover-code/ROS/osr_bringup' with build type 'ament_cmake'
[1.422s] INFO:colcon.colcon_cmake.task.cmake.build:Building CMake package in '/home/rover/osr_ws/src/osr-rover-code/ROS/osr_bringup'
[1.423s] INFO:colcon.colcon_core.shell:Skip shell extension 'powershell' for command environment: Not usable outside of PowerShell
[1.423s] DEBUG:colcon.colcon_core.shell:Skip shell extension 'dsv' for command environment
[1.453s] DEBUG:colcon.colcon_core.event_handler.log_command:Invoking command in '/home/rover/osr_ws/build/osr_interfaces': CMAKE_PREFIX_PATH=/opt/ros/humble PS1=(venv) \[\e]0;\u@\h: \w\a\]${debian_chroot:+($debian_chroot)}\[\033[01;32m\]\u@\h\[\033[00m\]:\[\033[01;34m\]\w\[\033[00m\]\$ /usr/bin/cmake /home/rover/osr_ws/src/osr-rover-code/ROS/osr_interfaces -DAMENT_CMAKE_SYMLINK_INSTALL=1 -DCMAKE_INSTALL_PREFIX=/home/rover/osr_ws/install/osr_interfaces
[1.477s] DEBUG:colcon.colcon_core.event_handler.log_command:Invoking command in '/home/rover/osr_ws/build/osr_bringup': CMAKE_PREFIX_PATH=/opt/ros/humble PS1=(venv) \[\e]0;\u@\h: \w\a\]${debian_chroot:+($debian_chroot)}\[\033[01;32m\]\u@\h\[\033[00m\]:\[\033[01;34m\]\w\[\033[00m\]\$ /usr/bin/cmake --build /home/rover/osr_ws/build/osr_bringup -- -j4 -l4
[1.607s] DEBUG:colcon.colcon_core.event_handler.log_command:Invoked command in '/home/rover/osr_ws/build/osr_bringup' returned '0': CMAKE_PREFIX_PATH=/opt/ros/humble PS1=(venv) \[\e]0;\u@\h: \w\a\]${debian_chroot:+($debian_chroot)}\[\033[01;32m\]\u@\h\[\033[00m\]:\[\033[01;34m\]\w\[\033[00m\]\$ /usr/bin/cmake --build /home/rover/osr_ws/build/osr_bringup -- -j4 -l4
[1.647s] DEBUG:colcon.colcon_core.event_handler.log_command:Invoking command in '/home/rover/osr_ws/build/osr_bringup': CMAKE_PREFIX_PATH=/opt/ros/humble PS1=(venv) \[\e]0;\u@\h: \w\a\]${debian_chroot:+($debian_chroot)}\[\033[01;32m\]\u@\h\[\033[00m\]:\[\033[01;34m\]\w\[\033[00m\]\$ /usr/bin/cmake --install /home/rover/osr_ws/build/osr_bringup
[1.736s] Level 1:colcon.colcon_core.environment:create_environment_scripts_only(osr_bringup)
[1.738s] DEBUG:colcon.colcon_core.event_handler.log_command:Invoked command in '/home/rover/osr_ws/build/osr_bringup' returned '0': CMAKE_PREFIX_PATH=/opt/ros/humble PS1=(venv) \[\e]0;\u@\h: \w\a\]${debian_chroot:+($debian_chroot)}\[\033[01;32m\]\u@\h\[\033[00m\]:\[\033[01;34m\]\w\[\033[00m\]\$ /usr/bin/cmake --install /home/rover/osr_ws/build/osr_bringup
[1.748s] Level 1:colcon.colcon_core.environment:checking '/home/rover/osr_ws/install/osr_bringup' for CMake module files
[1.751s] Level 1:colcon.colcon_core.environment:checking '/home/rover/osr_ws/install/osr_bringup' for CMake config files
[1.753s] Level 1:colcon.colcon_core.shell:create_environment_hook('osr_bringup', 'cmake_prefix_path')
[1.754s] INFO:colcon.colcon_core.shell:Creating environment hook '/home/rover/osr_ws/install/osr_bringup/share/osr_bringup/hook/cmake_prefix_path.ps1'
[1.757s] INFO:colcon.colcon_core.shell:Creating environment descriptor '/home/rover/osr_ws/install/osr_bringup/share/osr_bringup/hook/cmake_prefix_path.dsv'
[1.759s] INFO:colcon.colcon_core.shell:Creating environment hook '/home/rover/osr_ws/install/osr_bringup/share/osr_bringup/hook/cmake_prefix_path.sh'
[1.763s] Level 1:colcon.colcon_core.environment:checking '/home/rover/osr_ws/install/osr_bringup/bin'
[1.764s] Level 1:colcon.colcon_core.environment:checking '/home/rover/osr_ws/install/osr_bringup/lib/pkgconfig/osr_bringup.pc'
[1.765s] Level 1:colcon.colcon_core.environment:checking '/home/rover/osr_ws/install/osr_bringup/lib/python3.10/site-packages'
[1.766s] Level 1:colcon.colcon_core.environment:checking '/home/rover/osr_ws/install/osr_bringup/bin'
[1.767s] INFO:colcon.colcon_core.shell:Creating package script '/home/rover/osr_ws/install/osr_bringup/share/osr_bringup/package.ps1'
[1.774s] INFO:colcon.colcon_core.shell:Creating package descriptor '/home/rover/osr_ws/install/osr_bringup/share/osr_bringup/package.dsv'
[1.778s] INFO:colcon.colcon_core.shell:Creating package script '/home/rover/osr_ws/install/osr_bringup/share/osr_bringup/package.sh'
[1.784s] INFO:colcon.colcon_core.shell:Creating package script '/home/rover/osr_ws/install/osr_bringup/share/osr_bringup/package.bash'
[1.789s] INFO:colcon.colcon_core.shell:Creating package script '/home/rover/osr_ws/install/osr_bringup/share/osr_bringup/package.zsh'
[1.793s] Level 1:colcon.colcon_core.environment:create_file_with_runtime_dependencies(/home/rover/osr_ws/install/osr_bringup/share/colcon-core/packages/osr_bringup)
[1.796s] Level 1:colcon.colcon_core.environment:create_environment_scripts_only(osr_bringup)
[1.797s] Level 1:colcon.colcon_core.environment:checking '/home/rover/osr_ws/install/osr_bringup' for CMake module files
[1.801s] Level 1:colcon.colcon_core.environment:checking '/home/rover/osr_ws/install/osr_bringup' for CMake config files
[1.802s] Level 1:colcon.colcon_core.shell:create_environment_hook('osr_bringup', 'cmake_prefix_path')
[1.803s] INFO:colcon.colcon_core.shell:Creating environment hook '/home/rover/osr_ws/install/osr_bringup/share/osr_bringup/hook/cmake_prefix_path.ps1'
[1.805s] INFO:colcon.colcon_core.shell:Creating environment descriptor '/home/rover/osr_ws/install/osr_bringup/share/osr_bringup/hook/cmake_prefix_path.dsv'
[1.808s] INFO:colcon.colcon_core.shell:Creating environment hook '/home/rover/osr_ws/install/osr_bringup/share/osr_bringup/hook/cmake_prefix_path.sh'
[1.811s] Level 1:colcon.colcon_core.environment:checking '/home/rover/osr_ws/install/osr_bringup/bin'
[1.812s] Level 1:colcon.colcon_core.environment:checking '/home/rover/osr_ws/install/osr_bringup/lib/pkgconfig/osr_bringup.pc'
[1.813s] Level 1:colcon.colcon_core.environment:checking '/home/rover/osr_ws/install/osr_bringup/lib/python3.10/site-packages'
[1.814s] Level 1:colcon.colcon_core.environment:checking '/home/rover/osr_ws/install/osr_bringup/bin'
[1.815s] INFO:colcon.colcon_core.shell:Creating package script '/home/rover/osr_ws/install/osr_bringup/share/osr_bringup/package.ps1'
[1.818s] INFO:colcon.colcon_core.shell:Creating package descriptor '/home/rover/osr_ws/install/osr_bringup/share/osr_bringup/package.dsv'
[1.820s] INFO:colcon.colcon_core.shell:Creating package script '/home/rover/osr_ws/install/osr_bringup/share/osr_bringup/package.sh'
[1.823s] INFO:colcon.colcon_core.shell:Creating package script '/home/rover/osr_ws/install/osr_bringup/share/osr_bringup/package.bash'
[1.825s] INFO:colcon.colcon_core.shell:Creating package script '/home/rover/osr_ws/install/osr_bringup/share/osr_bringup/package.zsh'
[1.827s] Level 1:colcon.colcon_core.environment:create_file_with_runtime_dependencies(/home/rover/osr_ws/install/osr_bringup/share/colcon-core/packages/osr_bringup)
[6.578s] DEBUG:colcon.colcon_core.event_handler.log_command:Invoked command in '/home/rover/osr_ws/build/osr_interfaces' returned '0': CMAKE_PREFIX_PATH=/opt/ros/humble PS1=(venv) \[\e]0;\u@\h: \w\a\]${debian_chroot:+($debian_chroot)}\[\033[01;32m\]\u@\h\[\033[00m\]:\[\033[01;34m\]\w\[\033[00m\]\$ /usr/bin/cmake /home/rover/osr_ws/src/osr-rover-code/ROS/osr_interfaces -DAMENT_CMAKE_SYMLINK_INSTALL=1 -DCMAKE_INSTALL_PREFIX=/home/rover/osr_ws/install/osr_interfaces
[6.587s] DEBUG:colcon.colcon_core.event_handler.log_command:Invoking command in '/home/rover/osr_ws/build/osr_interfaces': CMAKE_PREFIX_PATH=/opt/ros/humble PS1=(venv) \[\e]0;\u@\h: \w\a\]${debian_chroot:+($debian_chroot)}\[\033[01;32m\]\u@\h\[\033[00m\]:\[\033[01;34m\]\w\[\033[00m\]\$ /usr/bin/cmake --build /home/rover/osr_ws/build/osr_interfaces -- -j4 -l4
[7.823s] DEBUG:colcon.colcon_core.event_handler.log_command:Invoked command in '/home/rover/osr_ws/build/osr_interfaces' returned '2': CMAKE_PREFIX_PATH=/opt/ros/humble PS1=(venv) \[\e]0;\u@\h: \w\a\]${debian_chroot:+($debian_chroot)}\[\033[01;32m\]\u@\h\[\033[00m\]:\[\033[01;34m\]\w\[\033[00m\]\$ /usr/bin/cmake --build /home/rover/osr_ws/build/osr_interfaces -- -j4 -l4
[7.825s] Level 1:colcon.colcon_core.environment:create_environment_scripts_only(osr_interfaces)
[7.826s] Level 1:colcon.colcon_core.environment:checking '/home/rover/osr_ws/install/osr_interfaces' for CMake module files
[7.828s] Level 1:colcon.colcon_core.environment:checking '/home/rover/osr_ws/install/osr_interfaces' for CMake config files
[7.829s] Level 1:colcon.colcon_core.environment:checking '/home/rover/osr_ws/install/osr_interfaces/bin'
[7.830s] Level 1:colcon.colcon_core.environment:checking '/home/rover/osr_ws/install/osr_interfaces/lib/pkgconfig/osr_interfaces.pc'
[7.831s] Level 1:colcon.colcon_core.environment:checking '/home/rover/osr_ws/install/osr_interfaces/lib/python3.10/site-packages'
[7.832s] Level 1:colcon.colcon_core.environment:checking '/home/rover/osr_ws/install/osr_interfaces/bin'
[7.834s] INFO:colcon.colcon_core.shell:Creating package script '/home/rover/osr_ws/install/osr_interfaces/share/osr_interfaces/package.ps1'
[7.837s] INFO:colcon.colcon_core.shell:Creating package descriptor '/home/rover/osr_ws/install/osr_interfaces/share/osr_interfaces/package.dsv'
[7.839s] INFO:colcon.colcon_core.shell:Creating package script '/home/rover/osr_ws/install/osr_interfaces/share/osr_interfaces/package.sh'
[7.842s] INFO:colcon.colcon_core.shell:Creating package script '/home/rover/osr_ws/install/osr_interfaces/share/osr_interfaces/package.bash'
[7.844s] INFO:colcon.colcon_core.shell:Creating package script '/home/rover/osr_ws/install/osr_interfaces/share/osr_interfaces/package.zsh'
[7.846s] Level 1:colcon.colcon_core.environment:create_file_with_runtime_dependencies(/home/rover/osr_ws/install/osr_interfaces/share/colcon-core/packages/osr_interfaces)
[7.857s] DEBUG:colcon.colcon_parallel_executor.executor.parallel:closing loop
[7.858s] DEBUG:colcon.colcon_parallel_executor.executor.parallel:loop closed
[7.858s] DEBUG:colcon.colcon_parallel_executor.executor.parallel:run_until_complete finished with '2'
[7.858s] DEBUG:colcon.colcon_core.event_reactor:joining thread
[7.882s] INFO:colcon.colcon_core.plugin_system:Skipping extension 'colcon_notification.desktop_notification.notify_send': Could not find 'notify-send'
[7.882s] INFO:colcon.colcon_core.plugin_system:Skipping extension 'colcon_notification.desktop_notification.terminal_notifier': Not used on non-Darwin systems
[7.898s] INFO:colcon.colcon_core.plugin_system:Skipping extension 'colcon_notification.desktop_notification.win32': Not used on non-Windows systems
[7.899s] INFO:colcon.colcon_notification.desktop_notification:Sending desktop notification using 'notify2'
[7.906s] DEBUG:colcon.colcon_notification.desktop_notification.notify2:Failed to initialize notify2: org.freedesktop.DBus.Error.ServiceUnknown: The name org.freedesktop.Notifications was not provided by any .service files
[7.907s] DEBUG:colcon.colcon_core.event_reactor:joined thread
[7.908s] INFO:colcon.colcon_core.shell:Creating prefix script '/home/rover/osr_ws/install/local_setup.ps1'
[7.915s] INFO:colcon.colcon_core.shell:Creating prefix util module '/home/rover/osr_ws/install/_local_setup_util_ps1.py'
[7.922s] INFO:colcon.colcon_core.shell:Creating prefix chain script '/home/rover/osr_ws/install/setup.ps1'
[7.926s] INFO:colcon.colcon_core.shell:Creating prefix script '/home/rover/osr_ws/install/local_setup.sh'
[7.929s] INFO:colcon.colcon_core.shell:Creating prefix util module '/home/rover/osr_ws/install/_local_setup_util_sh.py'
[7.931s] INFO:colcon.colcon_core.shell:Creating prefix chain script '/home/rover/osr_ws/install/setup.sh'
[7.935s] INFO:colcon.colcon_core.shell:Creating prefix script '/home/rover/osr_ws/install/local_setup.bash'
[7.938s] INFO:colcon.colcon_core.shell:Creating prefix chain script '/home/rover/osr_ws/install/setup.bash'
[7.941s] INFO:colcon.colcon_core.shell:Creating prefix script '/home/rover/osr_ws/install/local_setup.zsh'
[7.944s] INFO:colcon.colcon_core.shell:Creating prefix chain script '/home/rover/osr_ws/install/setup.zsh'
