[0.070s] Invoking command in '/home/rover/osr_ws/build/osr_bringup': CMAKE_PREFIX_PATH=${CMAKE_PREFIX_PATH}:/home/rover/osr_ws/install/osr_control:/opt/ros/humble PS1=(venv) \[\e]0;\u@\h: \w\a\]${debian_chroot:+($debian_chroot)}\[\033[01;32m\]\u@\h\[\033[00m\]:\[\033[01;34m\]\w\[\033[00m\]\$ /usr/bin/cmake --build /home/rover/osr_ws/build/osr_bringup -- -j4 -l4
[0.582s] Invoked command in '/home/rover/osr_ws/build/osr_bringup' returned '0': CMAKE_PREFIX_PATH=${CMAKE_PREFIX_PATH}:/home/rover/osr_ws/install/osr_control:/opt/ros/humble PS1=(venv) \[\e]0;\u@\h: \w\a\]${debian_chroot:+($debian_chroot)}\[\033[01;32m\]\u@\h\[\033[00m\]:\[\033[01;34m\]\w\[\033[00m\]\$ /usr/bin/cmake --build /home/rover/osr_ws/build/osr_bringup -- -j4 -l4
[0.635s] Invoking command in '/home/rover/osr_ws/build/osr_bringup': CMAKE_PREFIX_PATH=${CMAKE_PREFIX_PATH}:/home/rover/osr_ws/install/osr_control:/opt/ros/humble PS1=(venv) \[\e]0;\u@\h: \w\a\]${debian_chroot:+($debian_chroot)}\[\033[01;32m\]\u@\h\[\033[00m\]:\[\033[01;34m\]\w\[\033[00m\]\$ /usr/bin/cmake --install /home/rover/osr_ws/build/osr_bringup
[0.678s] -- Install configuration: ""
[0.687s] -- Execute custom install script
[0.697s] -- Up-to-date symlink: /home/rover/osr_ws/install/osr_bringup/share/osr_bringup/launch/.gitignore
[0.699s] -- Up-to-date symlink: /home/rover/osr_ws/install/osr_bringup/share/osr_bringup/launch/osr_launch.py
[0.703s] -- Up-to-date symlink: /home/rover/osr_ws/install/osr_bringup/share/osr_bringup/config/osr_params.yaml
[0.704s] -- Symlinking: /home/rover/osr_ws/install/osr_bringup/share/osr_bringup/config/osr_params_mod.yaml
[0.751s] -- Up-to-date symlink: /home/rover/osr_ws/install/osr_bringup/share/osr_bringup/config/roboclaw_params.yaml
[0.754s] -- Symlinking: /home/rover/osr_ws/install/osr_bringup/share/osr_bringup/config/roboclaw_params_mod.yaml
[0.801s] -- Up-to-date symlink: /home/rover/osr_ws/install/osr_bringup/share/ament_index/resource_index/package_run_dependencies/osr_bringup
[0.805s] -- Up-to-date symlink: /home/rover/osr_ws/install/osr_bringup/share/ament_index/resource_index/parent_prefix_path/osr_bringup
[0.808s] -- Up-to-date symlink: /home/rover/osr_ws/install/osr_bringup/share/osr_bringup/environment/ament_prefix_path.sh
[0.810s] -- Up-to-date symlink: /home/rover/osr_ws/install/osr_bringup/share/osr_bringup/environment/ament_prefix_path.dsv
[0.813s] -- Up-to-date symlink: /home/rover/osr_ws/install/osr_bringup/share/osr_bringup/environment/path.sh
[0.817s] -- Up-to-date symlink: /home/rover/osr_ws/install/osr_bringup/share/osr_bringup/environment/path.dsv
[0.818s] -- Up-to-date symlink: /home/rover/osr_ws/install/osr_bringup/share/osr_bringup/local_setup.bash
[0.819s] -- Up-to-date symlink: /home/rover/osr_ws/install/osr_bringup/share/osr_bringup/local_setup.sh
[0.820s] -- Up-to-date symlink: /home/rover/osr_ws/install/osr_bringup/share/osr_bringup/local_setup.zsh
[0.821s] -- Up-to-date symlink: /home/rover/osr_ws/install/osr_bringup/share/osr_bringup/local_setup.dsv
[0.822s] -- Symlinking: /home/rover/osr_ws/install/osr_bringup/share/osr_bringup/package.dsv
[0.864s] -- Up-to-date symlink: /home/rover/osr_ws/install/osr_bringup/share/ament_index/resource_index/packages/osr_bringup
[0.867s] -- Up-to-date symlink: /home/rover/osr_ws/install/osr_bringup/share/osr_bringup/cmake/osr_bringupConfig.cmake
[0.871s] -- Up-to-date symlink: /home/rover/osr_ws/install/osr_bringup/share/osr_bringup/cmake/osr_bringupConfig-version.cmake
[0.874s] -- Up-to-date symlink: /home/rover/osr_ws/install/osr_bringup/share/osr_bringup/package.xml
[0.881s] Invoked command in '/home/rover/osr_ws/build/osr_bringup' returned '0': CMAKE_PREFIX_PATH=${CMAKE_PREFIX_PATH}:/home/rover/osr_ws/install/osr_control:/opt/ros/humble PS1=(venv) \[\e]0;\u@\h: \w\a\]${debian_chroot:+($debian_chroot)}\[\033[01;32m\]\u@\h\[\033[00m\]:\[\033[01;34m\]\w\[\033[00m\]\$ /usr/bin/cmake --install /home/rover/osr_ws/build/osr_bringup
