[2.535s] Invoking command in '/home/rover/osr_ws/build/osr_control': PS1=(venv) \[\e]0;\u@\h: \w\a\]${debian_chroot:+($debian_chroot)}\[\033[01;32m\]\u@\h\[\033[00m\]:\[\033[01;34m\]\w\[\033[00m\]\$ PYTHONPATH=/home/rover/osr_ws/build/osr_control/prefix_override:/usr/lib/python3/dist-packages/colcon_core/task/python/colcon_distutils_commands:/home/rover/osr_ws/install/osr_control/lib/python3.10/site-packages:/home/rover/osr_ws/install/osr_interfaces/lib/python3.10/site-packages:/home/rover/osr_ws/build/osr_control:/home/rover/osr_ws/install/osr_control/lib/python3.10/site-packages:/opt/ros/humble/lib/python3.10/site-packages:/opt/ros/humble/local/lib/python3.10/dist-packages /usr/bin/python3 -W ignore:setup.py install is deprecated -W ignore:easy_install command is deprecated setup.py develop --editable --build-directory /home/rover/osr_ws/build/osr_control/build --no-deps symlink_data
[3.539s] running develop
[4.125s] running egg_info
[4.125s] writing osr_control.egg-info/PKG-INFO
[4.126s] writing dependency_links to osr_control.egg-info/dependency_links.txt
[4.127s] writing entry points to osr_control.egg-info/entry_points.txt
[4.128s] writing requirements to osr_control.egg-info/requires.txt
[4.129s] writing top-level names to osr_control.egg-info/top_level.txt
[4.136s] reading manifest file 'osr_control.egg-info/SOURCES.txt'
[4.139s] writing manifest file 'osr_control.egg-info/SOURCES.txt'
[4.145s] running build_ext
[4.146s] Creating /home/rover/osr_ws/install/osr_control/lib/python3.10/site-packages/osr-control.egg-link (link to .)
[4.149s] Installing ina260 script to /home/rover/osr_ws/install/osr_control/lib/osr_control
[4.150s] Installing joy_extras script to /home/rover/osr_ws/install/osr_control/lib/osr_control
[4.151s] Installing roboclaw_wrapper script to /home/rover/osr_ws/install/osr_control/lib/osr_control
[4.151s] Installing rover script to /home/rover/osr_ws/install/osr_control/lib/osr_control
[4.152s] Installing servo_control script to /home/rover/osr_ws/install/osr_control/lib/osr_control
[4.153s] 
[4.154s] Installed /home/rover/osr_ws/build/osr_control
[4.154s] running symlink_data
[4.283s] Invoked command in '/home/rover/osr_ws/build/osr_control' returned '0': PS1=(venv) \[\e]0;\u@\h: \w\a\]${debian_chroot:+($debian_chroot)}\[\033[01;32m\]\u@\h\[\033[00m\]:\[\033[01;34m\]\w\[\033[00m\]\$ PYTHONPATH=/home/rover/osr_ws/build/osr_control/prefix_override:/usr/lib/python3/dist-packages/colcon_core/task/python/colcon_distutils_commands:/home/rover/osr_ws/install/osr_control/lib/python3.10/site-packages:/home/rover/osr_ws/install/osr_interfaces/lib/python3.10/site-packages:/home/rover/osr_ws/build/osr_control:/home/rover/osr_ws/install/osr_control/lib/python3.10/site-packages:/opt/ros/humble/lib/python3.10/site-packages:/opt/ros/humble/local/lib/python3.10/dist-packages /usr/bin/python3 -W ignore:setup.py install is deprecated -W ignore:easy_install command is deprecated setup.py develop --editable --build-directory /home/rover/osr_ws/build/osr_control/build --no-deps symlink_data
