-- Install configuration: ""
-- Execute custom install script
-- Up-to-date symlink: /home/rover/osr_ws/install/osr_bringup/share/osr_bringup/launch/.gitignore
-- Up-to-date symlink: /home/rover/osr_ws/install/osr_bringup/share/osr_bringup/launch/osr_launch.py
-- Up-to-date symlink: /home/rover/osr_ws/install/osr_bringup/share/osr_bringup/config/osr_params.yaml
-- Up-to-date symlink: /home/rover/osr_ws/install/osr_bringup/share/osr_bringup/config/roboclaw_params.yaml
-- Up-to-date symlink: /home/rover/osr_ws/install/osr_bringup/share/ament_index/resource_index/package_run_dependencies/osr_bringup
-- Up-to-date symlink: /home/rover/osr_ws/install/osr_bringup/share/ament_index/resource_index/parent_prefix_path/osr_bringup
-- Up-to-date symlink: /home/rover/osr_ws/install/osr_bringup/share/osr_bringup/environment/ament_prefix_path.sh
-- Up-to-date symlink: /home/rover/osr_ws/install/osr_bringup/share/osr_bringup/environment/ament_prefix_path.dsv
-- Up-to-date symlink: /home/rover/osr_ws/install/osr_bringup/share/osr_bringup/environment/path.sh
-- Up-to-date symlink: /home/rover/osr_ws/install/osr_bringup/share/osr_bringup/environment/path.dsv
-- Up-to-date symlink: /home/rover/osr_ws/install/osr_bringup/share/osr_bringup/local_setup.bash
-- Up-to-date symlink: /home/rover/osr_ws/install/osr_bringup/share/osr_bringup/local_setup.sh
-- Up-to-date symlink: /home/rover/osr_ws/install/osr_bringup/share/osr_bringup/local_setup.zsh
-- Up-to-date symlink: /home/rover/osr_ws/install/osr_bringup/share/osr_bringup/local_setup.dsv
-- Up-to-date symlink: /home/rover/osr_ws/install/osr_bringup/share/osr_bringup/package.dsv
-- Up-to-date symlink: /home/rover/osr_ws/install/osr_bringup/share/ament_index/resource_index/packages/osr_bringup
-- Up-to-date symlink: /home/rover/osr_ws/install/osr_bringup/share/osr_bringup/cmake/osr_bringupConfig.cmake
-- Up-to-date symlink: /home/rover/osr_ws/install/osr_bringup/share/osr_bringup/cmake/osr_bringupConfig-version.cmake
-- Up-to-date symlink: /home/rover/osr_ws/install/osr_bringup/share/osr_bringup/package.xml
