[  2%] Built target osr_interfaces__cpp
[  2%] Built target ament_cmake_python_symlink_osr_interfaces
[  4%] [32mBuilding C object CMakeFiles/osr_interfaces__rosidl_generator_c.dir/rosidl_generator_c/osr_interfaces/msg/detail/status__functions.c.o[0m
[  8%] [32mBuilding CXX object CMakeFiles/osr_interfaces__rosidl_typesupport_cpp.dir/rosidl_typesupport_cpp/osr_interfaces/msg/status__type_support.cpp.o[0m
[  8%] [32mBuilding CXX object CMakeFiles/osr_interfaces__rosidl_typesupport_fastrtps_cpp.dir/rosidl_typesupport_fastrtps_cpp/osr_interfaces/msg/detail/dds_fastrtps/status__type_support.cpp.o[0m
[ 10%] [32mBuilding CXX object CMakeFiles/osr_interfaces__rosidl_typesupport_introspection_cpp.dir/rosidl_typesupport_introspection_cpp/osr_interfaces/msg/detail/status__type_support.cpp.o[0m
[ 12%] [32mBuilding C object CMakeFiles/osr_interfaces__rosidl_generator_c.dir/rosidl_generator_c/osr_interfaces/msg/detail/command_drive__functions.c.o[0m
[ 14%] [32mBuilding C object CMakeFiles/osr_interfaces__rosidl_generator_c.dir/rosidl_generator_c/osr_interfaces/msg/detail/command_corner__functions.c.o[0m
[ 17%] [32m[1mLinking C shared library libosr_interfaces__rosidl_generator_c.so[0m
[ 19%] Built target osr_interfaces__rosidl_generator_c
[ 21%] [32mBuilding CXX object CMakeFiles/osr_interfaces__rosidl_typesupport_cpp.dir/rosidl_typesupport_cpp/osr_interfaces/msg/command_drive__type_support.cpp.o[0m
[ 23%] [32mBuilding CXX object CMakeFiles/osr_interfaces__rosidl_typesupport_fastrtps_cpp.dir/rosidl_typesupport_fastrtps_cpp/osr_interfaces/msg/detail/dds_fastrtps/command_drive__type_support.cpp.o[0m
[ 25%] [32mBuilding CXX object CMakeFiles/osr_interfaces__rosidl_typesupport_introspection_cpp.dir/rosidl_typesupport_introspection_cpp/osr_interfaces/msg/detail/command_drive__type_support.cpp.o[0m
running egg_info
writing osr_interfaces.egg-info/PKG-INFO
writing dependency_links to osr_interfaces.egg-info/dependency_links.txt
writing top-level names to osr_interfaces.egg-info/top_level.txt
reading manifest file 'osr_interfaces.egg-info/SOURCES.txt'
writing manifest file 'osr_interfaces.egg-info/SOURCES.txt'
[ 25%] Built target ament_cmake_python_build_osr_interfaces_egg
[ 27%] [32mBuilding CXX object CMakeFiles/osr_interfaces__rosidl_typesupport_introspection_cpp.dir/rosidl_typesupport_introspection_cpp/osr_interfaces/msg/detail/command_corner__type_support.cpp.o[0m
[ 29%] [32mBuilding CXX object CMakeFiles/osr_interfaces__rosidl_typesupport_cpp.dir/rosidl_typesupport_cpp/osr_interfaces/msg/command_corner__type_support.cpp.o[0m
[ 31%] [32mBuilding CXX object CMakeFiles/osr_interfaces__rosidl_typesupport_fastrtps_c.dir/rosidl_typesupport_fastrtps_c/osr_interfaces/msg/detail/status__type_support_c.cpp.o[0m
[ 34%] [32mBuilding CXX object CMakeFiles/osr_interfaces__rosidl_typesupport_fastrtps_cpp.dir/rosidl_typesupport_fastrtps_cpp/osr_interfaces/msg/detail/dds_fastrtps/command_corner__type_support.cpp.o[0m
[ 36%] [32m[1mLinking CXX shared library libosr_interfaces__rosidl_typesupport_cpp.so[0m
[ 38%] Built target osr_interfaces__rosidl_typesupport_cpp
[ 40%] [32m[1mLinking CXX shared library libosr_interfaces__rosidl_typesupport_introspection_cpp.so[0m
[ 42%] [32mBuilding C object CMakeFiles/osr_interfaces__rosidl_typesupport_introspection_c.dir/rosidl_typesupport_introspection_c/osr_interfaces/msg/detail/status__type_support.c.o[0m
[ 44%] [32mBuilding C object CMakeFiles/osr_interfaces__rosidl_typesupport_introspection_c.dir/rosidl_typesupport_introspection_c/osr_interfaces/msg/detail/command_drive__type_support.c.o[0m
[ 46%] Built target osr_interfaces__rosidl_typesupport_introspection_cpp
[ 48%] [32mBuilding CXX object CMakeFiles/osr_interfaces__rosidl_typesupport_c.dir/rosidl_typesupport_c/osr_interfaces/msg/status__type_support.cpp.o[0m
[ 51%] [32mBuilding C object CMakeFiles/osr_interfaces__rosidl_typesupport_introspection_c.dir/rosidl_typesupport_introspection_c/osr_interfaces/msg/detail/command_corner__type_support.c.o[0m
[ 53%] [32mBuilding CXX object CMakeFiles/osr_interfaces__rosidl_typesupport_c.dir/rosidl_typesupport_c/osr_interfaces/msg/command_drive__type_support.cpp.o[0m
[ 55%] [32m[1mLinking C shared library libosr_interfaces__rosidl_typesupport_introspection_c.so[0m
[ 57%] [32mBuilding CXX object CMakeFiles/osr_interfaces__rosidl_typesupport_c.dir/rosidl_typesupport_c/osr_interfaces/msg/command_corner__type_support.cpp.o[0m
[ 59%] Built target osr_interfaces__rosidl_typesupport_introspection_c
[ 61%] [32mBuilding CXX object CMakeFiles/osr_interfaces__rosidl_typesupport_fastrtps_c.dir/rosidl_typesupport_fastrtps_c/osr_interfaces/msg/detail/command_drive__type_support_c.cpp.o[0m
[ 63%] [32m[1mLinking CXX shared library libosr_interfaces__rosidl_typesupport_c.so[0m
[ 65%] Built target osr_interfaces__rosidl_typesupport_c
[ 68%] [32mBuilding CXX object CMakeFiles/osr_interfaces__rosidl_typesupport_fastrtps_c.dir/rosidl_typesupport_fastrtps_c/osr_interfaces/msg/detail/command_corner__type_support_c.cpp.o[0m
[ 70%] [32m[1mLinking CXX shared library libosr_interfaces__rosidl_typesupport_fastrtps_cpp.so[0m
[ 72%] Built target osr_interfaces__rosidl_typesupport_fastrtps_cpp
[ 74%] [32m[1mLinking CXX shared library libosr_interfaces__rosidl_typesupport_fastrtps_c.so[0m
[ 76%] Built target osr_interfaces__rosidl_typesupport_fastrtps_c
[ 76%] Built target osr_interfaces
[ 78%] Built target osr_interfaces__py
[ 80%] [32mBuilding C object CMakeFiles/osr_interfaces__rosidl_generator_py.dir/rosidl_generator_py/osr_interfaces/msg/_status_s.c.o[0m
[ 82%] [32mBuilding C object CMakeFiles/osr_interfaces__rosidl_generator_py.dir/rosidl_generator_py/osr_interfaces/msg/_command_drive_s.c.o[0m
[ 85%] [32mBuilding C object CMakeFiles/osr_interfaces__rosidl_generator_py.dir/rosidl_generator_py/osr_interfaces/msg/_command_corner_s.c.o[0m
[ 87%] [32m[1mLinking C shared library rosidl_generator_py/osr_interfaces/libosr_interfaces__rosidl_generator_py.so[0m
[ 87%] Built target osr_interfaces__rosidl_generator_py
[ 91%] [32mBuilding C object CMakeFiles/osr_interfaces__rosidl_typesupport_fastrtps_c__pyext.dir/rosidl_generator_py/osr_interfaces/_osr_interfaces_s.ep.rosidl_typesupport_fastrtps_c.c.o[0m
[ 91%] [32mBuilding C object CMakeFiles/osr_interfaces__rosidl_typesupport_introspection_c__pyext.dir/rosidl_generator_py/osr_interfaces/_osr_interfaces_s.ep.rosidl_typesupport_introspection_c.c.o[0m
[ 93%] [32mBuilding C object CMakeFiles/osr_interfaces__rosidl_typesupport_c__pyext.dir/rosidl_generator_py/osr_interfaces/_osr_interfaces_s.ep.rosidl_typesupport_c.c.o[0m
[ 95%] [32m[1mLinking C shared library rosidl_generator_py/osr_interfaces/osr_interfaces_s__rosidl_typesupport_c.cpython-310-aarch64-linux-gnu.so[0m
[ 97%] [32m[1mLinking C shared library rosidl_generator_py/osr_interfaces/osr_interfaces_s__rosidl_typesupport_introspection_c.cpython-310-aarch64-linux-gnu.so[0m
[100%] [32m[1mLinking C shared library rosidl_generator_py/osr_interfaces/osr_interfaces_s__rosidl_typesupport_fastrtps_c.cpython-310-aarch64-linux-gnu.so[0m
[100%] Built target osr_interfaces__rosidl_typesupport_c__pyext
[100%] Built target osr_interfaces__rosidl_typesupport_introspection_c__pyext
[100%] Built target osr_interfaces__rosidl_typesupport_fastrtps_c__pyext
-- Install configuration: ""
-- Execute custom install script
-- Up-to-date symlink: /home/rover/osr_ws/install/osr_interfaces/share/ament_index/resource_index/rosidl_interfaces/osr_interfaces
-- Up-to-date symlink: /home/rover/osr_ws/install/osr_interfaces/include/osr_interfaces/osr_interfaces/msg/command_corner.h
-- Up-to-date symlink: /home/rover/osr_ws/install/osr_interfaces/include/osr_interfaces/osr_interfaces/msg/command_drive.h
-- Up-to-date symlink: /home/rover/osr_ws/install/osr_interfaces/include/osr_interfaces/osr_interfaces/msg/detail/command_corner__functions.h
-- Up-to-date symlink: /home/rover/osr_ws/install/osr_interfaces/include/osr_interfaces/osr_interfaces/msg/detail/command_corner__struct.h
-- Up-to-date symlink: /home/rover/osr_ws/install/osr_interfaces/include/osr_interfaces/osr_interfaces/msg/detail/command_corner__type_support.h
-- Up-to-date symlink: /home/rover/osr_ws/install/osr_interfaces/include/osr_interfaces/osr_interfaces/msg/detail/command_drive__functions.h
-- Up-to-date symlink: /home/rover/osr_ws/install/osr_interfaces/include/osr_interfaces/osr_interfaces/msg/detail/command_drive__struct.h
-- Up-to-date symlink: /home/rover/osr_ws/install/osr_interfaces/include/osr_interfaces/osr_interfaces/msg/detail/command_drive__type_support.h
-- Up-to-date symlink: /home/rover/osr_ws/install/osr_interfaces/include/osr_interfaces/osr_interfaces/msg/detail/status__functions.h
-- Up-to-date symlink: /home/rover/osr_ws/install/osr_interfaces/include/osr_interfaces/osr_interfaces/msg/detail/status__struct.h
-- Up-to-date symlink: /home/rover/osr_ws/install/osr_interfaces/include/osr_interfaces/osr_interfaces/msg/detail/status__type_support.h
-- Up-to-date symlink: /home/rover/osr_ws/install/osr_interfaces/include/osr_interfaces/osr_interfaces/msg/rosidl_generator_c__visibility_control.h
-- Up-to-date symlink: /home/rover/osr_ws/install/osr_interfaces/include/osr_interfaces/osr_interfaces/msg/status.h
-- Up-to-date symlink: /home/rover/osr_ws/install/osr_interfaces/share/osr_interfaces/environment/library_path.sh
-- Up-to-date symlink: /home/rover/osr_ws/install/osr_interfaces/share/osr_interfaces/environment/library_path.dsv
-- Up-to-date symlink: /home/rover/osr_ws/install/osr_interfaces/include/osr_interfaces/osr_interfaces/msg/detail/command_corner__rosidl_typesupport_fastrtps_c.h
-- Up-to-date symlink: /home/rover/osr_ws/install/osr_interfaces/include/osr_interfaces/osr_interfaces/msg/detail/command_drive__rosidl_typesupport_fastrtps_c.h
-- Up-to-date symlink: /home/rover/osr_ws/install/osr_interfaces/include/osr_interfaces/osr_interfaces/msg/detail/status__rosidl_typesupport_fastrtps_c.h
-- Up-to-date symlink: /home/rover/osr_ws/install/osr_interfaces/include/osr_interfaces/osr_interfaces/msg/rosidl_typesupport_fastrtps_c__visibility_control.h
-- Up-to-date symlink: /home/rover/osr_ws/install/osr_interfaces/include/osr_interfaces/osr_interfaces/msg/detail/command_corner__rosidl_typesupport_introspection_c.h
-- Up-to-date symlink: /home/rover/osr_ws/install/osr_interfaces/include/osr_interfaces/osr_interfaces/msg/detail/command_drive__rosidl_typesupport_introspection_c.h
-- Up-to-date symlink: /home/rover/osr_ws/install/osr_interfaces/include/osr_interfaces/osr_interfaces/msg/detail/status__rosidl_typesupport_introspection_c.h
-- Up-to-date symlink: /home/rover/osr_ws/install/osr_interfaces/include/osr_interfaces/osr_interfaces/msg/rosidl_typesupport_introspection_c__visibility_control.h
-- Up-to-date symlink: /home/rover/osr_ws/install/osr_interfaces/include/osr_interfaces/osr_interfaces/msg/command_corner.hpp
-- Up-to-date symlink: /home/rover/osr_ws/install/osr_interfaces/include/osr_interfaces/osr_interfaces/msg/command_drive.hpp
-- Up-to-date symlink: /home/rover/osr_ws/install/osr_interfaces/include/osr_interfaces/osr_interfaces/msg/detail/command_corner__builder.hpp
-- Up-to-date symlink: /home/rover/osr_ws/install/osr_interfaces/include/osr_interfaces/osr_interfaces/msg/detail/command_corner__struct.hpp
-- Up-to-date symlink: /home/rover/osr_ws/install/osr_interfaces/include/osr_interfaces/osr_interfaces/msg/detail/command_corner__traits.hpp
-- Up-to-date symlink: /home/rover/osr_ws/install/osr_interfaces/include/osr_interfaces/osr_interfaces/msg/detail/command_corner__type_support.hpp
-- Up-to-date symlink: /home/rover/osr_ws/install/osr_interfaces/include/osr_interfaces/osr_interfaces/msg/detail/command_drive__builder.hpp
-- Up-to-date symlink: /home/rover/osr_ws/install/osr_interfaces/include/osr_interfaces/osr_interfaces/msg/detail/command_drive__struct.hpp
-- Up-to-date symlink: /home/rover/osr_ws/install/osr_interfaces/include/osr_interfaces/osr_interfaces/msg/detail/command_drive__traits.hpp
-- Up-to-date symlink: /home/rover/osr_ws/install/osr_interfaces/include/osr_interfaces/osr_interfaces/msg/detail/command_drive__type_support.hpp
-- Up-to-date symlink: /home/rover/osr_ws/install/osr_interfaces/include/osr_interfaces/osr_interfaces/msg/detail/status__builder.hpp
-- Up-to-date symlink: /home/rover/osr_ws/install/osr_interfaces/include/osr_interfaces/osr_interfaces/msg/detail/status__struct.hpp
-- Up-to-date symlink: /home/rover/osr_ws/install/osr_interfaces/include/osr_interfaces/osr_interfaces/msg/detail/status__traits.hpp
-- Up-to-date symlink: /home/rover/osr_ws/install/osr_interfaces/include/osr_interfaces/osr_interfaces/msg/detail/status__type_support.hpp
-- Up-to-date symlink: /home/rover/osr_ws/install/osr_interfaces/include/osr_interfaces/osr_interfaces/msg/rosidl_generator_cpp__visibility_control.hpp
-- Up-to-date symlink: /home/rover/osr_ws/install/osr_interfaces/include/osr_interfaces/osr_interfaces/msg/status.hpp
-- Up-to-date symlink: /home/rover/osr_ws/install/osr_interfaces/include/osr_interfaces/osr_interfaces/msg/detail/command_corner__rosidl_typesupport_fastrtps_cpp.hpp
-- Up-to-date symlink: /home/rover/osr_ws/install/osr_interfaces/include/osr_interfaces/osr_interfaces/msg/detail/command_drive__rosidl_typesupport_fastrtps_cpp.hpp
-- Up-to-date symlink: /home/rover/osr_ws/install/osr_interfaces/include/osr_interfaces/osr_interfaces/msg/detail/status__rosidl_typesupport_fastrtps_cpp.hpp
-- Up-to-date symlink: /home/rover/osr_ws/install/osr_interfaces/include/osr_interfaces/osr_interfaces/msg/rosidl_typesupport_fastrtps_cpp__visibility_control.h
-- Up-to-date symlink: /home/rover/osr_ws/install/osr_interfaces/include/osr_interfaces/osr_interfaces/msg/detail/command_corner__rosidl_typesupport_introspection_cpp.hpp
-- Up-to-date symlink: /home/rover/osr_ws/install/osr_interfaces/include/osr_interfaces/osr_interfaces/msg/detail/command_drive__rosidl_typesupport_introspection_cpp.hpp
-- Up-to-date symlink: /home/rover/osr_ws/install/osr_interfaces/include/osr_interfaces/osr_interfaces/msg/detail/status__rosidl_typesupport_introspection_cpp.hpp
-- Up-to-date symlink: /home/rover/osr_ws/install/osr_interfaces/share/osr_interfaces/environment/pythonpath.sh
-- Up-to-date symlink: /home/rover/osr_ws/install/osr_interfaces/share/osr_interfaces/environment/pythonpath.dsv
-- Up-to-date symlink: /home/rover/osr_ws/install/osr_interfaces/lib/python3.10/site-packages/osr_interfaces-0.0.0-py3.10.egg-info/PKG-INFO
-- Up-to-date symlink: /home/rover/osr_ws/install/osr_interfaces/lib/python3.10/site-packages/osr_interfaces-0.0.0-py3.10.egg-info/SOURCES.txt
-- Up-to-date symlink: /home/rover/osr_ws/install/osr_interfaces/lib/python3.10/site-packages/osr_interfaces-0.0.0-py3.10.egg-info/dependency_links.txt
-- Up-to-date symlink: /home/rover/osr_ws/install/osr_interfaces/lib/python3.10/site-packages/osr_interfaces-0.0.0-py3.10.egg-info/top_level.txt
-- Up-to-date symlink: /home/rover/osr_ws/install/osr_interfaces/lib/python3.10/site-packages/osr_interfaces/__init__.py
-- Up-to-date symlink: /home/rover/osr_ws/install/osr_interfaces/lib/python3.10/site-packages/osr_interfaces/_osr_interfaces_s.ep.rosidl_typesupport_c.c
-- Up-to-date symlink: /home/rover/osr_ws/install/osr_interfaces/lib/python3.10/site-packages/osr_interfaces/_osr_interfaces_s.ep.rosidl_typesupport_fastrtps_c.c
-- Up-to-date symlink: /home/rover/osr_ws/install/osr_interfaces/lib/python3.10/site-packages/osr_interfaces/_osr_interfaces_s.ep.rosidl_typesupport_introspection_c.c
-- Up-to-date symlink: /home/rover/osr_ws/install/osr_interfaces/lib/python3.10/site-packages/osr_interfaces/libosr_interfaces__rosidl_generator_py.so
-- Up-to-date symlink: /home/rover/osr_ws/install/osr_interfaces/lib/python3.10/site-packages/osr_interfaces/msg/__init__.py
-- Up-to-date symlink: /home/rover/osr_ws/install/osr_interfaces/lib/python3.10/site-packages/osr_interfaces/msg/_command_corner.py
-- Up-to-date symlink: /home/rover/osr_ws/install/osr_interfaces/lib/python3.10/site-packages/osr_interfaces/msg/_command_corner_s.c
-- Up-to-date symlink: /home/rover/osr_ws/install/osr_interfaces/lib/python3.10/site-packages/osr_interfaces/msg/_command_drive.py
-- Up-to-date symlink: /home/rover/osr_ws/install/osr_interfaces/lib/python3.10/site-packages/osr_interfaces/msg/_command_drive_s.c
-- Up-to-date symlink: /home/rover/osr_ws/install/osr_interfaces/lib/python3.10/site-packages/osr_interfaces/msg/_status.py
-- Up-to-date symlink: /home/rover/osr_ws/install/osr_interfaces/lib/python3.10/site-packages/osr_interfaces/msg/_status_s.c
-- Up-to-date symlink: /home/rover/osr_ws/install/osr_interfaces/lib/python3.10/site-packages/osr_interfaces/osr_interfaces_s__rosidl_typesupport_c.cpython-310-aarch64-linux-gnu.so
-- Up-to-date symlink: /home/rover/osr_ws/install/osr_interfaces/lib/python3.10/site-packages/osr_interfaces/osr_interfaces_s__rosidl_typesupport_fastrtps_c.cpython-310-aarch64-linux-gnu.so
-- Up-to-date symlink: /home/rover/osr_ws/install/osr_interfaces/lib/python3.10/site-packages/osr_interfaces/osr_interfaces_s__rosidl_typesupport_introspection_c.cpython-310-aarch64-linux-gnu.so
-- Up-to-date symlink: /home/rover/osr_ws/install/osr_interfaces/lib/python3.10/site-packages/osr_interfaces/osr_interfaces_s__rosidl_typesupport_fastrtps_c.cpython-310-aarch64-linux-gnu.so
-- Up-to-date symlink: /home/rover/osr_ws/install/osr_interfaces/lib/python3.10/site-packages/osr_interfaces/osr_interfaces_s__rosidl_typesupport_introspection_c.cpython-310-aarch64-linux-gnu.so
-- Up-to-date symlink: /home/rover/osr_ws/install/osr_interfaces/lib/python3.10/site-packages/osr_interfaces/osr_interfaces_s__rosidl_typesupport_c.cpython-310-aarch64-linux-gnu.so
-- Up-to-date symlink: /home/rover/osr_ws/install/osr_interfaces/share/osr_interfaces/msg/Status.idl
-- Up-to-date symlink: /home/rover/osr_ws/install/osr_interfaces/share/osr_interfaces/msg/CommandDrive.idl
-- Up-to-date symlink: /home/rover/osr_ws/install/osr_interfaces/share/osr_interfaces/msg/CommandCorner.idl
-- Up-to-date symlink: /home/rover/osr_ws/install/osr_interfaces/share/osr_interfaces/msg/Status.msg
-- Up-to-date symlink: /home/rover/osr_ws/install/osr_interfaces/share/osr_interfaces/msg/CommandDrive.msg
-- Up-to-date symlink: /home/rover/osr_ws/install/osr_interfaces/share/osr_interfaces/msg/CommandCorner.msg
-- Up-to-date symlink: /home/rover/osr_ws/install/osr_interfaces/share/ament_index/resource_index/package_run_dependencies/osr_interfaces
-- Up-to-date symlink: /home/rover/osr_ws/install/osr_interfaces/share/ament_index/resource_index/parent_prefix_path/osr_interfaces
-- Up-to-date symlink: /home/rover/osr_ws/install/osr_interfaces/share/osr_interfaces/environment/ament_prefix_path.sh
-- Up-to-date symlink: /home/rover/osr_ws/install/osr_interfaces/share/osr_interfaces/environment/ament_prefix_path.dsv
-- Up-to-date symlink: /home/rover/osr_ws/install/osr_interfaces/share/osr_interfaces/environment/path.sh
-- Up-to-date symlink: /home/rover/osr_ws/install/osr_interfaces/share/osr_interfaces/environment/path.dsv
-- Up-to-date symlink: /home/rover/osr_ws/install/osr_interfaces/share/osr_interfaces/local_setup.bash
-- Up-to-date symlink: /home/rover/osr_ws/install/osr_interfaces/share/osr_interfaces/local_setup.sh
-- Up-to-date symlink: /home/rover/osr_ws/install/osr_interfaces/share/osr_interfaces/local_setup.zsh
-- Up-to-date symlink: /home/rover/osr_ws/install/osr_interfaces/share/osr_interfaces/local_setup.dsv
-- Symlinking: /home/rover/osr_ws/install/osr_interfaces/share/osr_interfaces/package.dsv
-- Up-to-date symlink: /home/rover/osr_ws/install/osr_interfaces/share/ament_index/resource_index/packages/osr_interfaces
-- Up-to-date symlink: /home/rover/osr_ws/install/osr_interfaces/share/osr_interfaces/cmake/rosidl_cmake-extras.cmake
-- Up-to-date symlink: /home/rover/osr_ws/install/osr_interfaces/share/osr_interfaces/cmake/ament_cmake_export_include_directories-extras.cmake
-- Up-to-date symlink: /home/rover/osr_ws/install/osr_interfaces/share/osr_interfaces/cmake/ament_cmake_export_libraries-extras.cmake
-- Up-to-date symlink: /home/rover/osr_ws/install/osr_interfaces/share/osr_interfaces/cmake/ament_cmake_export_targets-extras.cmake
-- Up-to-date symlink: /home/rover/osr_ws/install/osr_interfaces/share/osr_interfaces/cmake/rosidl_cmake_export_typesupport_targets-extras.cmake
-- Up-to-date symlink: /home/rover/osr_ws/install/osr_interfaces/share/osr_interfaces/cmake/ament_cmake_export_dependencies-extras.cmake
-- Up-to-date symlink: /home/rover/osr_ws/install/osr_interfaces/share/osr_interfaces/cmake/rosidl_cmake_export_typesupport_libraries-extras.cmake
-- Up-to-date symlink: /home/rover/osr_ws/install/osr_interfaces/share/osr_interfaces/cmake/osr_interfacesConfig.cmake
-- Up-to-date symlink: /home/rover/osr_ws/install/osr_interfaces/share/osr_interfaces/cmake/osr_interfacesConfig-version.cmake
-- Up-to-date symlink: /home/rover/osr_ws/install/osr_interfaces/share/osr_interfaces/package.xml
-- Installing: /home/rover/osr_ws/install/osr_interfaces/lib/libosr_interfaces__rosidl_generator_c.so
-- Set runtime path of "/home/rover/osr_ws/install/osr_interfaces/lib/libosr_interfaces__rosidl_generator_c.so" to ""
-- Installing: /home/rover/osr_ws/install/osr_interfaces/lib/libosr_interfaces__rosidl_typesupport_fastrtps_c.so
-- Set runtime path of "/home/rover/osr_ws/install/osr_interfaces/lib/libosr_interfaces__rosidl_typesupport_fastrtps_c.so" to ""
-- Installing: /home/rover/osr_ws/install/osr_interfaces/lib/libosr_interfaces__rosidl_typesupport_introspection_c.so
-- Set runtime path of "/home/rover/osr_ws/install/osr_interfaces/lib/libosr_interfaces__rosidl_typesupport_introspection_c.so" to ""
-- Installing: /home/rover/osr_ws/install/osr_interfaces/lib/libosr_interfaces__rosidl_typesupport_c.so
-- Set runtime path of "/home/rover/osr_ws/install/osr_interfaces/lib/libosr_interfaces__rosidl_typesupport_c.so" to ""
-- Installing: /home/rover/osr_ws/install/osr_interfaces/lib/libosr_interfaces__rosidl_typesupport_fastrtps_cpp.so
-- Set runtime path of "/home/rover/osr_ws/install/osr_interfaces/lib/libosr_interfaces__rosidl_typesupport_fastrtps_cpp.so" to ""
-- Installing: /home/rover/osr_ws/install/osr_interfaces/lib/libosr_interfaces__rosidl_typesupport_introspection_cpp.so
-- Set runtime path of "/home/rover/osr_ws/install/osr_interfaces/lib/libosr_interfaces__rosidl_typesupport_introspection_cpp.so" to ""
-- Installing: /home/rover/osr_ws/install/osr_interfaces/lib/libosr_interfaces__rosidl_typesupport_cpp.so
-- Set runtime path of "/home/rover/osr_ws/install/osr_interfaces/lib/libosr_interfaces__rosidl_typesupport_cpp.so" to ""
Listing '/home/rover/osr_ws/install/osr_interfaces/lib/python3.10/site-packages/osr_interfaces'...
Listing '/home/rover/osr_ws/install/osr_interfaces/lib/python3.10/site-packages/osr_interfaces/msg'...
-- Installing: /home/rover/osr_ws/install/osr_interfaces/lib/libosr_interfaces__rosidl_generator_py.so
-- Set runtime path of "/home/rover/osr_ws/install/osr_interfaces/lib/libosr_interfaces__rosidl_generator_py.so" to ""
-- Up-to-date: /home/rover/osr_ws/install/osr_interfaces/share/osr_interfaces/cmake/export_osr_interfaces__rosidl_generator_cExport.cmake
-- Up-to-date: /home/rover/osr_ws/install/osr_interfaces/share/osr_interfaces/cmake/export_osr_interfaces__rosidl_generator_cExport-noconfig.cmake
-- Up-to-date: /home/rover/osr_ws/install/osr_interfaces/share/osr_interfaces/cmake/export_osr_interfaces__rosidl_typesupport_fastrtps_cExport.cmake
-- Up-to-date: /home/rover/osr_ws/install/osr_interfaces/share/osr_interfaces/cmake/export_osr_interfaces__rosidl_typesupport_fastrtps_cExport-noconfig.cmake
-- Up-to-date: /home/rover/osr_ws/install/osr_interfaces/share/osr_interfaces/cmake/osr_interfaces__rosidl_typesupport_introspection_cExport.cmake
-- Up-to-date: /home/rover/osr_ws/install/osr_interfaces/share/osr_interfaces/cmake/osr_interfaces__rosidl_typesupport_introspection_cExport-noconfig.cmake
-- Up-to-date: /home/rover/osr_ws/install/osr_interfaces/share/osr_interfaces/cmake/osr_interfaces__rosidl_typesupport_cExport.cmake
-- Up-to-date: /home/rover/osr_ws/install/osr_interfaces/share/osr_interfaces/cmake/osr_interfaces__rosidl_typesupport_cExport-noconfig.cmake
-- Up-to-date: /home/rover/osr_ws/install/osr_interfaces/share/osr_interfaces/cmake/export_osr_interfaces__rosidl_generator_cppExport.cmake
-- Up-to-date: /home/rover/osr_ws/install/osr_interfaces/share/osr_interfaces/cmake/export_osr_interfaces__rosidl_typesupport_fastrtps_cppExport.cmake
-- Up-to-date: /home/rover/osr_ws/install/osr_interfaces/share/osr_interfaces/cmake/export_osr_interfaces__rosidl_typesupport_fastrtps_cppExport-noconfig.cmake
-- Up-to-date: /home/rover/osr_ws/install/osr_interfaces/share/osr_interfaces/cmake/osr_interfaces__rosidl_typesupport_introspection_cppExport.cmake
-- Up-to-date: /home/rover/osr_ws/install/osr_interfaces/share/osr_interfaces/cmake/osr_interfaces__rosidl_typesupport_introspection_cppExport-noconfig.cmake
-- Up-to-date: /home/rover/osr_ws/install/osr_interfaces/share/osr_interfaces/cmake/osr_interfaces__rosidl_typesupport_cppExport.cmake
-- Up-to-date: /home/rover/osr_ws/install/osr_interfaces/share/osr_interfaces/cmake/osr_interfaces__rosidl_typesupport_cppExport-noconfig.cmake
-- Up-to-date: /home/rover/osr_ws/install/osr_interfaces/share/osr_interfaces/cmake/export_osr_interfaces__rosidl_generator_pyExport.cmake
-- Up-to-date: /home/rover/osr_ws/install/osr_interfaces/share/osr_interfaces/cmake/export_osr_interfaces__rosidl_generator_pyExport-noconfig.cmake
