[0.078s] Invoking command in '/home/rover/osr_ws/build/osr_interfaces': CMAKE_PREFIX_PATH=${CMAKE_PREFIX_PATH}:/home/rover/osr_ws/install/osr_control:/opt/ros/humble PS1=(venv) \[\e]0;\u@\h: \w\a\]${debian_chroot:+($debian_chroot)}\[\033[01;32m\]\u@\h\[\033[00m\]:\[\033[01;34m\]\w\[\033[00m\]\$ /usr/bin/cmake --build /home/rover/osr_ws/build/osr_interfaces -- -j4 -l4
[0.745s] [  2%] Built target osr_interfaces__cpp
[0.772s] [  2%] Built target ament_cmake_python_symlink_osr_interfaces
[0.859s] [  4%] [32mBuilding C object CMakeFiles/osr_interfaces__rosidl_generator_c.dir/rosidl_generator_c/osr_interfaces/msg/detail/status__functions.c.o[0m
[1.001s] [  8%] [32mBuilding CXX object CMakeFiles/osr_interfaces__rosidl_typesupport_cpp.dir/rosidl_typesupport_cpp/osr_interfaces/msg/status__type_support.cpp.o[0m
[1.003s] [  8%] [32mBuilding CXX object CMakeFiles/osr_interfaces__rosidl_typesupport_fastrtps_cpp.dir/rosidl_typesupport_fastrtps_cpp/osr_interfaces/msg/detail/dds_fastrtps/status__type_support.cpp.o[0m
[1.018s] [ 10%] [32mBuilding CXX object CMakeFiles/osr_interfaces__rosidl_typesupport_introspection_cpp.dir/rosidl_typesupport_introspection_cpp/osr_interfaces/msg/detail/status__type_support.cpp.o[0m
[2.076s] [ 12%] [32mBuilding C object CMakeFiles/osr_interfaces__rosidl_generator_c.dir/rosidl_generator_c/osr_interfaces/msg/detail/command_drive__functions.c.o[0m
[2.348s] [ 14%] [32mBuilding C object CMakeFiles/osr_interfaces__rosidl_generator_c.dir/rosidl_generator_c/osr_interfaces/msg/detail/command_corner__functions.c.o[0m
[2.641s] [ 17%] [32m[1mLinking C shared library libosr_interfaces__rosidl_generator_c.so[0m
[2.931s] [ 19%] Built target osr_interfaces__rosidl_generator_c
[3.556s] [ 21%] [32mBuilding CXX object CMakeFiles/osr_interfaces__rosidl_typesupport_cpp.dir/rosidl_typesupport_cpp/osr_interfaces/msg/command_drive__type_support.cpp.o[0m
[4.293s] [ 23%] [32mBuilding CXX object CMakeFiles/osr_interfaces__rosidl_typesupport_fastrtps_cpp.dir/rosidl_typesupport_fastrtps_cpp/osr_interfaces/msg/detail/dds_fastrtps/command_drive__type_support.cpp.o[0m
[4.342s] [ 25%] [32mBuilding CXX object CMakeFiles/osr_interfaces__rosidl_typesupport_introspection_cpp.dir/rosidl_typesupport_introspection_cpp/osr_interfaces/msg/detail/command_drive__type_support.cpp.o[0m
[4.588s] running egg_info
[4.590s] writing osr_interfaces.egg-info/PKG-INFO
[4.592s] writing dependency_links to osr_interfaces.egg-info/dependency_links.txt
[4.594s] writing top-level names to osr_interfaces.egg-info/top_level.txt
[4.608s] reading manifest file 'osr_interfaces.egg-info/SOURCES.txt'
[4.613s] writing manifest file 'osr_interfaces.egg-info/SOURCES.txt'
[4.791s] [ 25%] Built target ament_cmake_python_build_osr_interfaces_egg
[4.839s] [ 27%] [32mBuilding CXX object CMakeFiles/osr_interfaces__rosidl_typesupport_introspection_cpp.dir/rosidl_typesupport_introspection_cpp/osr_interfaces/msg/detail/command_corner__type_support.cpp.o[0m
[5.250s] [ 29%] [32mBuilding CXX object CMakeFiles/osr_interfaces__rosidl_typesupport_cpp.dir/rosidl_typesupport_cpp/osr_interfaces/msg/command_corner__type_support.cpp.o[0m
[6.751s] [ 31%] [32mBuilding CXX object CMakeFiles/osr_interfaces__rosidl_typesupport_fastrtps_c.dir/rosidl_typesupport_fastrtps_c/osr_interfaces/msg/detail/status__type_support_c.cpp.o[0m
[6.756s] [ 34%] [32mBuilding CXX object CMakeFiles/osr_interfaces__rosidl_typesupport_fastrtps_cpp.dir/rosidl_typesupport_fastrtps_cpp/osr_interfaces/msg/detail/dds_fastrtps/command_corner__type_support.cpp.o[0m
[6.936s] [ 36%] [32m[1mLinking CXX shared library libosr_interfaces__rosidl_typesupport_cpp.so[0m
[7.124s] [ 38%] Built target osr_interfaces__rosidl_typesupport_cpp
[7.210s] [ 40%] [32m[1mLinking CXX shared library libosr_interfaces__rosidl_typesupport_introspection_cpp.so[0m
[7.245s] [ 42%] [32mBuilding C object CMakeFiles/osr_interfaces__rosidl_typesupport_introspection_c.dir/rosidl_typesupport_introspection_c/osr_interfaces/msg/detail/status__type_support.c.o[0m
[7.525s] [ 44%] [32mBuilding C object CMakeFiles/osr_interfaces__rosidl_typesupport_introspection_c.dir/rosidl_typesupport_introspection_c/osr_interfaces/msg/detail/command_drive__type_support.c.o[0m
[7.600s] [ 46%] Built target osr_interfaces__rosidl_typesupport_introspection_cpp
[7.727s] [ 48%] [32mBuilding CXX object CMakeFiles/osr_interfaces__rosidl_typesupport_c.dir/rosidl_typesupport_c/osr_interfaces/msg/status__type_support.cpp.o[0m
[7.737s] [ 51%] [32mBuilding C object CMakeFiles/osr_interfaces__rosidl_typesupport_introspection_c.dir/rosidl_typesupport_introspection_c/osr_interfaces/msg/detail/command_corner__type_support.c.o[0m
[7.911s] [ 53%] [32mBuilding CXX object CMakeFiles/osr_interfaces__rosidl_typesupport_c.dir/rosidl_typesupport_c/osr_interfaces/msg/command_drive__type_support.cpp.o[0m
[7.941s] [ 55%] [32m[1mLinking C shared library libosr_interfaces__rosidl_typesupport_introspection_c.so[0m
[8.101s] [ 57%] [32mBuilding CXX object CMakeFiles/osr_interfaces__rosidl_typesupport_c.dir/rosidl_typesupport_c/osr_interfaces/msg/command_corner__type_support.cpp.o[0m
[8.112s] [ 59%] Built target osr_interfaces__rosidl_typesupport_introspection_c
[8.160s] [ 61%] [32mBuilding CXX object CMakeFiles/osr_interfaces__rosidl_typesupport_fastrtps_c.dir/rosidl_typesupport_fastrtps_c/osr_interfaces/msg/detail/command_drive__type_support_c.cpp.o[0m
[8.283s] [ 63%] [32m[1mLinking CXX shared library libosr_interfaces__rosidl_typesupport_c.so[0m
[8.492s] [ 65%] Built target osr_interfaces__rosidl_typesupport_c
[8.555s] [ 68%] [32mBuilding CXX object CMakeFiles/osr_interfaces__rosidl_typesupport_fastrtps_c.dir/rosidl_typesupport_fastrtps_c/osr_interfaces/msg/detail/command_corner__type_support_c.cpp.o[0m
[9.147s] [ 70%] [32m[1mLinking CXX shared library libosr_interfaces__rosidl_typesupport_fastrtps_cpp.so[0m
[9.508s] [ 72%] Built target osr_interfaces__rosidl_typesupport_fastrtps_cpp
[10.232s] [ 74%] [32m[1mLinking CXX shared library libosr_interfaces__rosidl_typesupport_fastrtps_c.so[0m
[10.528s] [ 76%] Built target osr_interfaces__rosidl_typesupport_fastrtps_c
[10.614s] [ 76%] Built target osr_interfaces
[10.704s] [ 78%] Built target osr_interfaces__py
[11.084s] [ 80%] [32mBuilding C object CMakeFiles/osr_interfaces__rosidl_generator_py.dir/rosidl_generator_py/osr_interfaces/msg/_status_s.c.o[0m
[11.087s] [ 82%] [32mBuilding C object CMakeFiles/osr_interfaces__rosidl_generator_py.dir/rosidl_generator_py/osr_interfaces/msg/_command_drive_s.c.o[0m
[11.091s] [ 85%] [32mBuilding C object CMakeFiles/osr_interfaces__rosidl_generator_py.dir/rosidl_generator_py/osr_interfaces/msg/_command_corner_s.c.o[0m
[11.769s] [ 87%] [32m[1mLinking C shared library rosidl_generator_py/osr_interfaces/libosr_interfaces__rosidl_generator_py.so[0m
[11.948s] [ 87%] Built target osr_interfaces__rosidl_generator_py
[12.056s] [ 91%] [32mBuilding C object CMakeFiles/osr_interfaces__rosidl_typesupport_fastrtps_c__pyext.dir/rosidl_generator_py/osr_interfaces/_osr_interfaces_s.ep.rosidl_typesupport_fastrtps_c.c.o[0m
[12.057s] [ 91%] [32mBuilding C object CMakeFiles/osr_interfaces__rosidl_typesupport_introspection_c__pyext.dir/rosidl_generator_py/osr_interfaces/_osr_interfaces_s.ep.rosidl_typesupport_introspection_c.c.o[0m
[12.060s] [ 93%] [32mBuilding C object CMakeFiles/osr_interfaces__rosidl_typesupport_c__pyext.dir/rosidl_generator_py/osr_interfaces/_osr_interfaces_s.ep.rosidl_typesupport_c.c.o[0m
[12.531s] [ 95%] [32m[1mLinking C shared library rosidl_generator_py/osr_interfaces/osr_interfaces_s__rosidl_typesupport_c.cpython-310-aarch64-linux-gnu.so[0m
[12.550s] [ 97%] [32m[1mLinking C shared library rosidl_generator_py/osr_interfaces/osr_interfaces_s__rosidl_typesupport_introspection_c.cpython-310-aarch64-linux-gnu.so[0m
[12.584s] [100%] [32m[1mLinking C shared library rosidl_generator_py/osr_interfaces/osr_interfaces_s__rosidl_typesupport_fastrtps_c.cpython-310-aarch64-linux-gnu.so[0m
[12.708s] [100%] Built target osr_interfaces__rosidl_typesupport_c__pyext
[12.726s] [100%] Built target osr_interfaces__rosidl_typesupport_introspection_c__pyext
[12.760s] [100%] Built target osr_interfaces__rosidl_typesupport_fastrtps_c__pyext
[12.803s] Invoked command in '/home/rover/osr_ws/build/osr_interfaces' returned '0': CMAKE_PREFIX_PATH=${CMAKE_PREFIX_PATH}:/home/rover/osr_ws/install/osr_control:/opt/ros/humble PS1=(venv) \[\e]0;\u@\h: \w\a\]${debian_chroot:+($debian_chroot)}\[\033[01;32m\]\u@\h\[\033[00m\]:\[\033[01;34m\]\w\[\033[00m\]\$ /usr/bin/cmake --build /home/rover/osr_ws/build/osr_interfaces -- -j4 -l4
[12.815s] Invoking command in '/home/rover/osr_ws/build/osr_interfaces': CMAKE_PREFIX_PATH=${CMAKE_PREFIX_PATH}:/home/rover/osr_ws/install/osr_control:/opt/ros/humble PS1=(venv) \[\e]0;\u@\h: \w\a\]${debian_chroot:+($debian_chroot)}\[\033[01;32m\]\u@\h\[\033[00m\]:\[\033[01;34m\]\w\[\033[00m\]\$ /usr/bin/cmake --install /home/rover/osr_ws/build/osr_interfaces
[12.846s] -- Install configuration: ""
[12.849s] -- Execute custom install script
[12.852s] -- Up-to-date symlink: /home/rover/osr_ws/install/osr_interfaces/share/ament_index/resource_index/rosidl_interfaces/osr_interfaces
[12.858s] -- Up-to-date symlink: /home/rover/osr_ws/install/osr_interfaces/include/osr_interfaces/osr_interfaces/msg/command_corner.h
[12.860s] -- Up-to-date symlink: /home/rover/osr_ws/install/osr_interfaces/include/osr_interfaces/osr_interfaces/msg/command_drive.h
[12.862s] -- Up-to-date symlink: /home/rover/osr_ws/install/osr_interfaces/include/osr_interfaces/osr_interfaces/msg/detail/command_corner__functions.h
[12.864s] -- Up-to-date symlink: /home/rover/osr_ws/install/osr_interfaces/include/osr_interfaces/osr_interfaces/msg/detail/command_corner__struct.h
[12.865s] -- Up-to-date symlink: /home/rover/osr_ws/install/osr_interfaces/include/osr_interfaces/osr_interfaces/msg/detail/command_corner__type_support.h
[12.867s] -- Up-to-date symlink: /home/rover/osr_ws/install/osr_interfaces/include/osr_interfaces/osr_interfaces/msg/detail/command_drive__functions.h
[12.869s] -- Up-to-date symlink: /home/rover/osr_ws/install/osr_interfaces/include/osr_interfaces/osr_interfaces/msg/detail/command_drive__struct.h
[12.870s] -- Up-to-date symlink: /home/rover/osr_ws/install/osr_interfaces/include/osr_interfaces/osr_interfaces/msg/detail/command_drive__type_support.h
[12.872s] -- Up-to-date symlink: /home/rover/osr_ws/install/osr_interfaces/include/osr_interfaces/osr_interfaces/msg/detail/status__functions.h
[12.873s] -- Up-to-date symlink: /home/rover/osr_ws/install/osr_interfaces/include/osr_interfaces/osr_interfaces/msg/detail/status__struct.h
[12.875s] -- Up-to-date symlink: /home/rover/osr_ws/install/osr_interfaces/include/osr_interfaces/osr_interfaces/msg/detail/status__type_support.h
[12.876s] -- Up-to-date symlink: /home/rover/osr_ws/install/osr_interfaces/include/osr_interfaces/osr_interfaces/msg/rosidl_generator_c__visibility_control.h
[12.878s] -- Up-to-date symlink: /home/rover/osr_ws/install/osr_interfaces/include/osr_interfaces/osr_interfaces/msg/status.h
[12.880s] -- Up-to-date symlink: /home/rover/osr_ws/install/osr_interfaces/share/osr_interfaces/environment/library_path.sh
[12.881s] -- Up-to-date symlink: /home/rover/osr_ws/install/osr_interfaces/share/osr_interfaces/environment/library_path.dsv
[12.886s] -- Up-to-date symlink: /home/rover/osr_ws/install/osr_interfaces/include/osr_interfaces/osr_interfaces/msg/detail/command_corner__rosidl_typesupport_fastrtps_c.h
[12.888s] -- Up-to-date symlink: /home/rover/osr_ws/install/osr_interfaces/include/osr_interfaces/osr_interfaces/msg/detail/command_drive__rosidl_typesupport_fastrtps_c.h
[12.890s] -- Up-to-date symlink: /home/rover/osr_ws/install/osr_interfaces/include/osr_interfaces/osr_interfaces/msg/detail/status__rosidl_typesupport_fastrtps_c.h
[12.891s] -- Up-to-date symlink: /home/rover/osr_ws/install/osr_interfaces/include/osr_interfaces/osr_interfaces/msg/rosidl_typesupport_fastrtps_c__visibility_control.h
[12.895s] -- Up-to-date symlink: /home/rover/osr_ws/install/osr_interfaces/include/osr_interfaces/osr_interfaces/msg/detail/command_corner__rosidl_typesupport_introspection_c.h
[12.896s] -- Up-to-date symlink: /home/rover/osr_ws/install/osr_interfaces/include/osr_interfaces/osr_interfaces/msg/detail/command_drive__rosidl_typesupport_introspection_c.h
[12.898s] -- Up-to-date symlink: /home/rover/osr_ws/install/osr_interfaces/include/osr_interfaces/osr_interfaces/msg/detail/status__rosidl_typesupport_introspection_c.h
[12.900s] -- Up-to-date symlink: /home/rover/osr_ws/install/osr_interfaces/include/osr_interfaces/osr_interfaces/msg/rosidl_typesupport_introspection_c__visibility_control.h
[12.903s] -- Up-to-date symlink: /home/rover/osr_ws/install/osr_interfaces/include/osr_interfaces/osr_interfaces/msg/command_corner.hpp
[12.905s] -- Up-to-date symlink: /home/rover/osr_ws/install/osr_interfaces/include/osr_interfaces/osr_interfaces/msg/command_drive.hpp
[12.906s] -- Up-to-date symlink: /home/rover/osr_ws/install/osr_interfaces/include/osr_interfaces/osr_interfaces/msg/detail/command_corner__builder.hpp
[12.908s] -- Up-to-date symlink: /home/rover/osr_ws/install/osr_interfaces/include/osr_interfaces/osr_interfaces/msg/detail/command_corner__struct.hpp
[12.910s] -- Up-to-date symlink: /home/rover/osr_ws/install/osr_interfaces/include/osr_interfaces/osr_interfaces/msg/detail/command_corner__traits.hpp
[12.911s] -- Up-to-date symlink: /home/rover/osr_ws/install/osr_interfaces/include/osr_interfaces/osr_interfaces/msg/detail/command_corner__type_support.hpp
[12.913s] -- Up-to-date symlink: /home/rover/osr_ws/install/osr_interfaces/include/osr_interfaces/osr_interfaces/msg/detail/command_drive__builder.hpp
[12.914s] -- Up-to-date symlink: /home/rover/osr_ws/install/osr_interfaces/include/osr_interfaces/osr_interfaces/msg/detail/command_drive__struct.hpp
[12.916s] -- Up-to-date symlink: /home/rover/osr_ws/install/osr_interfaces/include/osr_interfaces/osr_interfaces/msg/detail/command_drive__traits.hpp
[12.918s] -- Up-to-date symlink: /home/rover/osr_ws/install/osr_interfaces/include/osr_interfaces/osr_interfaces/msg/detail/command_drive__type_support.hpp
[12.919s] -- Up-to-date symlink: /home/rover/osr_ws/install/osr_interfaces/include/osr_interfaces/osr_interfaces/msg/detail/status__builder.hpp
[12.921s] -- Up-to-date symlink: /home/rover/osr_ws/install/osr_interfaces/include/osr_interfaces/osr_interfaces/msg/detail/status__struct.hpp
[12.922s] -- Up-to-date symlink: /home/rover/osr_ws/install/osr_interfaces/include/osr_interfaces/osr_interfaces/msg/detail/status__traits.hpp
[12.924s] -- Up-to-date symlink: /home/rover/osr_ws/install/osr_interfaces/include/osr_interfaces/osr_interfaces/msg/detail/status__type_support.hpp
[12.925s] -- Up-to-date symlink: /home/rover/osr_ws/install/osr_interfaces/include/osr_interfaces/osr_interfaces/msg/rosidl_generator_cpp__visibility_control.hpp
[12.927s] -- Up-to-date symlink: /home/rover/osr_ws/install/osr_interfaces/include/osr_interfaces/osr_interfaces/msg/status.hpp
[12.932s] -- Up-to-date symlink: /home/rover/osr_ws/install/osr_interfaces/include/osr_interfaces/osr_interfaces/msg/detail/command_corner__rosidl_typesupport_fastrtps_cpp.hpp
[12.934s] -- Up-to-date symlink: /home/rover/osr_ws/install/osr_interfaces/include/osr_interfaces/osr_interfaces/msg/detail/command_drive__rosidl_typesupport_fastrtps_cpp.hpp
[12.935s] -- Up-to-date symlink: /home/rover/osr_ws/install/osr_interfaces/include/osr_interfaces/osr_interfaces/msg/detail/status__rosidl_typesupport_fastrtps_cpp.hpp
[12.937s] -- Up-to-date symlink: /home/rover/osr_ws/install/osr_interfaces/include/osr_interfaces/osr_interfaces/msg/rosidl_typesupport_fastrtps_cpp__visibility_control.h
[12.940s] -- Up-to-date symlink: /home/rover/osr_ws/install/osr_interfaces/include/osr_interfaces/osr_interfaces/msg/detail/command_corner__rosidl_typesupport_introspection_cpp.hpp
[12.942s] -- Up-to-date symlink: /home/rover/osr_ws/install/osr_interfaces/include/osr_interfaces/osr_interfaces/msg/detail/command_drive__rosidl_typesupport_introspection_cpp.hpp
[12.943s] -- Up-to-date symlink: /home/rover/osr_ws/install/osr_interfaces/include/osr_interfaces/osr_interfaces/msg/detail/status__rosidl_typesupport_introspection_cpp.hpp
[12.945s] -- Up-to-date symlink: /home/rover/osr_ws/install/osr_interfaces/share/osr_interfaces/environment/pythonpath.sh
[12.946s] -- Up-to-date symlink: /home/rover/osr_ws/install/osr_interfaces/share/osr_interfaces/environment/pythonpath.dsv
[12.948s] -- Up-to-date symlink: /home/rover/osr_ws/install/osr_interfaces/lib/python3.10/site-packages/osr_interfaces-0.0.0-py3.10.egg-info/PKG-INFO
[12.949s] -- Up-to-date symlink: /home/rover/osr_ws/install/osr_interfaces/lib/python3.10/site-packages/osr_interfaces-0.0.0-py3.10.egg-info/SOURCES.txt
[12.951s] -- Up-to-date symlink: /home/rover/osr_ws/install/osr_interfaces/lib/python3.10/site-packages/osr_interfaces-0.0.0-py3.10.egg-info/dependency_links.txt
[12.952s] -- Up-to-date symlink: /home/rover/osr_ws/install/osr_interfaces/lib/python3.10/site-packages/osr_interfaces-0.0.0-py3.10.egg-info/top_level.txt
[12.958s] -- Up-to-date symlink: /home/rover/osr_ws/install/osr_interfaces/lib/python3.10/site-packages/osr_interfaces/__init__.py
[12.959s] -- Up-to-date symlink: /home/rover/osr_ws/install/osr_interfaces/lib/python3.10/site-packages/osr_interfaces/_osr_interfaces_s.ep.rosidl_typesupport_c.c
[12.961s] -- Up-to-date symlink: /home/rover/osr_ws/install/osr_interfaces/lib/python3.10/site-packages/osr_interfaces/_osr_interfaces_s.ep.rosidl_typesupport_fastrtps_c.c
[12.962s] -- Up-to-date symlink: /home/rover/osr_ws/install/osr_interfaces/lib/python3.10/site-packages/osr_interfaces/_osr_interfaces_s.ep.rosidl_typesupport_introspection_c.c
[12.964s] -- Up-to-date symlink: /home/rover/osr_ws/install/osr_interfaces/lib/python3.10/site-packages/osr_interfaces/libosr_interfaces__rosidl_generator_py.so
[12.964s] -- Up-to-date symlink: /home/rover/osr_ws/install/osr_interfaces/lib/python3.10/site-packages/osr_interfaces/msg/__init__.py
[12.965s] -- Up-to-date symlink: /home/rover/osr_ws/install/osr_interfaces/lib/python3.10/site-packages/osr_interfaces/msg/_command_corner.py
[12.967s] -- Up-to-date symlink: /home/rover/osr_ws/install/osr_interfaces/lib/python3.10/site-packages/osr_interfaces/msg/_command_corner_s.c
[12.968s] -- Up-to-date symlink: /home/rover/osr_ws/install/osr_interfaces/lib/python3.10/site-packages/osr_interfaces/msg/_command_drive.py
[12.969s] -- Up-to-date symlink: /home/rover/osr_ws/install/osr_interfaces/lib/python3.10/site-packages/osr_interfaces/msg/_command_drive_s.c
[12.970s] -- Up-to-date symlink: /home/rover/osr_ws/install/osr_interfaces/lib/python3.10/site-packages/osr_interfaces/msg/_status.py
[12.972s] -- Up-to-date symlink: /home/rover/osr_ws/install/osr_interfaces/lib/python3.10/site-packages/osr_interfaces/msg/_status_s.c
[12.972s] -- Up-to-date symlink: /home/rover/osr_ws/install/osr_interfaces/lib/python3.10/site-packages/osr_interfaces/osr_interfaces_s__rosidl_typesupport_c.cpython-310-aarch64-linux-gnu.so
[12.974s] -- Up-to-date symlink: /home/rover/osr_ws/install/osr_interfaces/lib/python3.10/site-packages/osr_interfaces/osr_interfaces_s__rosidl_typesupport_fastrtps_c.cpython-310-aarch64-linux-gnu.so
[12.975s] -- Up-to-date symlink: /home/rover/osr_ws/install/osr_interfaces/lib/python3.10/site-packages/osr_interfaces/osr_interfaces_s__rosidl_typesupport_introspection_c.cpython-310-aarch64-linux-gnu.so
[12.978s] -- Up-to-date symlink: /home/rover/osr_ws/install/osr_interfaces/lib/python3.10/site-packages/osr_interfaces/osr_interfaces_s__rosidl_typesupport_fastrtps_c.cpython-310-aarch64-linux-gnu.so
[12.980s] -- Up-to-date symlink: /home/rover/osr_ws/install/osr_interfaces/lib/python3.10/site-packages/osr_interfaces/osr_interfaces_s__rosidl_typesupport_introspection_c.cpython-310-aarch64-linux-gnu.so
[12.982s] -- Up-to-date symlink: /home/rover/osr_ws/install/osr_interfaces/lib/python3.10/site-packages/osr_interfaces/osr_interfaces_s__rosidl_typesupport_c.cpython-310-aarch64-linux-gnu.so
[12.984s] -- Up-to-date symlink: /home/rover/osr_ws/install/osr_interfaces/share/osr_interfaces/msg/Status.idl
[12.986s] -- Up-to-date symlink: /home/rover/osr_ws/install/osr_interfaces/share/osr_interfaces/msg/CommandDrive.idl
[12.988s] -- Up-to-date symlink: /home/rover/osr_ws/install/osr_interfaces/share/osr_interfaces/msg/CommandCorner.idl
[12.989s] -- Up-to-date symlink: /home/rover/osr_ws/install/osr_interfaces/share/osr_interfaces/msg/Status.msg
[12.991s] -- Up-to-date symlink: /home/rover/osr_ws/install/osr_interfaces/share/osr_interfaces/msg/CommandDrive.msg
[12.993s] -- Up-to-date symlink: /home/rover/osr_ws/install/osr_interfaces/share/osr_interfaces/msg/CommandCorner.msg
[12.994s] -- Up-to-date symlink: /home/rover/osr_ws/install/osr_interfaces/share/ament_index/resource_index/package_run_dependencies/osr_interfaces
[12.996s] -- Up-to-date symlink: /home/rover/osr_ws/install/osr_interfaces/share/ament_index/resource_index/parent_prefix_path/osr_interfaces
[12.998s] -- Up-to-date symlink: /home/rover/osr_ws/install/osr_interfaces/share/osr_interfaces/environment/ament_prefix_path.sh
[12.999s] -- Up-to-date symlink: /home/rover/osr_ws/install/osr_interfaces/share/osr_interfaces/environment/ament_prefix_path.dsv
[13.001s] -- Up-to-date symlink: /home/rover/osr_ws/install/osr_interfaces/share/osr_interfaces/environment/path.sh
[13.002s] -- Up-to-date symlink: /home/rover/osr_ws/install/osr_interfaces/share/osr_interfaces/environment/path.dsv
[13.003s] -- Up-to-date symlink: /home/rover/osr_ws/install/osr_interfaces/share/osr_interfaces/local_setup.bash
[13.005s] -- Up-to-date symlink: /home/rover/osr_ws/install/osr_interfaces/share/osr_interfaces/local_setup.sh
[13.006s] -- Up-to-date symlink: /home/rover/osr_ws/install/osr_interfaces/share/osr_interfaces/local_setup.zsh
[13.007s] -- Up-to-date symlink: /home/rover/osr_ws/install/osr_interfaces/share/osr_interfaces/local_setup.dsv
[13.008s] -- Symlinking: /home/rover/osr_ws/install/osr_interfaces/share/osr_interfaces/package.dsv
[13.042s] -- Up-to-date symlink: /home/rover/osr_ws/install/osr_interfaces/share/ament_index/resource_index/packages/osr_interfaces
[13.044s] -- Up-to-date symlink: /home/rover/osr_ws/install/osr_interfaces/share/osr_interfaces/cmake/rosidl_cmake-extras.cmake
[13.046s] -- Up-to-date symlink: /home/rover/osr_ws/install/osr_interfaces/share/osr_interfaces/cmake/ament_cmake_export_include_directories-extras.cmake
[13.047s] -- Up-to-date symlink: /home/rover/osr_ws/install/osr_interfaces/share/osr_interfaces/cmake/ament_cmake_export_libraries-extras.cmake
[13.049s] -- Up-to-date symlink: /home/rover/osr_ws/install/osr_interfaces/share/osr_interfaces/cmake/ament_cmake_export_targets-extras.cmake
[13.050s] -- Up-to-date symlink: /home/rover/osr_ws/install/osr_interfaces/share/osr_interfaces/cmake/rosidl_cmake_export_typesupport_targets-extras.cmake
[13.052s] -- Up-to-date symlink: /home/rover/osr_ws/install/osr_interfaces/share/osr_interfaces/cmake/ament_cmake_export_dependencies-extras.cmake
[13.054s] -- Up-to-date symlink: /home/rover/osr_ws/install/osr_interfaces/share/osr_interfaces/cmake/rosidl_cmake_export_typesupport_libraries-extras.cmake
[13.055s] -- Up-to-date symlink: /home/rover/osr_ws/install/osr_interfaces/share/osr_interfaces/cmake/osr_interfacesConfig.cmake
[13.057s] -- Up-to-date symlink: /home/rover/osr_ws/install/osr_interfaces/share/osr_interfaces/cmake/osr_interfacesConfig-version.cmake
[13.058s] -- Up-to-date symlink: /home/rover/osr_ws/install/osr_interfaces/share/osr_interfaces/package.xml
[13.060s] -- Installing: /home/rover/osr_ws/install/osr_interfaces/lib/libosr_interfaces__rosidl_generator_c.so
[13.063s] -- Set runtime path of "/home/rover/osr_ws/install/osr_interfaces/lib/libosr_interfaces__rosidl_generator_c.so" to ""
[13.064s] -- Installing: /home/rover/osr_ws/install/osr_interfaces/lib/libosr_interfaces__rosidl_typesupport_fastrtps_c.so
[13.067s] -- Set runtime path of "/home/rover/osr_ws/install/osr_interfaces/lib/libosr_interfaces__rosidl_typesupport_fastrtps_c.so" to ""
[13.068s] -- Installing: /home/rover/osr_ws/install/osr_interfaces/lib/libosr_interfaces__rosidl_typesupport_introspection_c.so
[13.071s] -- Set runtime path of "/home/rover/osr_ws/install/osr_interfaces/lib/libosr_interfaces__rosidl_typesupport_introspection_c.so" to ""
[13.072s] -- Installing: /home/rover/osr_ws/install/osr_interfaces/lib/libosr_interfaces__rosidl_typesupport_c.so
[13.075s] -- Set runtime path of "/home/rover/osr_ws/install/osr_interfaces/lib/libosr_interfaces__rosidl_typesupport_c.so" to ""
[13.078s] -- Installing: /home/rover/osr_ws/install/osr_interfaces/lib/libosr_interfaces__rosidl_typesupport_fastrtps_cpp.so
[13.081s] -- Set runtime path of "/home/rover/osr_ws/install/osr_interfaces/lib/libosr_interfaces__rosidl_typesupport_fastrtps_cpp.so" to ""
[13.084s] -- Installing: /home/rover/osr_ws/install/osr_interfaces/lib/libosr_interfaces__rosidl_typesupport_introspection_cpp.so
[13.087s] -- Set runtime path of "/home/rover/osr_ws/install/osr_interfaces/lib/libosr_interfaces__rosidl_typesupport_introspection_cpp.so" to ""
[13.089s] -- Installing: /home/rover/osr_ws/install/osr_interfaces/lib/libosr_interfaces__rosidl_typesupport_cpp.so
[13.092s] -- Set runtime path of "/home/rover/osr_ws/install/osr_interfaces/lib/libosr_interfaces__rosidl_typesupport_cpp.so" to ""
[13.245s] Listing '/home/rover/osr_ws/install/osr_interfaces/lib/python3.10/site-packages/osr_interfaces'...
[13.246s] Listing '/home/rover/osr_ws/install/osr_interfaces/lib/python3.10/site-packages/osr_interfaces/msg'...
[13.274s] -- Installing: /home/rover/osr_ws/install/osr_interfaces/lib/libosr_interfaces__rosidl_generator_py.so
[13.276s] -- Set runtime path of "/home/rover/osr_ws/install/osr_interfaces/lib/libosr_interfaces__rosidl_generator_py.so" to ""
[13.280s] -- Up-to-date: /home/rover/osr_ws/install/osr_interfaces/share/osr_interfaces/cmake/export_osr_interfaces__rosidl_generator_cExport.cmake
[13.280s] -- Up-to-date: /home/rover/osr_ws/install/osr_interfaces/share/osr_interfaces/cmake/export_osr_interfaces__rosidl_generator_cExport-noconfig.cmake
[13.282s] -- Up-to-date: /home/rover/osr_ws/install/osr_interfaces/share/osr_interfaces/cmake/export_osr_interfaces__rosidl_typesupport_fastrtps_cExport.cmake
[13.283s] -- Up-to-date: /home/rover/osr_ws/install/osr_interfaces/share/osr_interfaces/cmake/export_osr_interfaces__rosidl_typesupport_fastrtps_cExport-noconfig.cmake
[13.285s] -- Up-to-date: /home/rover/osr_ws/install/osr_interfaces/share/osr_interfaces/cmake/osr_interfaces__rosidl_typesupport_introspection_cExport.cmake
[13.286s] -- Up-to-date: /home/rover/osr_ws/install/osr_interfaces/share/osr_interfaces/cmake/osr_interfaces__rosidl_typesupport_introspection_cExport-noconfig.cmake
[13.288s] -- Up-to-date: /home/rover/osr_ws/install/osr_interfaces/share/osr_interfaces/cmake/osr_interfaces__rosidl_typesupport_cExport.cmake
[13.289s] -- Up-to-date: /home/rover/osr_ws/install/osr_interfaces/share/osr_interfaces/cmake/osr_interfaces__rosidl_typesupport_cExport-noconfig.cmake
[13.291s] -- Up-to-date: /home/rover/osr_ws/install/osr_interfaces/share/osr_interfaces/cmake/export_osr_interfaces__rosidl_generator_cppExport.cmake
[13.293s] -- Up-to-date: /home/rover/osr_ws/install/osr_interfaces/share/osr_interfaces/cmake/export_osr_interfaces__rosidl_typesupport_fastrtps_cppExport.cmake
[13.294s] -- Up-to-date: /home/rover/osr_ws/install/osr_interfaces/share/osr_interfaces/cmake/export_osr_interfaces__rosidl_typesupport_fastrtps_cppExport-noconfig.cmake
[13.296s] -- Up-to-date: /home/rover/osr_ws/install/osr_interfaces/share/osr_interfaces/cmake/osr_interfaces__rosidl_typesupport_introspection_cppExport.cmake
[13.296s] -- Up-to-date: /home/rover/osr_ws/install/osr_interfaces/share/osr_interfaces/cmake/osr_interfaces__rosidl_typesupport_introspection_cppExport-noconfig.cmake
[13.299s] -- Up-to-date: /home/rover/osr_ws/install/osr_interfaces/share/osr_interfaces/cmake/osr_interfaces__rosidl_typesupport_cppExport.cmake
[13.299s] -- Up-to-date: /home/rover/osr_ws/install/osr_interfaces/share/osr_interfaces/cmake/osr_interfaces__rosidl_typesupport_cppExport-noconfig.cmake
[13.302s] -- Up-to-date: /home/rover/osr_ws/install/osr_interfaces/share/osr_interfaces/cmake/export_osr_interfaces__rosidl_generator_pyExport.cmake
[13.302s] -- Up-to-date: /home/rover/osr_ws/install/osr_interfaces/share/osr_interfaces/cmake/export_osr_interfaces__rosidl_generator_pyExport-noconfig.cmake
[13.312s] Invoked command in '/home/rover/osr_ws/build/osr_interfaces' returned '0': CMAKE_PREFIX_PATH=${CMAKE_PREFIX_PATH}:/home/rover/osr_ws/install/osr_control:/opt/ros/humble PS1=(venv) \[\e]0;\u@\h: \w\a\]${debian_chroot:+($debian_chroot)}\[\033[01;32m\]\u@\h\[\033[00m\]:\[\033[01;34m\]\w\[\033[00m\]\$ /usr/bin/cmake --install /home/rover/osr_ws/build/osr_interfaces
