[0.061s] Invoking command in '/home/rover/osr_ws/build/osr_interfaces': CMAKE_PREFIX_PATH=/opt/ros/humble PS1=(venv) \[\e]0;\u@\h: \w\a\]${debian_chroot:+($debian_chroot)}\[\033[01;32m\]\u@\h\[\033[00m\]:\[\033[01;34m\]\w\[\033[00m\]\$ /usr/bin/cmake /home/rover/osr_ws/src/osr-rover-code/ROS/osr_interfaces -DAMENT_CMAKE_SYMLINK_INSTALL=1 -DCMAKE_INSTALL_PREFIX=/home/rover/osr_ws/install/osr_interfaces
[1.175s] -- The C compiler identification is GNU 11.4.0
[1.931s] -- The CXX compiler identification is GNU 11.4.0
[1.975s] -- Detecting C compiler ABI info
[2.351s] -- Detecting C compiler ABI info - done
[2.376s] -- Check for working C compiler: /usr/bin/cc - skipped
[2.377s] -- Detecting C compile features
[2.380s] -- Detecting C compile features - done
[2.396s] -- Detecting CXX compiler ABI info
[2.773s] -- Detecting CXX compiler ABI info - done
[2.799s] -- Check for working CXX compiler: /usr/bin/c++ - skipped
[2.799s] -- Detecting CXX compile features
[2.801s] -- Detecting CXX compile features - done
[2.820s] -- Found rosidl_default_generators: 1.2.0 (/opt/ros/humble/share/rosidl_default_generators/cmake)
[2.835s] -- Found ament_cmake_core: 1.3.11 (/opt/ros/humble/share/ament_cmake_core/cmake)
[3.696s] -- Found Python3: /home/rover/osr_ws/venv/bin/python3 (found version "3.10.12") found components: Interpreter 
[4.057s] -- Override CMake install command with custom implementation using symlinks instead of copying resources
[4.094s] -- Using all available rosidl_typesupport_c: rosidl_typesupport_fastrtps_c;rosidl_typesupport_introspection_c
[4.165s] -- Found rosidl_adapter: 3.1.6 (/opt/ros/humble/share/rosidl_adapter/cmake)
[4.715s] -- Using all available rosidl_typesupport_cpp: rosidl_typesupport_fastrtps_cpp;rosidl_typesupport_introspection_cpp
[5.420s] [31mCMake Error at /opt/ros/humble/share/rosidl_adapter/cmake/rosidl_adapt_interfaces.cmake:59 (message):
[5.420s]   execute_process(/home/rover/osr_ws/venv/bin/python3 -m rosidl_adapter
[5.421s]   --package-name osr_interfaces --arguments-file
[5.421s]   /home/rover/osr_ws/build/osr_interfaces/rosidl_adapter__arguments__osr_interfaces.json
[5.422s]   --output-dir
[5.422s]   /home/rover/osr_ws/build/osr_interfaces/rosidl_adapter/osr_interfaces
[5.422s]   --output-file
[5.422s]   /home/rover/osr_ws/build/osr_interfaces/rosidl_adapter/osr_interfaces.idls)
[5.423s]   returned error code 1:
[5.423s] 
[5.423s]   Traceback (most recent call last):
[5.424s] 
[5.424s]     File "/usr/lib/python3.10/runpy.py", line 196, in _run_module_as_main
[5.424s]       return _run_code(code, main_globals, None,
[5.425s]     File "/usr/lib/python3.10/runpy.py", line 86, in _run_code
[5.425s]       exec(code, run_globals)
[5.425s]     File "/opt/ros/humble/local/lib/python3.10/dist-packages/rosidl_adapter/__main__.py", line 19, in <module>
[5.426s]       sys.exit(main())
[5.426s]     File "/opt/ros/humble/local/lib/python3.10/dist-packages/rosidl_adapter/main.py", line 53, in main
[5.426s]       abs_idl_file = convert_to_idl(
[5.427s]     File "/opt/ros/humble/local/lib/python3.10/dist-packages/rosidl_adapter/__init__.py", line 18, in convert_to_idl
[5.427s]       from rosidl_adapter.msg import convert_msg_to_idl
[5.427s]     File "/opt/ros/humble/local/lib/python3.10/dist-packages/rosidl_adapter/msg/__init__.py", line 16, in <module>
[5.428s]       from rosidl_adapter.resource import expand_template
[5.428s]     File "/opt/ros/humble/local/lib/python3.10/dist-packages/rosidl_adapter/resource/__init__.py", line 19, in <module>
[5.428s]       import em
[5.429s] 
[5.429s]   ModuleNotFoundError: No module named 'em'
[5.430s] 
[5.431s] Call Stack (most recent call first):
[5.432s]   /opt/ros/humble/share/rosidl_cmake/cmake/rosidl_generate_interfaces.cmake:130 (rosidl_adapt_interfaces)
[5.433s]   CMakeLists.txt:20 (rosidl_generate_interfaces)
[5.434s] 
[5.435s] [0m
[5.437s] -- Configuring incomplete, errors occurred!
[5.437s] See also "/home/rover/osr_ws/build/osr_interfaces/CMakeFiles/CMakeOutput.log".
