[0.619s] DEBUG:colcon:Command line arguments: ['/usr/bin/colcon', 'build', '--symlink-install']
[0.619s] DEBUG:colcon:Parsed command line arguments: Namespace(log_base=None, log_level=None, verb_name='build', build_base='build', install_base='install', merge_install=False, symlink_install=True, test_result_base=None, continue_on_error=False, executor='parallel', parallel_workers=4, event_handlers=None, ignore_user_meta=False, metas=['./colcon.meta'], base_paths=['.'], packages_ignore=None, packages_ignore_regex=None, paths=None, packages_up_to=None, packages_up_to_regex=None, packages_above=None, packages_above_and_dependencies=None, packages_above_depth=None, packages_select_by_dep=None, packages_skip_by_dep=None, packages_skip_up_to=None, packages_select_build_failed=False, packages_skip_build_finished=False, packages_select_test_failures=False, packages_skip_test_passed=False, packages_select=None, packages_skip=None, packages_select_regex=None, packages_skip_regex=None, packages_start=None, packages_end=None, allow_overriding=[], cmake_args=None, cmake_target=None, cmake_target_skip_unavailable=False, cmake_clean_cache=False, cmake_clean_first=False, cmake_force_configure=False, ament_cmake_args=None, catkin_cmake_args=None, catkin_skip_building_tests=False, verb_parser=<colcon_defaults.argument_parser.defaults.DefaultArgumentsDecorator object at 0xffffb2f52050>, verb_extension=<colcon_core.verb.build.BuildVerb object at 0xffffb305f4c0>, main=<bound method BuildVerb.main of <colcon_core.verb.build.BuildVerb object at 0xffffb305f4c0>>)
[1.510s] Level 1:colcon.colcon_core.package_discovery:discover_packages(colcon_meta) check parameters
[1.510s] Level 1:colcon.colcon_core.package_discovery:discover_packages(recursive) check parameters
[1.511s] Level 1:colcon.colcon_core.package_discovery:discover_packages(ignore) check parameters
[1.511s] Level 1:colcon.colcon_core.package_discovery:discover_packages(path) check parameters
[1.511s] Level 1:colcon.colcon_core.package_discovery:discover_packages(colcon_meta) discover
[1.511s] Level 1:colcon.colcon_core.package_discovery:discover_packages(recursive) discover
[1.511s] INFO:colcon.colcon_core.package_discovery:Crawling recursively for packages in '/home/rover/osr_ws'
[1.512s] Level 1:colcon.colcon_core.package_identification:_identify(.) by extensions ['ignore', 'ignore_ament_install']
[1.512s] Level 1:colcon.colcon_core.package_identification:_identify(.) by extension 'ignore'
[1.512s] Level 1:colcon.colcon_core.package_identification:_identify(.) by extension 'ignore_ament_install'
[1.513s] Level 1:colcon.colcon_core.package_identification:_identify(.) by extensions ['colcon_pkg']
[1.513s] Level 1:colcon.colcon_core.package_identification:_identify(.) by extension 'colcon_pkg'
[1.513s] Level 1:colcon.colcon_core.package_identification:_identify(.) by extensions ['colcon_meta']
[1.513s] Level 1:colcon.colcon_core.package_identification:_identify(.) by extension 'colcon_meta'
[1.513s] Level 1:colcon.colcon_core.package_identification:_identify(.) by extensions ['ros']
[1.514s] Level 1:colcon.colcon_core.package_identification:_identify(.) by extension 'ros'
[1.559s] Level 1:colcon.colcon_core.package_identification:_identify(.) by extensions ['cmake', 'python']
[1.559s] Level 1:colcon.colcon_core.package_identification:_identify(.) by extension 'cmake'
[1.559s] Level 1:colcon.colcon_core.package_identification:_identify(.) by extension 'python'
[1.559s] Level 1:colcon.colcon_core.package_identification:_identify(.) by extensions ['python_setup_py']
[1.560s] Level 1:colcon.colcon_core.package_identification:_identify(.) by extension 'python_setup_py'
[1.560s] Level 1:colcon.colcon_core.package_identification:_identify(build) by extensions ['ignore', 'ignore_ament_install']
[1.560s] Level 1:colcon.colcon_core.package_identification:_identify(build) by extension 'ignore'
[1.561s] Level 1:colcon.colcon_core.package_identification:_identify(build) ignored
[1.561s] Level 1:colcon.colcon_core.package_identification:_identify(install) by extensions ['ignore', 'ignore_ament_install']
[1.561s] Level 1:colcon.colcon_core.package_identification:_identify(install) by extension 'ignore'
[1.561s] Level 1:colcon.colcon_core.package_identification:_identify(install) ignored
[1.562s] Level 1:colcon.colcon_core.package_identification:_identify(log) by extensions ['ignore', 'ignore_ament_install']
[1.562s] Level 1:colcon.colcon_core.package_identification:_identify(log) by extension 'ignore'
[1.562s] Level 1:colcon.colcon_core.package_identification:_identify(log) ignored
[1.563s] Level 1:colcon.colcon_core.package_identification:_identify(src) by extensions ['ignore', 'ignore_ament_install']
[1.563s] Level 1:colcon.colcon_core.package_identification:_identify(src) by extension 'ignore'
[1.563s] Level 1:colcon.colcon_core.package_identification:_identify(src) by extension 'ignore_ament_install'
[1.563s] Level 1:colcon.colcon_core.package_identification:_identify(src) by extensions ['colcon_pkg']
[1.564s] Level 1:colcon.colcon_core.package_identification:_identify(src) by extension 'colcon_pkg'
[1.564s] Level 1:colcon.colcon_core.package_identification:_identify(src) by extensions ['colcon_meta']
[1.564s] Level 1:colcon.colcon_core.package_identification:_identify(src) by extension 'colcon_meta'
[1.564s] Level 1:colcon.colcon_core.package_identification:_identify(src) by extensions ['ros']
[1.564s] Level 1:colcon.colcon_core.package_identification:_identify(src) by extension 'ros'
[1.564s] Level 1:colcon.colcon_core.package_identification:_identify(src) by extensions ['cmake', 'python']
[1.565s] Level 1:colcon.colcon_core.package_identification:_identify(src) by extension 'cmake'
[1.565s] Level 1:colcon.colcon_core.package_identification:_identify(src) by extension 'python'
[1.565s] Level 1:colcon.colcon_core.package_identification:_identify(src) by extensions ['python_setup_py']
[1.565s] Level 1:colcon.colcon_core.package_identification:_identify(src) by extension 'python_setup_py'
[1.565s] Level 1:colcon.colcon_core.package_identification:_identify(src/osr-rover-code) by extensions ['ignore', 'ignore_ament_install']
[1.566s] Level 1:colcon.colcon_core.package_identification:_identify(src/osr-rover-code) by extension 'ignore'
[1.566s] Level 1:colcon.colcon_core.package_identification:_identify(src/osr-rover-code) by extension 'ignore_ament_install'
[1.566s] Level 1:colcon.colcon_core.package_identification:_identify(src/osr-rover-code) by extensions ['colcon_pkg']
[1.566s] Level 1:colcon.colcon_core.package_identification:_identify(src/osr-rover-code) by extension 'colcon_pkg'
[1.566s] Level 1:colcon.colcon_core.package_identification:_identify(src/osr-rover-code) by extensions ['colcon_meta']
[1.567s] Level 1:colcon.colcon_core.package_identification:_identify(src/osr-rover-code) by extension 'colcon_meta'
[1.567s] Level 1:colcon.colcon_core.package_identification:_identify(src/osr-rover-code) by extensions ['ros']
[1.567s] Level 1:colcon.colcon_core.package_identification:_identify(src/osr-rover-code) by extension 'ros'
[1.567s] Level 1:colcon.colcon_core.package_identification:_identify(src/osr-rover-code) by extensions ['cmake', 'python']
[1.567s] Level 1:colcon.colcon_core.package_identification:_identify(src/osr-rover-code) by extension 'cmake'
[1.568s] Level 1:colcon.colcon_core.package_identification:_identify(src/osr-rover-code) by extension 'python'
[1.568s] Level 1:colcon.colcon_core.package_identification:_identify(src/osr-rover-code) by extensions ['python_setup_py']
[1.568s] Level 1:colcon.colcon_core.package_identification:_identify(src/osr-rover-code) by extension 'python_setup_py'
[1.568s] Level 1:colcon.colcon_core.package_identification:_identify(src/osr-rover-code/ROS) by extensions ['ignore', 'ignore_ament_install']
[1.569s] Level 1:colcon.colcon_core.package_identification:_identify(src/osr-rover-code/ROS) by extension 'ignore'
[1.569s] Level 1:colcon.colcon_core.package_identification:_identify(src/osr-rover-code/ROS) by extension 'ignore_ament_install'
[1.569s] Level 1:colcon.colcon_core.package_identification:_identify(src/osr-rover-code/ROS) by extensions ['colcon_pkg']
[1.569s] Level 1:colcon.colcon_core.package_identification:_identify(src/osr-rover-code/ROS) by extension 'colcon_pkg'
[1.569s] Level 1:colcon.colcon_core.package_identification:_identify(src/osr-rover-code/ROS) by extensions ['colcon_meta']
[1.569s] Level 1:colcon.colcon_core.package_identification:_identify(src/osr-rover-code/ROS) by extension 'colcon_meta'
[1.570s] Level 1:colcon.colcon_core.package_identification:_identify(src/osr-rover-code/ROS) by extensions ['ros']
[1.570s] Level 1:colcon.colcon_core.package_identification:_identify(src/osr-rover-code/ROS) by extension 'ros'
[1.570s] Level 1:colcon.colcon_core.package_identification:_identify(src/osr-rover-code/ROS) by extensions ['cmake', 'python']
[1.570s] Level 1:colcon.colcon_core.package_identification:_identify(src/osr-rover-code/ROS) by extension 'cmake'
[1.570s] Level 1:colcon.colcon_core.package_identification:_identify(src/osr-rover-code/ROS) by extension 'python'
[1.571s] Level 1:colcon.colcon_core.package_identification:_identify(src/osr-rover-code/ROS) by extensions ['python_setup_py']
[1.571s] Level 1:colcon.colcon_core.package_identification:_identify(src/osr-rover-code/ROS) by extension 'python_setup_py'
[1.571s] Level 1:colcon.colcon_core.package_identification:_identify(src/osr-rover-code/ROS/osr_bringup) by extensions ['ignore', 'ignore_ament_install']
[1.571s] Level 1:colcon.colcon_core.package_identification:_identify(src/osr-rover-code/ROS/osr_bringup) by extension 'ignore'
[1.572s] Level 1:colcon.colcon_core.package_identification:_identify(src/osr-rover-code/ROS/osr_bringup) by extension 'ignore_ament_install'
[1.572s] Level 1:colcon.colcon_core.package_identification:_identify(src/osr-rover-code/ROS/osr_bringup) by extensions ['colcon_pkg']
[1.572s] Level 1:colcon.colcon_core.package_identification:_identify(src/osr-rover-code/ROS/osr_bringup) by extension 'colcon_pkg'
[1.572s] Level 1:colcon.colcon_core.package_identification:_identify(src/osr-rover-code/ROS/osr_bringup) by extensions ['colcon_meta']
[1.572s] Level 1:colcon.colcon_core.package_identification:_identify(src/osr-rover-code/ROS/osr_bringup) by extension 'colcon_meta'
[1.573s] Level 1:colcon.colcon_core.package_identification:_identify(src/osr-rover-code/ROS/osr_bringup) by extensions ['ros']
[1.573s] Level 1:colcon.colcon_core.package_identification:_identify(src/osr-rover-code/ROS/osr_bringup) by extension 'ros'
[1.586s] DEBUG:colcon.colcon_core.package_identification:Package 'src/osr-rover-code/ROS/osr_bringup' with type 'ros.ament_cmake' and name 'osr_bringup'
[1.587s] Level 1:colcon.colcon_core.package_identification:_identify(src/osr-rover-code/ROS/osr_control) by extensions ['ignore', 'ignore_ament_install']
[1.587s] Level 1:colcon.colcon_core.package_identification:_identify(src/osr-rover-code/ROS/osr_control) by extension 'ignore'
[1.587s] Level 1:colcon.colcon_core.package_identification:_identify(src/osr-rover-code/ROS/osr_control) by extension 'ignore_ament_install'
[1.588s] Level 1:colcon.colcon_core.package_identification:_identify(src/osr-rover-code/ROS/osr_control) by extensions ['colcon_pkg']
[1.588s] Level 1:colcon.colcon_core.package_identification:_identify(src/osr-rover-code/ROS/osr_control) by extension 'colcon_pkg'
[1.588s] Level 1:colcon.colcon_core.package_identification:_identify(src/osr-rover-code/ROS/osr_control) by extensions ['colcon_meta']
[1.588s] Level 1:colcon.colcon_core.package_identification:_identify(src/osr-rover-code/ROS/osr_control) by extension 'colcon_meta'
[1.588s] Level 1:colcon.colcon_core.package_identification:_identify(src/osr-rover-code/ROS/osr_control) by extensions ['ros']
[1.588s] Level 1:colcon.colcon_core.package_identification:_identify(src/osr-rover-code/ROS/osr_control) by extension 'ros'
[1.590s] DEBUG:colcon.colcon_core.package_identification:Package 'src/osr-rover-code/ROS/osr_control' with type 'ros.ament_python' and name 'osr_control'
[1.591s] Level 1:colcon.colcon_core.package_identification:_identify(src/osr-rover-code/ROS/osr_gazebo) by extensions ['ignore', 'ignore_ament_install']
[1.591s] Level 1:colcon.colcon_core.package_identification:_identify(src/osr-rover-code/ROS/osr_gazebo) by extension 'ignore'
[1.592s] Level 1:colcon.colcon_core.package_identification:_identify(src/osr-rover-code/ROS/osr_gazebo) ignored
[1.592s] Level 1:colcon.colcon_core.package_identification:_identify(src/osr-rover-code/ROS/osr_interfaces) by extensions ['ignore', 'ignore_ament_install']
[1.592s] Level 1:colcon.colcon_core.package_identification:_identify(src/osr-rover-code/ROS/osr_interfaces) by extension 'ignore'
[1.593s] Level 1:colcon.colcon_core.package_identification:_identify(src/osr-rover-code/ROS/osr_interfaces) by extension 'ignore_ament_install'
[1.593s] Level 1:colcon.colcon_core.package_identification:_identify(src/osr-rover-code/ROS/osr_interfaces) by extensions ['colcon_pkg']
[1.593s] Level 1:colcon.colcon_core.package_identification:_identify(src/osr-rover-code/ROS/osr_interfaces) by extension 'colcon_pkg'
[1.593s] Level 1:colcon.colcon_core.package_identification:_identify(src/osr-rover-code/ROS/osr_interfaces) by extensions ['colcon_meta']
[1.593s] Level 1:colcon.colcon_core.package_identification:_identify(src/osr-rover-code/ROS/osr_interfaces) by extension 'colcon_meta'
[1.594s] Level 1:colcon.colcon_core.package_identification:_identify(src/osr-rover-code/ROS/osr_interfaces) by extensions ['ros']
[1.594s] Level 1:colcon.colcon_core.package_identification:_identify(src/osr-rover-code/ROS/osr_interfaces) by extension 'ros'
[1.596s] DEBUG:colcon.colcon_core.package_identification:Package 'src/osr-rover-code/ROS/osr_interfaces' with type 'ros.ament_cmake' and name 'osr_interfaces'
[1.596s] Level 1:colcon.colcon_core.package_identification:_identify(src/osr-rover-code/config) by extensions ['ignore', 'ignore_ament_install']
[1.597s] Level 1:colcon.colcon_core.package_identification:_identify(src/osr-rover-code/config) by extension 'ignore'
[1.597s] Level 1:colcon.colcon_core.package_identification:_identify(src/osr-rover-code/config) by extension 'ignore_ament_install'
[1.597s] Level 1:colcon.colcon_core.package_identification:_identify(src/osr-rover-code/config) by extensions ['colcon_pkg']
[1.597s] Level 1:colcon.colcon_core.package_identification:_identify(src/osr-rover-code/config) by extension 'colcon_pkg'
[1.598s] Level 1:colcon.colcon_core.package_identification:_identify(src/osr-rover-code/config) by extensions ['colcon_meta']
[1.598s] Level 1:colcon.colcon_core.package_identification:_identify(src/osr-rover-code/config) by extension 'colcon_meta'
[1.598s] Level 1:colcon.colcon_core.package_identification:_identify(src/osr-rover-code/config) by extensions ['ros']
[1.598s] Level 1:colcon.colcon_core.package_identification:_identify(src/osr-rover-code/config) by extension 'ros'
[1.598s] Level 1:colcon.colcon_core.package_identification:_identify(src/osr-rover-code/config) by extensions ['cmake', 'python']
[1.598s] Level 1:colcon.colcon_core.package_identification:_identify(src/osr-rover-code/config) by extension 'cmake'
[1.599s] Level 1:colcon.colcon_core.package_identification:_identify(src/osr-rover-code/config) by extension 'python'
[1.599s] Level 1:colcon.colcon_core.package_identification:_identify(src/osr-rover-code/config) by extensions ['python_setup_py']
[1.599s] Level 1:colcon.colcon_core.package_identification:_identify(src/osr-rover-code/config) by extension 'python_setup_py'
[1.599s] Level 1:colcon.colcon_core.package_identification:_identify(src/osr-rover-code/init_scripts) by extensions ['ignore', 'ignore_ament_install']
[1.600s] Level 1:colcon.colcon_core.package_identification:_identify(src/osr-rover-code/init_scripts) by extension 'ignore'
[1.600s] Level 1:colcon.colcon_core.package_identification:_identify(src/osr-rover-code/init_scripts) by extension 'ignore_ament_install'
[1.600s] Level 1:colcon.colcon_core.package_identification:_identify(src/osr-rover-code/init_scripts) by extensions ['colcon_pkg']
[1.600s] Level 1:colcon.colcon_core.package_identification:_identify(src/osr-rover-code/init_scripts) by extension 'colcon_pkg'
[1.600s] Level 1:colcon.colcon_core.package_identification:_identify(src/osr-rover-code/init_scripts) by extensions ['colcon_meta']
[1.601s] Level 1:colcon.colcon_core.package_identification:_identify(src/osr-rover-code/init_scripts) by extension 'colcon_meta'
[1.601s] Level 1:colcon.colcon_core.package_identification:_identify(src/osr-rover-code/init_scripts) by extensions ['ros']
[1.601s] Level 1:colcon.colcon_core.package_identification:_identify(src/osr-rover-code/init_scripts) by extension 'ros'
[1.601s] Level 1:colcon.colcon_core.package_identification:_identify(src/osr-rover-code/init_scripts) by extensions ['cmake', 'python']
[1.601s] Level 1:colcon.colcon_core.package_identification:_identify(src/osr-rover-code/init_scripts) by extension 'cmake'
[1.602s] Level 1:colcon.colcon_core.package_identification:_identify(src/osr-rover-code/init_scripts) by extension 'python'
[1.602s] Level 1:colcon.colcon_core.package_identification:_identify(src/osr-rover-code/init_scripts) by extensions ['python_setup_py']
[1.602s] Level 1:colcon.colcon_core.package_identification:_identify(src/osr-rover-code/init_scripts) by extension 'python_setup_py'
[1.602s] Level 1:colcon.colcon_core.package_identification:_identify(src/osr-rover-code/scripts) by extensions ['ignore', 'ignore_ament_install']
[1.603s] Level 1:colcon.colcon_core.package_identification:_identify(src/osr-rover-code/scripts) by extension 'ignore'
[1.603s] Level 1:colcon.colcon_core.package_identification:_identify(src/osr-rover-code/scripts) by extension 'ignore_ament_install'
[1.603s] Level 1:colcon.colcon_core.package_identification:_identify(src/osr-rover-code/scripts) by extensions ['colcon_pkg']
[1.603s] Level 1:colcon.colcon_core.package_identification:_identify(src/osr-rover-code/scripts) by extension 'colcon_pkg'
[1.603s] Level 1:colcon.colcon_core.package_identification:_identify(src/osr-rover-code/scripts) by extensions ['colcon_meta']
[1.604s] Level 1:colcon.colcon_core.package_identification:_identify(src/osr-rover-code/scripts) by extension 'colcon_meta'
[1.604s] Level 1:colcon.colcon_core.package_identification:_identify(src/osr-rover-code/scripts) by extensions ['ros']
[1.604s] Level 1:colcon.colcon_core.package_identification:_identify(src/osr-rover-code/scripts) by extension 'ros'
[1.604s] Level 1:colcon.colcon_core.package_identification:_identify(src/osr-rover-code/scripts) by extensions ['cmake', 'python']
[1.604s] Level 1:colcon.colcon_core.package_identification:_identify(src/osr-rover-code/scripts) by extension 'cmake'
[1.605s] Level 1:colcon.colcon_core.package_identification:_identify(src/osr-rover-code/scripts) by extension 'python'
[1.605s] Level 1:colcon.colcon_core.package_identification:_identify(src/osr-rover-code/scripts) by extensions ['python_setup_py']
[1.605s] Level 1:colcon.colcon_core.package_identification:_identify(src/osr-rover-code/scripts) by extension 'python_setup_py'
[1.605s] Level 1:colcon.colcon_core.package_identification:_identify(src/osr-rover-code/setup) by extensions ['ignore', 'ignore_ament_install']
[1.606s] Level 1:colcon.colcon_core.package_identification:_identify(src/osr-rover-code/setup) by extension 'ignore'
[1.606s] Level 1:colcon.colcon_core.package_identification:_identify(src/osr-rover-code/setup) by extension 'ignore_ament_install'
[1.606s] Level 1:colcon.colcon_core.package_identification:_identify(src/osr-rover-code/setup) by extensions ['colcon_pkg']
[1.606s] Level 1:colcon.colcon_core.package_identification:_identify(src/osr-rover-code/setup) by extension 'colcon_pkg'
[1.606s] Level 1:colcon.colcon_core.package_identification:_identify(src/osr-rover-code/setup) by extensions ['colcon_meta']
[1.606s] Level 1:colcon.colcon_core.package_identification:_identify(src/osr-rover-code/setup) by extension 'colcon_meta'
[1.607s] Level 1:colcon.colcon_core.package_identification:_identify(src/osr-rover-code/setup) by extensions ['ros']
[1.607s] Level 1:colcon.colcon_core.package_identification:_identify(src/osr-rover-code/setup) by extension 'ros'
[1.607s] Level 1:colcon.colcon_core.package_identification:_identify(src/osr-rover-code/setup) by extensions ['cmake', 'python']
[1.607s] Level 1:colcon.colcon_core.package_identification:_identify(src/osr-rover-code/setup) by extension 'cmake'
[1.607s] Level 1:colcon.colcon_core.package_identification:_identify(src/osr-rover-code/setup) by extension 'python'
[1.608s] Level 1:colcon.colcon_core.package_identification:_identify(src/osr-rover-code/setup) by extensions ['python_setup_py']
[1.608s] Level 1:colcon.colcon_core.package_identification:_identify(src/osr-rover-code/setup) by extension 'python_setup_py'
[1.608s] Level 1:colcon.colcon_core.package_identification:_identify(src/osr-rover-code/setup/images) by extensions ['ignore', 'ignore_ament_install']
[1.609s] Level 1:colcon.colcon_core.package_identification:_identify(src/osr-rover-code/setup/images) by extension 'ignore'
[1.609s] Level 1:colcon.colcon_core.package_identification:_identify(src/osr-rover-code/setup/images) by extension 'ignore_ament_install'
[1.609s] Level 1:colcon.colcon_core.package_identification:_identify(src/osr-rover-code/setup/images) by extensions ['colcon_pkg']
[1.609s] Level 1:colcon.colcon_core.package_identification:_identify(src/osr-rover-code/setup/images) by extension 'colcon_pkg'
[1.609s] Level 1:colcon.colcon_core.package_identification:_identify(src/osr-rover-code/setup/images) by extensions ['colcon_meta']
[1.609s] Level 1:colcon.colcon_core.package_identification:_identify(src/osr-rover-code/setup/images) by extension 'colcon_meta'
[1.610s] Level 1:colcon.colcon_core.package_identification:_identify(src/osr-rover-code/setup/images) by extensions ['ros']
[1.610s] Level 1:colcon.colcon_core.package_identification:_identify(src/osr-rover-code/setup/images) by extension 'ros'
[1.610s] Level 1:colcon.colcon_core.package_identification:_identify(src/osr-rover-code/setup/images) by extensions ['cmake', 'python']
[1.610s] Level 1:colcon.colcon_core.package_identification:_identify(src/osr-rover-code/setup/images) by extension 'cmake'
[1.610s] Level 1:colcon.colcon_core.package_identification:_identify(src/osr-rover-code/setup/images) by extension 'python'
[1.611s] Level 1:colcon.colcon_core.package_identification:_identify(src/osr-rover-code/setup/images) by extensions ['python_setup_py']
[1.611s] Level 1:colcon.colcon_core.package_identification:_identify(src/osr-rover-code/setup/images) by extension 'python_setup_py'
[1.611s] Level 1:colcon.colcon_core.package_identification:_identify(venv) by extensions ['ignore', 'ignore_ament_install']
[1.611s] Level 1:colcon.colcon_core.package_identification:_identify(venv) by extension 'ignore'
[1.612s] Level 1:colcon.colcon_core.package_identification:_identify(venv) ignored
[1.612s] Level 1:colcon.colcon_core.package_discovery:discover_packages(recursive) using defaults
[1.612s] Level 1:colcon.colcon_core.package_discovery:discover_packages(ignore) discover
[1.612s] Level 1:colcon.colcon_core.package_discovery:discover_packages(ignore) using defaults
[1.612s] Level 1:colcon.colcon_core.package_discovery:discover_packages(path) discover
[1.612s] Level 1:colcon.colcon_core.package_discovery:discover_packages(path) using defaults
[1.698s] Level 1:colcon.colcon_core.package_discovery:discover_packages(prefix_path) check parameters
[1.699s] Level 1:colcon.colcon_core.package_discovery:discover_packages(prefix_path) discover
[1.718s] DEBUG:colcon.colcon_installed_package_information.package_discovery:Found 214 installed packages in /opt/ros/humble
[1.724s] Level 1:colcon.colcon_core.package_discovery:discover_packages(prefix_path) using defaults
[1.883s] Level 5:colcon.colcon_core.verb:set package 'osr_bringup' build argument 'cmake_args' from command line to 'None'
[1.883s] Level 5:colcon.colcon_core.verb:set package 'osr_bringup' build argument 'cmake_target' from command line to 'None'
[1.883s] Level 5:colcon.colcon_core.verb:set package 'osr_bringup' build argument 'cmake_target_skip_unavailable' from command line to 'False'
[1.883s] Level 5:colcon.colcon_core.verb:set package 'osr_bringup' build argument 'cmake_clean_cache' from command line to 'False'
[1.883s] Level 5:colcon.colcon_core.verb:set package 'osr_bringup' build argument 'cmake_clean_first' from command line to 'False'
[1.883s] Level 5:colcon.colcon_core.verb:set package 'osr_bringup' build argument 'cmake_force_configure' from command line to 'False'
[1.883s] Level 5:colcon.colcon_core.verb:set package 'osr_bringup' build argument 'ament_cmake_args' from command line to 'None'
[1.884s] Level 5:colcon.colcon_core.verb:set package 'osr_bringup' build argument 'catkin_cmake_args' from command line to 'None'
[1.884s] Level 5:colcon.colcon_core.verb:set package 'osr_bringup' build argument 'catkin_skip_building_tests' from command line to 'False'
[1.884s] DEBUG:colcon.colcon_core.verb:Building package 'osr_bringup' with the following arguments: {'ament_cmake_args': None, 'build_base': '/home/rover/osr_ws/build/osr_bringup', 'catkin_cmake_args': None, 'catkin_skip_building_tests': False, 'cmake_args': None, 'cmake_clean_cache': False, 'cmake_clean_first': False, 'cmake_force_configure': False, 'cmake_target': None, 'cmake_target_skip_unavailable': False, 'install_base': '/home/rover/osr_ws/install/osr_bringup', 'merge_install': False, 'path': '/home/rover/osr_ws/src/osr-rover-code/ROS/osr_bringup', 'symlink_install': True, 'test_result_base': None}
[1.885s] Level 5:colcon.colcon_core.verb:set package 'osr_interfaces' build argument 'cmake_args' from command line to 'None'
[1.885s] Level 5:colcon.colcon_core.verb:set package 'osr_interfaces' build argument 'cmake_target' from command line to 'None'
[1.885s] Level 5:colcon.colcon_core.verb:set package 'osr_interfaces' build argument 'cmake_target_skip_unavailable' from command line to 'False'
[1.886s] Level 5:colcon.colcon_core.verb:set package 'osr_interfaces' build argument 'cmake_clean_cache' from command line to 'False'
[1.886s] Level 5:colcon.colcon_core.verb:set package 'osr_interfaces' build argument 'cmake_clean_first' from command line to 'False'
[1.886s] Level 5:colcon.colcon_core.verb:set package 'osr_interfaces' build argument 'cmake_force_configure' from command line to 'False'
[1.886s] Level 5:colcon.colcon_core.verb:set package 'osr_interfaces' build argument 'ament_cmake_args' from command line to 'None'
[1.886s] Level 5:colcon.colcon_core.verb:set package 'osr_interfaces' build argument 'catkin_cmake_args' from command line to 'None'
[1.886s] Level 5:colcon.colcon_core.verb:set package 'osr_interfaces' build argument 'catkin_skip_building_tests' from command line to 'False'
[1.886s] DEBUG:colcon.colcon_core.verb:Building package 'osr_interfaces' with the following arguments: {'ament_cmake_args': None, 'build_base': '/home/rover/osr_ws/build/osr_interfaces', 'catkin_cmake_args': None, 'catkin_skip_building_tests': False, 'cmake_args': None, 'cmake_clean_cache': False, 'cmake_clean_first': False, 'cmake_force_configure': False, 'cmake_target': None, 'cmake_target_skip_unavailable': False, 'install_base': '/home/rover/osr_ws/install/osr_interfaces', 'merge_install': False, 'path': '/home/rover/osr_ws/src/osr-rover-code/ROS/osr_interfaces', 'symlink_install': True, 'test_result_base': None}
[1.887s] Level 5:colcon.colcon_core.verb:set package 'osr_control' build argument 'cmake_args' from command line to 'None'
[1.888s] Level 5:colcon.colcon_core.verb:set package 'osr_control' build argument 'cmake_target' from command line to 'None'
[1.888s] Level 5:colcon.colcon_core.verb:set package 'osr_control' build argument 'cmake_target_skip_unavailable' from command line to 'False'
[1.888s] Level 5:colcon.colcon_core.verb:set package 'osr_control' build argument 'cmake_clean_cache' from command line to 'False'
[1.888s] Level 5:colcon.colcon_core.verb:set package 'osr_control' build argument 'cmake_clean_first' from command line to 'False'
[1.888s] Level 5:colcon.colcon_core.verb:set package 'osr_control' build argument 'cmake_force_configure' from command line to 'False'
[1.888s] Level 5:colcon.colcon_core.verb:set package 'osr_control' build argument 'ament_cmake_args' from command line to 'None'
[1.888s] Level 5:colcon.colcon_core.verb:set package 'osr_control' build argument 'catkin_cmake_args' from command line to 'None'
[1.888s] Level 5:colcon.colcon_core.verb:set package 'osr_control' build argument 'catkin_skip_building_tests' from command line to 'False'
[1.888s] DEBUG:colcon.colcon_core.verb:Building package 'osr_control' with the following arguments: {'ament_cmake_args': None, 'build_base': '/home/rover/osr_ws/build/osr_control', 'catkin_cmake_args': None, 'catkin_skip_building_tests': False, 'cmake_args': None, 'cmake_clean_cache': False, 'cmake_clean_first': False, 'cmake_force_configure': False, 'cmake_target': None, 'cmake_target_skip_unavailable': False, 'install_base': '/home/rover/osr_ws/install/osr_control', 'merge_install': False, 'path': '/home/rover/osr_ws/src/osr-rover-code/ROS/osr_control', 'symlink_install': True, 'test_result_base': None}
[1.889s] INFO:colcon.colcon_core.executor:Executing jobs using 'parallel' executor
[1.892s] DEBUG:colcon.colcon_parallel_executor.executor.parallel:run_until_complete
[1.893s] INFO:colcon.colcon_ros.task.ament_cmake.build:Building ROS package in '/home/rover/osr_ws/src/osr-rover-code/ROS/osr_interfaces' with build type 'ament_cmake'
[1.893s] INFO:colcon.colcon_cmake.task.cmake.build:Building CMake package in '/home/rover/osr_ws/src/osr-rover-code/ROS/osr_interfaces'
[1.912s] INFO:colcon.colcon_core.plugin_system:Skipping extension 'colcon_core.shell.bat': Not used on non-Windows systems
[1.913s] INFO:colcon.colcon_core.shell:Skip shell extension 'powershell' for command environment: Not usable outside of PowerShell
[1.913s] DEBUG:colcon.colcon_core.shell:Skip shell extension 'dsv' for command environment
[1.930s] INFO:colcon.colcon_ros.task.ament_cmake.build:Building ROS package in '/home/rover/osr_ws/src/osr-rover-code/ROS/osr_bringup' with build type 'ament_cmake'
[1.931s] INFO:colcon.colcon_cmake.task.cmake.build:Building CMake package in '/home/rover/osr_ws/src/osr-rover-code/ROS/osr_bringup'
[1.932s] INFO:colcon.colcon_core.shell:Skip shell extension 'powershell' for command environment: Not usable outside of PowerShell
[1.933s] DEBUG:colcon.colcon_core.shell:Skip shell extension 'dsv' for command environment
[1.956s] DEBUG:colcon.colcon_core.event_handler.log_command:Invoking command in '/home/rover/osr_ws/build/osr_interfaces': CMAKE_PREFIX_PATH=/opt/ros/humble PS1=(venv) \[\e]0;\u@\h: \w\a\]${debian_chroot:+($debian_chroot)}\[\033[01;32m\]\u@\h\[\033[00m\]:\[\033[01;34m\]\w\[\033[00m\]\$ /usr/bin/cmake /home/rover/osr_ws/src/osr-rover-code/ROS/osr_interfaces -DAMENT_CMAKE_SYMLINK_INSTALL=1 -DCMAKE_INSTALL_PREFIX=/home/rover/osr_ws/install/osr_interfaces
[1.983s] DEBUG:colcon.colcon_core.event_handler.log_command:Invoking command in '/home/rover/osr_ws/build/osr_bringup': CMAKE_PREFIX_PATH=/opt/ros/humble PS1=(venv) \[\e]0;\u@\h: \w\a\]${debian_chroot:+($debian_chroot)}\[\033[01;32m\]\u@\h\[\033[00m\]:\[\033[01;34m\]\w\[\033[00m\]\$ /usr/bin/cmake /home/rover/osr_ws/src/osr-rover-code/ROS/osr_bringup -DAMENT_CMAKE_SYMLINK_INSTALL=1 -DCMAKE_INSTALL_PREFIX=/home/rover/osr_ws/install/osr_bringup
[6.359s] DEBUG:colcon.colcon_core.event_handler.log_command:Invoked command in '/home/rover/osr_ws/build/osr_bringup' returned '1': CMAKE_PREFIX_PATH=/opt/ros/humble PS1=(venv) \[\e]0;\u@\h: \w\a\]${debian_chroot:+($debian_chroot)}\[\033[01;32m\]\u@\h\[\033[00m\]:\[\033[01;34m\]\w\[\033[00m\]\$ /usr/bin/cmake /home/rover/osr_ws/src/osr-rover-code/ROS/osr_bringup -DAMENT_CMAKE_SYMLINK_INSTALL=1 -DCMAKE_INSTALL_PREFIX=/home/rover/osr_ws/install/osr_bringup
[6.399s] Level 1:colcon.colcon_core.environment:create_environment_scripts_only(osr_bringup)
[6.421s] Level 1:colcon.colcon_core.environment:checking '/home/rover/osr_ws/install/osr_bringup' for CMake module files
[6.423s] Level 1:colcon.colcon_core.environment:checking '/home/rover/osr_ws/install/osr_bringup' for CMake config files
[6.424s] Level 1:colcon.colcon_core.environment:checking '/home/rover/osr_ws/install/osr_bringup/bin'
[6.424s] Level 1:colcon.colcon_core.environment:checking '/home/rover/osr_ws/install/osr_bringup/lib/pkgconfig/osr_bringup.pc'
[6.425s] Level 1:colcon.colcon_core.environment:checking '/home/rover/osr_ws/install/osr_bringup/lib/python3.10/site-packages'
[6.426s] Level 1:colcon.colcon_core.environment:checking '/home/rover/osr_ws/install/osr_bringup/bin'
[6.427s] INFO:colcon.colcon_core.shell:Creating package script '/home/rover/osr_ws/install/osr_bringup/share/osr_bringup/package.ps1'
[6.432s] INFO:colcon.colcon_core.shell:Creating package descriptor '/home/rover/osr_ws/install/osr_bringup/share/osr_bringup/package.dsv'
[6.435s] INFO:colcon.colcon_core.shell:Creating package script '/home/rover/osr_ws/install/osr_bringup/share/osr_bringup/package.sh'
[6.439s] INFO:colcon.colcon_core.shell:Creating package script '/home/rover/osr_ws/install/osr_bringup/share/osr_bringup/package.bash'
[6.443s] INFO:colcon.colcon_core.shell:Creating package script '/home/rover/osr_ws/install/osr_bringup/share/osr_bringup/package.zsh'
[6.448s] Level 1:colcon.colcon_core.environment:create_file_with_runtime_dependencies(/home/rover/osr_ws/install/osr_bringup/share/colcon-core/packages/osr_bringup)
[7.341s] DEBUG:colcon.colcon_parallel_executor.executor.parallel:closing loop
[7.343s] DEBUG:colcon.colcon_parallel_executor.executor.parallel:loop closed
[7.343s] DEBUG:colcon.colcon_parallel_executor.executor.parallel:run_until_complete finished with '1'
[7.343s] DEBUG:colcon.colcon_core.event_reactor:joining thread
[7.368s] INFO:colcon.colcon_core.plugin_system:Skipping extension 'colcon_notification.desktop_notification.notify_send': Could not find 'notify-send'
[7.368s] INFO:colcon.colcon_core.plugin_system:Skipping extension 'colcon_notification.desktop_notification.terminal_notifier': Not used on non-Darwin systems
[7.368s] INFO:colcon.colcon_core.plugin_system:Skipping extension 'colcon_notification.desktop_notification.win32': Not used on non-Windows systems
[7.369s] INFO:colcon.colcon_notification.desktop_notification:Sending desktop notification using 'notify2'
[7.398s] DEBUG:colcon.colcon_notification.desktop_notification.notify2:Failed to initialize notify2: org.freedesktop.DBus.Error.ServiceUnknown: The name org.freedesktop.Notifications was not provided by any .service files
[7.398s] DEBUG:colcon.colcon_core.event_reactor:joined thread
[7.399s] INFO:colcon.colcon_core.shell:Creating prefix script '/home/rover/osr_ws/install/local_setup.ps1'
[7.405s] INFO:colcon.colcon_core.shell:Creating prefix util module '/home/rover/osr_ws/install/_local_setup_util_ps1.py'
[7.413s] INFO:colcon.colcon_core.shell:Creating prefix chain script '/home/rover/osr_ws/install/setup.ps1'
[7.419s] INFO:colcon.colcon_core.shell:Creating prefix script '/home/rover/osr_ws/install/local_setup.sh'
[7.422s] INFO:colcon.colcon_core.shell:Creating prefix util module '/home/rover/osr_ws/install/_local_setup_util_sh.py'
[7.425s] INFO:colcon.colcon_core.shell:Creating prefix chain script '/home/rover/osr_ws/install/setup.sh'
[7.429s] INFO:colcon.colcon_core.shell:Creating prefix script '/home/rover/osr_ws/install/local_setup.bash'
[7.432s] INFO:colcon.colcon_core.shell:Creating prefix chain script '/home/rover/osr_ws/install/setup.bash'
[7.436s] INFO:colcon.colcon_core.shell:Creating prefix script '/home/rover/osr_ws/install/local_setup.zsh'
[7.439s] INFO:colcon.colcon_core.shell:Creating prefix chain script '/home/rover/osr_ws/install/setup.zsh'
