[0.055s] Invoking command in '/home/rover/osr_ws/build/osr_interfaces': CMAKE_PREFIX_PATH=/opt/ros/humble PS1=(venv) \[\e]0;\u@\h: \w\a\]${debian_chroot:+($debian_chroot)}\[\033[01;32m\]\u@\h\[\033[00m\]:\[\033[01;34m\]\w\[\033[00m\]\$ /usr/bin/cmake /home/rover/osr_ws/src/osr-rover-code/ROS/osr_interfaces -DAMENT_CMAKE_SYMLINK_INSTALL=1 -DCMAKE_INSTALL_PREFIX=/home/rover/osr_ws/install/osr_interfaces
[0.102s] -- Found rosidl_default_generators: 1.2.0 (/opt/ros/humble/share/rosidl_default_generators/cmake)
[0.103s] -- Found ament_cmake_core: 1.3.11 (/opt/ros/humble/share/ament_cmake_core/cmake)
[0.723s] -- Override CMake install command with custom implementation using symlinks instead of copying resources
[0.737s] -- Using all available rosidl_typesupport_c: rosidl_typesupport_fastrtps_c;rosidl_typesupport_introspection_c
[0.750s] -- Found rosidl_adapter: 3.1.6 (/opt/ros/humble/share/rosidl_adapter/cmake)
[0.953s] -- Using all available rosidl_typesupport_cpp: rosidl_typesupport_fastrtps_cpp;rosidl_typesupport_introspection_cpp
[1.608s] [31mCMake Error at /opt/ros/humble/share/rosidl_adapter/cmake/rosidl_adapt_interfaces.cmake:59 (message):
[1.610s]   execute_process(/home/rover/osr_ws/venv/bin/python3 -m rosidl_adapter
[1.611s]   --package-name osr_interfaces --arguments-file
[1.614s]   /home/rover/osr_ws/build/osr_interfaces/rosidl_adapter__arguments__osr_interfaces.json
[1.615s]   --output-dir
[1.616s]   /home/rover/osr_ws/build/osr_interfaces/rosidl_adapter/osr_interfaces
[1.618s]   --output-file
[1.619s]   /home/rover/osr_ws/build/osr_interfaces/rosidl_adapter/osr_interfaces.idls)
[1.621s]   returned error code 1:
[1.622s] 
[1.624s]   Traceback (most recent call last):
[1.624s] 
[1.625s]     File "/usr/lib/python3.10/runpy.py", line 196, in _run_module_as_main
[1.625s]       return _run_code(code, main_globals, None,
[1.626s]     File "/usr/lib/python3.10/runpy.py", line 86, in _run_code
[1.626s]       exec(code, run_globals)
[1.627s]     File "/opt/ros/humble/local/lib/python3.10/dist-packages/rosidl_adapter/__main__.py", line 19, in <module>
[1.628s]       sys.exit(main())
[1.628s]     File "/opt/ros/humble/local/lib/python3.10/dist-packages/rosidl_adapter/main.py", line 53, in main
[1.629s]       abs_idl_file = convert_to_idl(
[1.629s]     File "/opt/ros/humble/local/lib/python3.10/dist-packages/rosidl_adapter/__init__.py", line 18, in convert_to_idl
[1.630s]       from rosidl_adapter.msg import convert_msg_to_idl
[1.630s]     File "/opt/ros/humble/local/lib/python3.10/dist-packages/rosidl_adapter/msg/__init__.py", line 16, in <module>
[1.630s]       from rosidl_adapter.resource import expand_template
[1.631s]     File "/opt/ros/humble/local/lib/python3.10/dist-packages/rosidl_adapter/resource/__init__.py", line 19, in <module>
[1.631s]       import em
[1.631s] 
[1.632s]   ModuleNotFoundError: No module named 'em'
[1.632s] 
[1.632s] Call Stack (most recent call first):
[1.633s]   /opt/ros/humble/share/rosidl_cmake/cmake/rosidl_generate_interfaces.cmake:130 (rosidl_adapt_interfaces)
[1.633s]   CMakeLists.txt:20 (rosidl_generate_interfaces)
[1.633s] 
[1.634s] [0m
[1.634s] -- Configuring incomplete, errors occurred!
[1.634s] See also "/home/rover/osr_ws/build/osr_interfaces/CMakeFiles/CMakeOutput.log".
[1.658s] Invoked command in '/home/rover/osr_ws/build/osr_interfaces' returned '1': CMAKE_PREFIX_PATH=/opt/ros/humble PS1=(venv) \[\e]0;\u@\h: \w\a\]${debian_chroot:+($debian_chroot)}\[\033[01;32m\]\u@\h\[\033[00m\]:\[\033[01;34m\]\w\[\033[00m\]\$ /usr/bin/cmake /home/rover/osr_ws/src/osr-rover-code/ROS/osr_interfaces -DAMENT_CMAKE_SYMLINK_INSTALL=1 -DCMAKE_INSTALL_PREFIX=/home/rover/osr_ws/install/osr_interfaces
